
> coindaily-backend@1.0.0 build
> node --max-old-space-size=4096 ./node_modules/typescript/bin/tsc

src/api/user-feedback.ts(130,67): error TS2345: Argument of type 'string | undefined' is not assignable to parameter of type 'string'.
  Type 'undefined' is not assignable to type 'string'.
src/graphql/resolvers/moderation.ts(40,14): error TS4023: Exported variable 'moderationResolvers' has or is using name 'PenaltyResult' from external module "C:/Users/onech/Desktop/news-platform/backend/src/services/aiModerationService" but cannot be named.
src/graphql/resolvers/moderation.ts(40,14): error TS4023: Exported variable 'moderationResolvers' has or is using name 'UserReputationData' from external module "C:/Users/onech/Desktop/news-platform/backend/src/services/aiModerationService" but cannot be named.
src/graphql/resolvers/moderation.ts(82,54): error TS2341: Property 'getUserReputation' is private and only accessible within class 'AIModerationService'.
src/graphql/resolvers/moderation.ts(97,59): error TS2345: Argument of type 'string' is not assignable to parameter of type 'ViolationDetail[]'.
src/graphql/resolvers/moderation.ts(104,38): error TS2339: Property 'riskLevel' does not exist on type 'UserReputationData'.
src/graphql/resolvers/moderation.ts(122,15): error TS2353: Object literal may only specify known properties, and 'reportedByUser' does not exist in type 'FalsePositiveInclude<DefaultArgs>'.
src/graphql/resolvers/moderation.ts(154,27): error TS2339: Property 'getDailyTrends' does not exist on type 'AIModerationService'.
src/graphql/resolvers/moderation.ts(159,48): error TS7006: Parameter 'item' implicitly has an 'any' type.
src/graphql/resolvers/moderation.ts(163,56): error TS7006: Parameter 'item' implicitly has an 'any' type.
src/graphql/resolvers/moderation.ts(169,43): error TS2339: Property 'getWeeklyTrends' does not exist on type 'AIModerationService'.
src/graphql/resolvers/moderation.ts(170,44): error TS2339: Property 'getMonthlyTrends' does not exist on type 'AIModerationService'.
src/graphql/resolvers/moderation.ts(179,9): error TS2322: Type '{ user: true; violation: true; }' is not assignable to type 'never'.
src/graphql/resolvers/moderation.ts(196,38): error TS2339: Property 'getUserViolations' does not exist on type 'AIModerationService'.
src/graphql/resolvers/moderation.ts(209,11): error TS2353: Object literal may only specify known properties, and 'violation' does not exist in type 'UserPenaltyInclude<DefaultArgs>'.
src/graphql/resolvers/moderation.ts(218,38): error TS2341: Property 'getUserReputation' is private and only accessible within class 'AIModerationService'.
src/graphql/resolvers/moderation.ts(289,40): error TS2339: Property 'getDailyTrends' does not exist on type 'AIModerationService'.
src/graphql/resolvers/moderation.ts(290,41): error TS2339: Property 'getWeeklyTrends' does not exist on type 'AIModerationService'.
src/graphql/resolvers/moderation.ts(291,42): error TS2339: Property 'getMonthlyTrends' does not exist on type 'AIModerationService'.
src/graphql/resolvers/moderation.ts(323,91): error TS2554: Expected 2 arguments, but got 3.
src/graphql/resolvers/moderation.ts(338,9): error TS2554: Expected 3 arguments, but got 4.
src/graphql/resolvers/moderation.ts(347,38): error TS2339: Property 'appealViolation' does not exist on type 'AIModerationService'.
src/graphql/resolvers/moderation.ts(354,76): error TS2554: Expected 2 arguments, but got 3.
src/graphql/resolvers/moderation.ts(368,38): error TS2339: Property 'revokePenalty' does not exist on type 'AIModerationService'.
src/graphql/resolvers/moderation.ts(374,38): error TS2339: Property 'adjustPenalty' does not exist on type 'AIModerationService'.
src/graphql/resolvers/moderation.ts(381,46): error TS2339: Property 'banUser' does not exist on type 'AIModerationService'.
src/graphql/resolvers/moderation.ts(395,38): error TS2339: Property 'unbanUser' does not exist on type 'AIModerationService'.
src/graphql/resolvers/moderation.ts(401,46): error TS2339: Property 'updateUserReputation' does not exist on type 'AIModerationService'.
src/graphql/resolvers/moderation.ts(435,87): error TS2554: Expected 2 arguments, but got 3.
src/graphql/resolvers/moderation.ts(438,103): error TS2554: Expected 3 arguments, but got 4.
src/graphql/resolvers/moderation.ts(459,11): error TS2353: Object literal may only specify known properties, and 'isRead' does not exist in type '(Without<ModerationAlertUpdateInput, ModerationAlertUncheckedUpdateInput> & ModerationAlertUncheckedUpdateInput) | (Without<...> & ModerationAlertUpdateInput)'.
src/graphql/resolvers/moderation.ts(473,18): error TS2353: Object literal may only specify known properties, and 'isRead' does not exist in type 'ModerationAlertWhereInput'.
src/graphql/resolvers/moderation.ts(475,11): error TS2353: Object literal may only specify known properties, and 'isRead' does not exist in type '(Without<ModerationAlertUpdateManyMutationInput, ModerationAlertUncheckedUpdateManyInput> & ModerationAlertUncheckedUpdateManyInput) | (Without<...> & ModerationAlertUpdateManyMutationInput)'.
src/graphql/resolvers/moderation.ts(614,18): error TS2353: Object literal may only specify known properties, and 'violationId' does not exist in type 'UserPenaltyWhereInput'.
src/graphql/resolvers/moderation.ts(620,18): error TS2353: Object literal may only specify known properties, and 'violationId' does not exist in type 'FalsePositiveWhereInput'.
src/graphql/resolvers/moderation.ts(621,20): error TS2353: Object literal may only specify known properties, and 'reportedByUser' does not exist in type 'FalsePositiveInclude<DefaultArgs>'.
src/integrations/aiModerationIntegration.ts(41,33): error TS2339: Property 'startBackgroundMonitoring' does not exist on type 'AIModerationService'.
src/integrations/aiModerationIntegration.ts(55,33): error TS2339: Property 'stopBackgroundMonitoring' does not exist on type 'AIModerationService'.
src/integrations/aiModerationIntegration.ts(115,20): error TS2353: Object literal may only specify known properties, and 'processedAt' does not exist in type 'ModerationQueueOrderByWithRelationInput | ModerationQueueOrderByWithRelationInput[]'.
src/integrations/aiModerationIntegration.ts(116,19): error TS2353: Object literal may only specify known properties, and 'processedAt' does not exist in type 'ModerationQueueSelect<DefaultArgs>'.
src/integrations/aiModerationIntegration.ts(134,41): error TS2339: Property 'processedAt' does not exist on type '{ status: string; priority: number; id: string; createdAt: Date; updatedAt: Date; content: string; authorId: string; reviewedAt: Date | null; reviewedBy: string | null; contentType: string; ... 7 more ...; aiConfidence: number | null; }'.
src/integrations/aiModerationIntegration.ts(193,16): error TS2339: Property 'userViolation' does not exist on type 'PrismaClient<PrismaClientOptions, never, DefaultArgs>'.
src/integrations/aiModerationIntegration.ts(194,16): error TS2339: Property 'userViolation' does not exist on type 'PrismaClient<PrismaClientOptions, never, DefaultArgs>'.
src/integrations/aiModerationIntegration.ts(195,16): error TS2339: Property 'userViolation' does not exist on type 'PrismaClient<PrismaClientOptions, never, DefaultArgs>'.
src/integrations/aiModerationIntegration.ts(214,11): error TS2353: Object literal may only specify known properties, and 'processedAt' does not exist in type 'ModerationQueueWhereInput'.
src/integrations/aiModerationIntegration.ts(277,46): error TS2339: Property 'tier' does not exist on type '{ status: string; id: string; createdAt: Date; updatedAt: Date; userId: string; planId: string; currentPeriodStart: Date; currentPeriodEnd: Date; trialEnd: Date | null; cancelAtPeriodEnd: boolean; cancelledAt: Date | null; stripeSubscriptionId: string | null; }'.
src/integrations/aiModerationIntegration.ts(283,54): error TS2345: Argument of type '{ id: string; text: string; type: "article" | "comment" | "post"; authorId: string; authorRole: any; subscriptionTier: any; accountAge: number; createdAt: Date; }' is not assignable to parameter of type 'ModerationRequest'.
  Type '{ id: string; text: string; type: "article" | "comment" | "post"; authorId: string; authorRole: any; subscriptionTier: any; accountAge: number; createdAt: Date; }' is missing the following properties from type 'ModerationRequest': userId, contentType, contentId, content
src/integrations/aiModerationIntegration.ts(312,73): error TS2345: Argument of type 'string | undefined' is not assignable to parameter of type 'string'.
  Type 'undefined' is not assignable to type 'string'.
src/integrations/aiModerationIntegration.ts(346,16): error TS2339: Property 'userViolation' does not exist on type 'PrismaClient<PrismaClientOptions, never, DefaultArgs>'.
src/integrations/aiModerationIntegration.ts(360,16): error TS2339: Property 'adminAlert' does not exist on type 'PrismaClient<PrismaClientOptions, never, DefaultArgs>'.
src/moderation/index.ts(221,3): error TS4053: Return type of public method from exported class has or is using name 'PenaltyResult' from external module "C:/Users/onech/Desktop/news-platform/backend/src/services/aiModerationService" but cannot be named.
src/moderation/index.ts(221,3): error TS4053: Return type of public method from exported class has or is using name 'UserReputationData' from external module "C:/Users/onech/Desktop/news-platform/backend/src/services/aiModerationService" but cannot be named.
src/moderation/index.ts(307,57): error TS2345: Argument of type '{ content: string; contentType: string; contentId: string; userId: string; context?: string | undefined; }' is not assignable to parameter of type 'ModerationRequest'.
  Types of property 'contentType' are incompatible.
    Type 'string' is not assignable to type '"article" | "message" | "comment" | "post"'.
src/moderation/index.ts(372,11): error TS2322: Type 'number | null' is not assignable to type 'number | undefined'.
  Type 'null' is not assignable to type 'number | undefined'.
src/moderation/index.ts(393,11): error TS2353: Object literal may only specify known properties, and 'none' does not exist in type '(Without<UserReputationNullableScalarRelationFilter, UserReputationWhereInput> & UserReputationWhereInput) | (Without<...> & UserReputationNullableScalarRelationFilter)'.
src/moderation/index.ts(403,34): error TS2339: Property 'initializeUserReputation' does not exist on type 'AIModerationService'.
src/services/distributionService.ts(627,94): error TS2339: Property '_all' does not exist on type 'never'.
src/services/distributionService.ts(629,110): error TS2339: Property '_all' does not exist on type 'never'.
src/services/imageOptimizationService.ts(138,9): error TS2322: Type 'Buffer<ArrayBufferLike>' is not assignable to type 'NonSharedBuffer'.
  Type 'ArrayBufferLike' is not assignable to type 'ArrayBuffer'.
    Type 'SharedArrayBuffer' is not assignable to type 'ArrayBuffer'.
      Types of property '[Symbol.toStringTag]' are incompatible.
        Type '"SharedArrayBuffer"' is not assignable to type '"ArrayBuffer"'.
src/services/localSeoService.ts(282,5): error TS2322: Type 'Partial<{ gmbId: string; keyword: string; keywordType: "PRODUCT" | "SERVICE" | "CITY" | "REGION" | "BRANDED"; targetCity: string; targetRegion: string | undefined; targetCountry: string; searchVolume: number; difficulty: number; competition: "LOW" | ... 1 more ... | "MEDIUM"; optimizationScore: number; }>' is not assignable to type '(Without<LocalKeywordCreateInput, LocalKeywordUncheckedCreateInput> & LocalKeywordUncheckedCreateInput) | (Without<...> & LocalKeywordCreateInput)'.
  Type 'Partial<{ gmbId: string; keyword: string; keywordType: "PRODUCT" | "SERVICE" | "CITY" | "REGION" | "BRANDED"; targetCity: string; targetRegion: string | undefined; targetCountry: string; searchVolume: number; difficulty: number; competition: "LOW" | ... 1 more ... | "MEDIUM"; optimizationScore: number; }>' is not assignable to type 'Without<LocalKeywordUncheckedCreateInput, LocalKeywordCreateInput> & LocalKeywordCreateInput'.
    Type 'Partial<{ gmbId: string; keyword: string; keywordType: "PRODUCT" | "SERVICE" | "CITY" | "REGION" | "BRANDED"; targetCity: string; targetRegion: string | undefined; targetCountry: string; searchVolume: number; difficulty: number; competition: "LOW" | ... 1 more ... | "MEDIUM"; optimizationScore: number; }>' is not assignable to type 'Without<LocalKeywordUncheckedCreateInput, LocalKeywordCreateInput>'.
      Types of property 'gmbId' are incompatible.
        Type 'string | undefined' is not assignable to type 'undefined'.
          Type 'string' is not assignable to type 'undefined'.
src/services/localSeoService.ts(389,5): error TS2322: Type 'Partial<{ gmbId: string; directoryName: string; directoryUrl: string; directoryType: "SOCIAL" | "LOCAL" | "NATIONAL" | "INDUSTRY"; businessName: string; businessAddress: string | undefined; ... 5 more ...; citationStatus: string; }>' is not assignable to type '(Without<LocalCitationCreateInput, LocalCitationUncheckedCreateInput> & LocalCitationUncheckedCreateInput) | (Without<...> & LocalCitationCreateInput)'.
  Type 'Partial<{ gmbId: string; directoryName: string; directoryUrl: string; directoryType: "SOCIAL" | "LOCAL" | "NATIONAL" | "INDUSTRY"; businessName: string; businessAddress: string | undefined; ... 5 more ...; citationStatus: string; }>' is not assignable to type 'Without<LocalCitationUncheckedCreateInput, LocalCitationCreateInput> & LocalCitationCreateInput'.
    Type 'Partial<{ gmbId: string; directoryName: string; directoryUrl: string; directoryType: "SOCIAL" | "LOCAL" | "NATIONAL" | "INDUSTRY"; businessName: string; businessAddress: string | undefined; ... 5 more ...; citationStatus: string; }>' is not assignable to type 'Without<LocalCitationUncheckedCreateInput, LocalCitationCreateInput>'.
      Types of property 'gmbId' are incompatible.
        Type 'string | undefined' is not assignable to type 'undefined'.
          Type 'string' is not assignable to type 'undefined'.
src/services/localSeoService.ts(586,5): error TS2322: Type 'Partial<{ articleId: string | undefined; title: string; slug: string; targetCity: string; targetRegion: string | undefined; targetCountry: string; contentType: "ARTICLE" | "DIRECTORY" | "GUIDE" | "NEWS" | "EVENT"; ... 4 more ...; publishedAt: Date; }>' is not assignable to type '(Without<LocalContentCreateInput, LocalContentUncheckedCreateInput> & LocalContentUncheckedCreateInput) | (Without<...> & LocalContentCreateInput)'.
  Type 'Partial<{ articleId: string | undefined; title: string; slug: string; targetCity: string; targetRegion: string | undefined; targetCountry: string; contentType: "ARTICLE" | "DIRECTORY" | "GUIDE" | "NEWS" | "EVENT"; ... 4 more ...; publishedAt: Date; }>' is not assignable to type 'Without<LocalContentUncheckedCreateInput, LocalContentCreateInput> & LocalContentCreateInput'.
    Type 'Partial<{ articleId: string | undefined; title: string; slug: string; targetCity: string; targetRegion: string | undefined; targetCountry: string; contentType: "ARTICLE" | "DIRECTORY" | "GUIDE" | "NEWS" | "EVENT"; ... 4 more ...; publishedAt: Date; }>' is not assignable to type 'LocalContentCreateInput'.
      Types of property 'title' are incompatible.
        Type 'string | undefined' is not assignable to type 'string'.
          Type 'undefined' is not assignable to type 'string'.
src/services/predictiveSeoService.ts(498,7): error TS2322: Type '{ competitorId: string; domain: string; contentStrategy: string; keywordStrategy: string; backlinkStrategy: string; technicalStrategy: string; strengths: string; weaknesses: string; opportunities: string; ... 5 more ...; estimatedImpact: number; }' is not assignable to type '(Without<CompetitorIntelligenceCreateInput, CompetitorIntelligenceUncheckedCreateInput> & CompetitorIntelligenceUncheckedCreateInput) | (Without<...> & CompetitorIntelligenceCreateInput)'.
  Type '{ competitorId: string; domain: string; contentStrategy: string; keywordStrategy: string; backlinkStrategy: string; technicalStrategy: string; strengths: string; weaknesses: string; opportunities: string; ... 5 more ...; estimatedImpact: number; }' is not assignable to type 'Without<CompetitorIntelligenceUncheckedCreateInput, CompetitorIntelligenceCreateInput> & CompetitorIntelligenceCreateInput'.
    Type '{ competitorId: string; domain: string; contentStrategy: string; keywordStrategy: string; backlinkStrategy: string; technicalStrategy: string; strengths: string; weaknesses: string; opportunities: string; ... 5 more ...; estimatedImpact: number; }' is missing the following properties from type 'CompetitorIntelligenceCreateInput': topKeywords, priorityActions
src/services/predictiveSeoService.ts(679,7): error TS2322: Type '{ id: string; keywordId: string; keyword: string; forecast30Days: string; forecast60Days: string; forecast90Days: string; trendDirection: string; trendStrength: number; volatility: number; currentVolume: any; ... 11 more ...; confidence: number; }' is not assignable to type '(Without<SearchForecastCreateInput, SearchForecastUncheckedCreateInput> & SearchForecastUncheckedCreateInput) | (Without<...> & SearchForecastCreateInput)'.
  Type '{ id: string; keywordId: string; keyword: string; forecast30Days: string; forecast60Days: string; forecast90Days: string; trendDirection: string; trendStrength: number; volatility: number; currentVolume: any; ... 11 more ...; confidence: number; }' is not assignable to type 'Without<SearchForecastUncheckedCreateInput, SearchForecastCreateInput> & SearchForecastCreateInput'.
    Type '{ id: string; keywordId: string; keyword: string; forecast30Days: string; forecast60Days: string; forecast90Days: string; trendDirection: string; trendStrength: number; volatility: number; currentVolume: any; ... 11 more ...; confidence: number; }' is missing the following properties from type 'SearchForecastCreateInput': seasonality, factors, opportunities, risks
src/services/predictiveSeoService.ts(884,7): error TS2322: Type '{ contentId: string; url: string; keyword: string; currentRanking: number; currentScore: number; currentTraffic: number; predicted7Days: string; predicted14Days: string; predicted30Days: string; ... 9 more ...; confidence: number; }' is not assignable to type '(Without<RankingPredictionCreateInput, RankingPredictionUncheckedCreateInput> & RankingPredictionUncheckedCreateInput) | (Without<...> & RankingPredictionCreateInput)'.
  Type '{ contentId: string; url: string; keyword: string; currentRanking: number; currentScore: number; currentTraffic: number; predicted7Days: string; predicted14Days: string; predicted30Days: string; ... 9 more ...; confidence: number; }' is not assignable to type 'Without<RankingPredictionUncheckedCreateInput, RankingPredictionCreateInput> & RankingPredictionCreateInput'.
    Type '{ contentId: string; url: string; keyword: string; currentRanking: number; currentScore: number; currentTraffic: number; predicted7Days: string; predicted14Days: string; predicted30Days: string; ... 9 more ...; confidence: number; }' is missing the following properties from type 'RankingPredictionCreateInput': featureImportance, requiredResources
src/services/seoDashboardService.ts(174,11): error TS2722: Cannot invoke an object which is possibly 'undefined'.
src/services/seoDashboardService.ts(417,11): error TS2722: Cannot invoke an object which is possibly 'undefined'.
src/services/seoDashboardService.ts(605,11): error TS2722: Cannot invoke an object which is possibly 'undefined'.
src/services/userFeedbackService.ts(298,11): error TS2353: Object literal may only specify known properties, and 'relatedId' does not exist in type 'Without<UserFeedbackCreateInput, UserFeedbackUncheckedCreateInput> & UserFeedbackUncheckedCreateInput'.
src/services/userFeedbackService.ts(459,11): error TS2353: Object literal may only specify known properties, and 'relatedId' does not exist in type 'Without<UserFeedbackCreateInput, UserFeedbackUncheckedCreateInput> & UserFeedbackUncheckedCreateInput'.
src/tests/aiAgentCrud.integration.test.ts(8,8): error TS1192: Module '"C:/Users/onech/Desktop/news-platform/backend/src/index"' has no default export.
tests/api/auth-resolvers.test.ts(112,56): error TS2345: Argument of type '{ success: boolean; user: { id: string; email: string; username: string; firstName: string; lastName: string; }; tokens: { accessToken: string; refreshToken: string; }; }' is not assignable to parameter of type '{ user: AuthenticatedUser; tokens: TokenPair; } | Promise<{ user: AuthenticatedUser; tokens: TokenPair; }>'.
  Type '{ success: boolean; user: { id: string; email: string; username: string; firstName: string; lastName: string; }; tokens: { accessToken: string; refreshToken: string; }; }' is not assignable to type '{ user: AuthenticatedUser; tokens: TokenPair; }'.
    Types of property 'user' are incompatible.
      Type '{ id: string; email: string; username: string; firstName: string; lastName: string; }' is missing the following properties from type 'AuthenticatedUser': role, subscriptionTier, emailVerified, status
tests/api/auth-resolvers.test.ts(144,56): error TS2345: Argument of type '{ success: boolean; error: { code: string; message: string; }; }' is not assignable to parameter of type '{ user: AuthenticatedUser; tokens: TokenPair; } | Promise<{ user: AuthenticatedUser; tokens: TokenPair; }>'.
tests/api/auth-resolvers.test.ts(183,53): error TS2345: Argument of type '{ success: boolean; user: { id: string; email: string; username: string; }; tokens: { accessToken: string; refreshToken: string; }; session: { id: string; expiresAt: Date; }; }' is not assignable to parameter of type '{ user: AuthenticatedUser; tokens: TokenPair; } | Promise<{ user: AuthenticatedUser; tokens: TokenPair; }>'.
  Type '{ success: boolean; user: { id: string; email: string; username: string; }; tokens: { accessToken: string; refreshToken: string; }; session: { id: string; expiresAt: Date; }; }' is not assignable to type '{ user: AuthenticatedUser; tokens: TokenPair; }'.
    Types of property 'user' are incompatible.
      Type '{ id: string; email: string; username: string; }' is missing the following properties from type 'AuthenticatedUser': role, subscriptionTier, emailVerified, status
tests/api/auth-resolvers.test.ts(216,53): error TS2345: Argument of type '{ success: boolean; error: { code: string; message: string; }; }' is not assignable to parameter of type '{ user: AuthenticatedUser; tokens: TokenPair; } | Promise<{ user: AuthenticatedUser; tokens: TokenPair; }>'.
tests/api/auth-resolvers.test.ts(231,54): error TS2345: Argument of type '{ success: boolean; message: string; }' is not assignable to parameter of type 'void | Promise<void>'.
tests/api/auth-resolvers.test.ts(271,60): error TS2345: Argument of type '{ success: boolean; user: any; tokens: { accessToken: string; refreshToken: string; }; }' is not assignable to parameter of type 'TokenPair | Promise<TokenPair>'.
tests/api/auth-resolvers.test.ts(276,11): error TS2554: Expected 2 arguments, but got 3.
tests/api/auth-resolvers.test.ts(298,60): error TS2345: Argument of type '{ success: boolean; error: { code: string; message: string; }; }' is not assignable to parameter of type 'TokenPair | Promise<TokenPair>'.
tests/api/auth-resolvers.test.ts(304,13): error TS2554: Expected 2 arguments, but got 3.
tests/api/auth-resolvers.test.ts(346,68): error TS2345: Argument of type '{ success: boolean; error: { code: string; message: string; }; }' is not assignable to parameter of type '{ success: boolean; message: string; } | Promise<{ success: boolean; message: string; }>'.
  Property 'message' is missing in type '{ success: boolean; error: { code: string; message: string; }; }' but required in type '{ success: boolean; message: string; }'.
tests/api/auth-resolvers.test.ts(370,11): error TS2554: Expected 2 arguments, but got 3.
tests/api/auth-resolvers.test.ts(395,61): error TS2345: Argument of type '{ success: boolean; error: { code: string; message: string; }; }' is not assignable to parameter of type '{ success: boolean; message: string; } | Promise<{ success: boolean; message: string; }>'.
  Property 'message' is missing in type '{ success: boolean; error: { code: string; message: string; }; }' but required in type '{ success: boolean; message: string; }'.
tests/api/auth-resolvers.test.ts(401,13): error TS2554: Expected 2 arguments, but got 3.
tests/api/auth-resolvers.test.ts(414,62): error TS2345: Argument of type '{ success: boolean; message: string; }' is not assignable to parameter of type 'void | Promise<void>'.
tests/api/auth-resolvers.test.ts(455,62): error TS2345: Argument of type '{ success: boolean; error: { code: string; message: string; }; }' is not assignable to parameter of type 'void | Promise<void>'.
tests/api/auth-resolvers.test.ts(478,65): error TS2345: Argument of type '{ success: boolean; user: { id: string; email: string; username: string; }; }' is not assignable to parameter of type 'AuthenticatedUser | Promise<AuthenticatedUser>'.
tests/api/auth-resolvers.test.ts(483,11): error TS2554: Expected 2 arguments, but got 3.
tests/api/auth-resolvers.test.ts(504,65): error TS2345: Argument of type '{ success: boolean; error: { code: string; message: string; }; }' is not assignable to parameter of type 'AuthenticatedUser | Promise<AuthenticatedUser>'.
tests/api/auth-resolvers.test.ts(510,13): error TS2554: Expected 2 arguments, but got 3.
tests/api/graphql-resolvers.test.ts(84,60): error TS2739: Type '{ prisma: any; redis: any; cache: any; authService: any; user: any; requestStartTime: number; operationName: string; }' is missing the following properties from type 'GraphQLContext': translationService, translationAgent, dbOptimizer, cacheStrategy, logger
tests/api/graphql-resolvers.test.ts(178,47): error TS2339: Property 'health' does not exist on type 'IUnionTypeResolver | IScalarTypeResolver | IEnumTypeResolver | IInputObjectTypeResolver | ISchemaLevelResolver<...> | IObjectTypeResolver<...> | IInterfaceTypeResolver<...>'.
  Property 'health' does not exist on type 'IUnionTypeResolver'.
tests/api/graphql-resolvers.test.ts(197,47): error TS2339: Property 'user' does not exist on type 'IUnionTypeResolver | IScalarTypeResolver | IEnumTypeResolver | IInputObjectTypeResolver | ISchemaLevelResolver<...> | IObjectTypeResolver<...> | IInterfaceTypeResolver<...>'.
  Property 'user' does not exist on type 'IUnionTypeResolver'.
tests/api/graphql-resolvers.test.ts(228,47): error TS2339: Property 'users' does not exist on type 'IUnionTypeResolver | IScalarTypeResolver | IEnumTypeResolver | IInputObjectTypeResolver | ISchemaLevelResolver<...> | IObjectTypeResolver<...> | IInterfaceTypeResolver<...>'.
  Property 'users' does not exist on type 'IUnionTypeResolver'.
tests/api/graphql-resolvers.test.ts(275,47): error TS2339: Property 'article' does not exist on type 'IUnionTypeResolver | IScalarTypeResolver | IEnumTypeResolver | IInputObjectTypeResolver | ISchemaLevelResolver<...> | IObjectTypeResolver<...> | IInterfaceTypeResolver<...>'.
  Property 'article' does not exist on type 'IUnionTypeResolver'.
tests/api/graphql-resolvers.test.ts(299,47): error TS2339: Property 'featuredArticles' does not exist on type 'IUnionTypeResolver | IScalarTypeResolver | IEnumTypeResolver | IInputObjectTypeResolver | ISchemaLevelResolver<...> | IObjectTypeResolver<...> | IInterfaceTypeResolver<...>'.
  Property 'featuredArticles' does not exist on type 'IUnionTypeResolver'.
tests/api/graphql-resolvers.test.ts(341,47): error TS2339: Property 'trendingArticles' does not exist on type 'IUnionTypeResolver | IScalarTypeResolver | IEnumTypeResolver | IInputObjectTypeResolver | ISchemaLevelResolver<...> | IObjectTypeResolver<...> | IInterfaceTypeResolver<...>'.
  Property 'trendingArticles' does not exist on type 'IUnionTypeResolver'.
tests/api/graphql-resolvers.test.ts(391,47): error TS2339: Property 'tokens' does not exist on type 'IUnionTypeResolver | IScalarTypeResolver | IEnumTypeResolver | IInputObjectTypeResolver | ISchemaLevelResolver<...> | IObjectTypeResolver<...> | IInterfaceTypeResolver<...>'.
  Property 'tokens' does not exist on type 'IUnionTypeResolver'.
tests/api/graphql-resolvers.test.ts(434,47): error TS2339: Property 'marketData' does not exist on type 'IUnionTypeResolver | IScalarTypeResolver | IEnumTypeResolver | IInputObjectTypeResolver | ISchemaLevelResolver<...> | IObjectTypeResolver<...> | IInterfaceTypeResolver<...>'.
  Property 'marketData' does not exist on type 'IUnionTypeResolver'.
tests/api/graphql-resolvers.test.ts(473,47): error TS2339: Property 'search' does not exist on type 'IUnionTypeResolver | IScalarTypeResolver | IEnumTypeResolver | IInputObjectTypeResolver | ISchemaLevelResolver<...> | IObjectTypeResolver<...> | IInterfaceTypeResolver<...>'.
  Property 'search' does not exist on type 'IUnionTypeResolver'.
tests/api/graphql-resolvers.test.ts(506,47): error TS2339: Property 'searchSuggestions' does not exist on type 'IUnionTypeResolver | IScalarTypeResolver | IEnumTypeResolver | IInputObjectTypeResolver | ISchemaLevelResolver<...> | IObjectTypeResolver<...> | IInterfaceTypeResolver<...>'.
  Property 'searchSuggestions' does not exist on type 'IUnionTypeResolver'.
tests/api/graphql-resolvers.test.ts(538,50): error TS2339: Property 'createArticle' does not exist on type 'IUnionTypeResolver | IScalarTypeResolver | IEnumTypeResolver | IInputObjectTypeResolver | ISchemaLevelResolver<...> | IObjectTypeResolver<...> | IInterfaceTypeResolver<...>'.
  Property 'createArticle' does not exist on type 'IUnionTypeResolver'.
tests/api/graphql-resolvers.test.ts(574,31): error TS2339: Property 'createArticle' does not exist on type 'IUnionTypeResolver | IScalarTypeResolver | IEnumTypeResolver | IInputObjectTypeResolver | ISchemaLevelResolver<...> | IObjectTypeResolver<...> | IInterfaceTypeResolver<...>'.
  Property 'createArticle' does not exist on type 'IUnionTypeResolver'.
tests/api/graphql-resolvers.test.ts(600,50): error TS2339: Property 'publishArticle' does not exist on type 'IUnionTypeResolver | IScalarTypeResolver | IEnumTypeResolver | IInputObjectTypeResolver | ISchemaLevelResolver<...> | IObjectTypeResolver<...> | IInterfaceTypeResolver<...>'.
  Property 'publishArticle' does not exist on type 'IUnionTypeResolver'.
tests/api/graphql-resolvers.test.ts(632,50): error TS2339: Property 'updateProfile' does not exist on type 'IUnionTypeResolver | IScalarTypeResolver | IEnumTypeResolver | IInputObjectTypeResolver | ISchemaLevelResolver<...> | IObjectTypeResolver<...> | IInterfaceTypeResolver<...>'.
  Property 'updateProfile' does not exist on type 'IUnionTypeResolver'.
tests/api/graphql-resolvers.test.ts(661,50): error TS2339: Property 'likeArticle' does not exist on type 'IUnionTypeResolver | IScalarTypeResolver | IEnumTypeResolver | IInputObjectTypeResolver | ISchemaLevelResolver<...> | IObjectTypeResolver<...> | IInterfaceTypeResolver<...>'.
  Property 'likeArticle' does not exist on type 'IUnionTypeResolver'.
tests/api/graphql-resolvers.test.ts(685,50): error TS2339: Property 'shareContent' does not exist on type 'IUnionTypeResolver | IScalarTypeResolver | IEnumTypeResolver | IInputObjectTypeResolver | ISchemaLevelResolver<...> | IObjectTypeResolver<...> | IInterfaceTypeResolver<...>'.
  Property 'shareContent' does not exist on type 'IUnionTypeResolver'.
tests/api/graphql-resolvers.test.ts(724,33): error TS2339: Property 'createArticle' does not exist on type 'IUnionTypeResolver | IScalarTypeResolver | IEnumTypeResolver | IInputObjectTypeResolver | ISchemaLevelResolver<...> | IObjectTypeResolver<...> | IInterfaceTypeResolver<...>'.
  Property 'createArticle' does not exist on type 'IUnionTypeResolver'.
tests/api/graphql-resolvers.test.ts(747,30): error TS2339: Property 'marketData' does not exist on type 'IUnionTypeResolver | IScalarTypeResolver | IEnumTypeResolver | IInputObjectTypeResolver | ISchemaLevelResolver<...> | IObjectTypeResolver<...> | IInterfaceTypeResolver<...>'.
  Property 'marketData' does not exist on type 'IUnionTypeResolver'.
tests/api/graphql-resolvers.test.ts(771,30): error TS2339: Property 'tokens' does not exist on type 'IUnionTypeResolver | IScalarTypeResolver | IEnumTypeResolver | IInputObjectTypeResolver | ISchemaLevelResolver<...> | IObjectTypeResolver<...> | IInterfaceTypeResolver<...>'.
  Property 'tokens' does not exist on type 'IUnionTypeResolver'.
tests/api/graphql-resolvers.test.ts(801,26): error TS2339: Property 'articles' does not exist on type 'IUnionTypeResolver | IScalarTypeResolver | IEnumTypeResolver | IInputObjectTypeResolver | ISchemaLevelResolver<...> | IObjectTypeResolver<...> | IInterfaceTypeResolver<...>'.
  Property 'articles' does not exist on type 'IUnionTypeResolver'.
tests/api/graphql-resolvers.test.ts(809,29): error TS2339: Property 'createArticle' does not exist on type 'IUnionTypeResolver | IScalarTypeResolver | IEnumTypeResolver | IInputObjectTypeResolver | ISchemaLevelResolver<...> | IObjectTypeResolver<...> | IInterfaceTypeResolver<...>'.
  Property 'createArticle' does not exist on type 'IUnionTypeResolver'.
tests/api/graphql-resolvers.test.ts(836,29): error TS2339: Property 'updateArticle' does not exist on type 'IUnionTypeResolver | IScalarTypeResolver | IEnumTypeResolver | IInputObjectTypeResolver | ISchemaLevelResolver<...> | IObjectTypeResolver<...> | IInterfaceTypeResolver<...>'.
  Property 'updateArticle' does not exist on type 'IUnionTypeResolver'.
tests/api/graphql-resolvers.test.ts(852,42): error TS2339: Property 'serialize' does not exist on type 'IUnionTypeResolver | IScalarTypeResolver | IEnumTypeResolver | IInputObjectTypeResolver | ISchemaLevelResolver<...> | IObjectTypeResolver<...> | IInterfaceTypeResolver<...>'.
  Property 'serialize' does not exist on type 'IUnionTypeResolver'.
tests/api/graphql-resolvers.test.ts(858,42): error TS2339: Property 'parseValue' does not exist on type 'IUnionTypeResolver | IScalarTypeResolver | IEnumTypeResolver | IInputObjectTypeResolver | ISchemaLevelResolver<...> | IObjectTypeResolver<...> | IInterfaceTypeResolver<...>'.
  Property 'parseValue' does not exist on type 'IUnionTypeResolver'.
tests/api/graphql-resolvers.test.ts(864,42): error TS2339: Property 'serialize' does not exist on type 'IUnionTypeResolver | IScalarTypeResolver | IEnumTypeResolver | IInputObjectTypeResolver | ISchemaLevelResolver<...> | IObjectTypeResolver<...> | IInterfaceTypeResolver<...>'.
  Property 'serialize' does not exist on type 'IUnionTypeResolver'.
tests/api/graphql-resolvers.test.ts(867,38): error TS2339: Property 'parseValue' does not exist on type 'IUnionTypeResolver | IScalarTypeResolver | IEnumTypeResolver | IInputObjectTypeResolver | ISchemaLevelResolver<...> | IObjectTypeResolver<...> | IInterfaceTypeResolver<...>'.
  Property 'parseValue' does not exist on type 'IUnionTypeResolver'.
tests/api/security.test.ts(7,8): error TS1192: Module '"C:/Users/onech/Desktop/news-platform/backend/src/index"' has no default export.
tests/api/security.test.ts(21,9): error TS2353: Object literal may only specify known properties, and 'password' does not exist in type '(Without<UserCreateInput, UserUncheckedCreateInput> & UserUncheckedCreateInput) | (Without<...> & UserCreateInput)'.
tests/api/security.test.ts(30,9): error TS2353: Object literal may only specify known properties, and 'password' does not exist in type '(Without<UserCreateInput, UserUncheckedCreateInput> & UserUncheckedCreateInput) | (Without<...> & UserCreateInput)'.
tests/api/security.test.ts(35,30): error TS2345: Argument of type '{ sub: string; role: string; }' is not assignable to parameter of type '{ [key: string]: any; sub: string; email: string; username: string; role?: string | undefined; subscriptionTier?: string | undefined; }'.
  Type '{ sub: string; role: string; }' is missing the following properties from type '{ [key: string]: any; sub: string; email: string; username: string; role?: string | undefined; subscriptionTier?: string | undefined; }': email, username
tests/api/security.test.ts(36,35): error TS2345: Argument of type '{ sub: string; role: string; }' is not assignable to parameter of type '{ [key: string]: any; sub: string; email: string; username: string; role?: string | undefined; subscriptionTier?: string | undefined; }'.
  Type '{ sub: string; role: string; }' is missing the following properties from type '{ [key: string]: any; sub: string; email: string; username: string; role?: string | undefined; subscriptionTier?: string | undefined; }': email, username
tests/api/security.test.ts(86,9): error TS2322: Type '{ eventType: string; severity: string; ipAddress: string; userAgent: string; metadata: string; }' is not assignable to type '(Without<SecurityEventCreateInput, SecurityEventUncheckedCreateInput> & SecurityEventUncheckedCreateInput) | (Without<...> & SecurityEventCreateInput)'.
  Type '{ eventType: string; severity: string; ipAddress: string; userAgent: string; metadata: string; }' is not assignable to type 'Without<SecurityEventUncheckedCreateInput, SecurityEventCreateInput> & SecurityEventCreateInput'.
    Property 'id' is missing in type '{ eventType: string; severity: string; ipAddress: string; userAgent: string; metadata: string; }' but required in type 'SecurityEventCreateInput'.
tests/api/security.test.ts(185,11): error TS2353: Object literal may only specify known properties, and 'metadata' does not exist in type 'AuditLogWhereInput'.
tests/api/security.test.ts(200,11): error TS2353: Object literal may only specify known properties, and 'blockedBy' does not exist in type '(Without<BlacklistedIPCreateInput, BlacklistedIPUncheckedCreateInput> & BlacklistedIPUncheckedCreateInput) | (Without<...> & BlacklistedIPCreateInput)'.
tests/api/security.test.ts(304,20): error TS2339: Property 'vulnerability' does not exist on type 'PrismaClient<PrismaClientOptions, never, DefaultArgs>'.
tests/load/financeLoadTests.test.ts(1,61): error TS2307: Cannot find module '@jest/testing-library' or its corresponding type declarations.
tests/load/financeLoadTests.test.ts(25,11): error TS2322: Type 'true' is not assignable to type 'string | FieldRef<"WalletTransaction", "String"> | null | undefined'.
tests/load/financeLoadTests.test.ts(369,14): error TS2532: Object is possibly 'undefined'.
tests/load/financeLoadTests.test.ts(369,53): error TS2532: Object is possibly 'undefined'.
tests/load/financeLoadTests.test.ts(370,14): error TS2532: Object is possibly 'undefined'.
tests/load/financeLoadTests.test.ts(370,53): error TS2532: Object is possibly 'undefined'.
tests/load/financeLoadTests.test.ts(407,59): error TS2345: Argument of type '{ duration: number; concurrentUsers: number; transactionsPerUser: number; rampUpTime: number; testScenarios: ({ name: string; weight: number; operations: { type: "STAKE"; frequency: number; payload: { ...; }; }[]; } | { ...; })[]; }' is not assignable to parameter of type 'LoadTestConfig'.
  Types of property 'testScenarios' are incompatible.
    Type '({ name: string; weight: number; operations: { type: "STAKE"; frequency: number; payload: { amount: number; duration: number; }; }[]; } | { name: string; weight: number; operations: { type: "UNSTAKE"; frequency: number; payload: { ...; }; }[]; })[]' is not assignable to type 'LoadTestScenario[]'.
      Type '{ name: string; weight: number; operations: { type: "STAKE"; frequency: number; payload: { amount: number; duration: number; }; }[]; } | { name: string; weight: number; operations: { type: "UNSTAKE"; frequency: number; payload: { ...; }; }[]; }' is not assignable to type 'LoadTestScenario'.
        Type '{ name: string; weight: number; operations: { type: "UNSTAKE"; frequency: number; payload: { amount: number; }; }[]; }' is not assignable to type 'LoadTestScenario'.
          Types of property 'operations' are incompatible.
            Type '{ type: "UNSTAKE"; frequency: number; payload: { amount: number; }; }[]' is not assignable to type '{ type: "TRANSFER" | "REWARD" | "STAKE" | "CONVERSION"; frequency: number; payload: any; }[]'.
              Type '{ type: "UNSTAKE"; frequency: number; payload: { amount: number; }; }' is not assignable to type '{ type: "TRANSFER" | "REWARD" | "STAKE" | "CONVERSION"; frequency: number; payload: any; }'.
                Types of property 'type' are incompatible.
                  Type '"UNSTAKE"' is not assignable to type '"TRANSFER" | "REWARD" | "STAKE" | "CONVERSION"'. Did you mean '"STAKE"'?
tests/middleware/auth-simple.test.ts(53,67): error TS2345: Argument of type '{ id: string; email: string; username: string; subscriptionTier: string; emailVerified: boolean; status: string; }' is not assignable to parameter of type 'AuthenticatedUser | Promise<AuthenticatedUser>'.
  Property 'role' is missing in type '{ id: string; email: string; username: string; subscriptionTier: string; emailVerified: boolean; status: string; }' but required in type 'AuthenticatedUser'.
tests/middleware/auth.test.ts(55,7): error TS2304: Cannot find name 'mockJwt'.
tests/middleware/auth.test.ts(56,7): error TS2304: Cannot find name 'mockPrisma'.
tests/middleware/auth.test.ts(105,7): error TS2304: Cannot find name 'mockJwt'.
tests/middleware/auth.test.ts(139,7): error TS2304: Cannot find name 'mockJwt'.
tests/middleware/auth.test.ts(140,7): error TS2304: Cannot find name 'mockPrisma'.
tests/middleware/auth.test.ts(163,7): error TS2304: Cannot find name 'mockJwt'.
tests/middleware/auth.test.ts(164,7): error TS2304: Cannot find name 'mockPrisma'.
tests/middleware/auth.test.ts(185,7): error TS2741: Property 'role' is missing in type '{ id: string; email: string; username: string; subscriptionTier: string; status: string; emailVerified: true; }' but required in type '{ id: string; email: string; username: string; role: string; subscriptionTier: string; status: string; emailVerified: boolean; }'.
tests/middleware/auth.test.ts(201,7): error TS2741: Property 'role' is missing in type '{ id: string; email: string; username: string; subscriptionTier: string; status: string; emailVerified: true; }' but required in type '{ id: string; email: string; username: string; role: string; subscriptionTier: string; status: string; emailVerified: boolean; }'.
tests/middleware/auth.test.ts(217,7): error TS2741: Property 'role' is missing in type '{ id: string; email: string; username: string; subscriptionTier: string; status: string; emailVerified: true; }' but required in type '{ id: string; email: string; username: string; role: string; subscriptionTier: string; status: string; emailVerified: boolean; }'.
tests/middleware/auth.test.ts(260,7): error TS2741: Property 'role' is missing in type '{ id: string; email: string; username: string; subscriptionTier: string; status: string; emailVerified: true; }' but required in type '{ id: string; email: string; username: string; role: string; subscriptionTier: string; status: string; emailVerified: boolean; }'.
tests/middleware/auth.test.ts(279,7): error TS2741: Property 'role' is missing in type '{ id: string; email: string; username: string; subscriptionTier: string; status: string; emailVerified: false; }' but required in type '{ id: string; email: string; username: string; role: string; subscriptionTier: string; status: string; emailVerified: boolean; }'.
tests/services/cmsService.test.ts(609,21): error TS2339: Property 'translations' does not exist on type '{ status: string; aiGenerated: boolean | null; tags: string | null; priority: string; id: string; createdAt: Date; updatedAt: Date; metadata: string | null; title: string; excerpt: string; ... 16 more ...; deletedAt: Date | null; } & { ...; }'.
tests/services/cmsService.test.ts(610,21): error TS2339: Property 'translations' does not exist on type '{ status: string; aiGenerated: boolean | null; tags: string | null; priority: string; id: string; createdAt: Date; updatedAt: Date; metadata: string | null; title: string; excerpt: string; ... 16 more ...; deletedAt: Date | null; } & { ...; }'.
tests/services/cmsService.test.ts(610,38): error TS7006: Parameter 't' implicitly has an 'any' type.
tests/services/cmsService.test.ts(611,21): error TS2339: Property 'translations' does not exist on type '{ status: string; aiGenerated: boolean | null; tags: string | null; priority: string; id: string; createdAt: Date; updatedAt: Date; metadata: string | null; title: string; excerpt: string; ... 16 more ...; deletedAt: Date | null; } & { ...; }'.
tests/services/cmsService.test.ts(611,38): error TS7006: Parameter 't' implicitly has an 'any' type.
tests/websocket/message-queue.test.ts(128,14): error TS2532: Object is possibly 'undefined'.
tests/websocket/message-queue.test.ts(129,14): error TS2532: Object is possibly 'undefined'.
tests/websocket/message-queue.test.ts(165,14): error TS2532: Object is possibly 'undefined'.
tests/websocket/message-queue.test.ts(188,14): error TS2532: Object is possibly 'undefined'.
tests/websocket/websocket-server.test.ts(238,14): error TS2532: Object is possibly 'undefined'.
