
> coindaily-backend@1.0.0 build
> node --max-old-space-size=4096 ./node_modules/typescript/bin/tsc

src/api/user-feedback.ts(130,67): error TS2345: Argument of type 'string | undefined' is not assignable to parameter of type 'string'.
  Type 'undefined' is not assignable to type 'string'.
src/integrations/aiModerationIntegration.ts(41,33): error TS2339: Property 'startBackgroundMonitoring' does not exist on type 'AIModerationService'.
src/integrations/aiModerationIntegration.ts(55,33): error TS2339: Property 'stopBackgroundMonitoring' does not exist on type 'AIModerationService'.
src/integrations/aiModerationIntegration.ts(115,20): error TS2353: Object literal may only specify known properties, and 'processedAt' does not exist in type 'ModerationQueueOrderByWithRelationInput | ModerationQueueOrderByWithRelationInput[]'.
src/integrations/aiModerationIntegration.ts(116,19): error TS2353: Object literal may only specify known properties, and 'processedAt' does not exist in type 'ModerationQueueSelect<DefaultArgs>'.
src/integrations/aiModerationIntegration.ts(134,41): error TS2339: Property 'processedAt' does not exist on type '{ status: string; priority: number; id: string; createdAt: Date; updatedAt: Date; content: string; authorId: string; reviewedAt: Date | null; reviewedBy: string | null; contentType: string; ... 7 more ...; aiConfidence: number | null; }'.
src/integrations/aiModerationIntegration.ts(193,16): error TS2339: Property 'userViolation' does not exist on type 'PrismaClient<PrismaClientOptions, never, DefaultArgs>'.
src/integrations/aiModerationIntegration.ts(194,16): error TS2339: Property 'userViolation' does not exist on type 'PrismaClient<PrismaClientOptions, never, DefaultArgs>'.
src/integrations/aiModerationIntegration.ts(195,16): error TS2339: Property 'userViolation' does not exist on type 'PrismaClient<PrismaClientOptions, never, DefaultArgs>'.
src/integrations/aiModerationIntegration.ts(214,11): error TS2353: Object literal may only specify known properties, and 'processedAt' does not exist in type 'ModerationQueueWhereInput'.
src/integrations/aiModerationIntegration.ts(277,46): error TS2339: Property 'tier' does not exist on type '{ status: string; id: string; createdAt: Date; updatedAt: Date; userId: string; planId: string; currentPeriodStart: Date; currentPeriodEnd: Date; trialEnd: Date | null; cancelAtPeriodEnd: boolean; cancelledAt: Date | null; stripeSubscriptionId: string | null; }'.
src/integrations/aiModerationIntegration.ts(283,54): error TS2345: Argument of type '{ id: string; text: string; type: "article" | "comment" | "post"; authorId: string; authorRole: any; subscriptionTier: any; accountAge: number; createdAt: Date; }' is not assignable to parameter of type 'ModerationRequest'.
  Type '{ id: string; text: string; type: "article" | "comment" | "post"; authorId: string; authorRole: any; subscriptionTier: any; accountAge: number; createdAt: Date; }' is missing the following properties from type 'ModerationRequest': userId, contentType, contentId, content
src/integrations/aiModerationIntegration.ts(312,73): error TS2345: Argument of type 'string | undefined' is not assignable to parameter of type 'string'.
  Type 'undefined' is not assignable to type 'string'.
src/integrations/aiModerationIntegration.ts(346,16): error TS2339: Property 'userViolation' does not exist on type 'PrismaClient<PrismaClientOptions, never, DefaultArgs>'.
src/integrations/aiModerationIntegration.ts(360,16): error TS2339: Property 'adminAlert' does not exist on type 'PrismaClient<PrismaClientOptions, never, DefaultArgs>'.
src/moderation/index.ts(10,8): error TS2613: Module '"C:/Users/onech/Desktop/news-platform/backend/src/graphql/resolvers/moderation"' has no default export. Did you mean to use 'import { moderationResolvers } from "C:/Users/onech/Desktop/news-platform/backend/src/graphql/resolvers/moderation"' instead?
src/moderation/index.ts(307,57): error TS2345: Argument of type '{ content: string; contentType: string; contentId: string; userId: string; context?: string | undefined; }' is not assignable to parameter of type 'ModerationRequest'.
  Types of property 'contentType' are incompatible.
    Type 'string' is not assignable to type '"article" | "message" | "comment" | "post"'.
src/moderation/index.ts(372,11): error TS2322: Type 'number | null' is not assignable to type 'number | undefined'.
  Type 'null' is not assignable to type 'number | undefined'.
src/moderation/index.ts(393,11): error TS2353: Object literal may only specify known properties, and 'none' does not exist in type '(Without<UserReputationNullableScalarRelationFilter, UserReputationWhereInput> & UserReputationWhereInput) | (Without<...> & UserReputationNullableScalarRelationFilter)'.
src/moderation/index.ts(403,34): error TS2339: Property 'initializeUserReputation' does not exist on type 'AIModerationService'.
src/services/imageOptimizationService.ts(138,9): error TS2322: Type 'Buffer<ArrayBufferLike>' is not assignable to type 'NonSharedBuffer'.
  Type 'ArrayBufferLike' is not assignable to type 'ArrayBuffer'.
    Type 'SharedArrayBuffer' is not assignable to type 'ArrayBuffer'.
      Types of property '[Symbol.toStringTag]' are incompatible.
        Type '"SharedArrayBuffer"' is not assignable to type '"ArrayBuffer"'.
src/services/seoDashboardService.ts(175,13): error TS2722: Cannot invoke an object which is possibly 'undefined'.
src/services/seoDashboardService.ts(420,13): error TS2722: Cannot invoke an object which is possibly 'undefined'.
src/services/seoDashboardService.ts(610,13): error TS2722: Cannot invoke an object which is possibly 'undefined'.
src/tests/aiAgentCrud.integration.test.ts(8,8): error TS1192: Module '"C:/Users/onech/Desktop/news-platform/backend/src/index"' has no default export.
tests/api/auth-resolvers.test.ts(112,56): error TS2345: Argument of type '{ success: boolean; user: { id: string; email: string; username: string; firstName: string; lastName: string; }; tokens: { accessToken: string; refreshToken: string; }; }' is not assignable to parameter of type '{ user: AuthenticatedUser; tokens: TokenPair; } | Promise<{ user: AuthenticatedUser; tokens: TokenPair; }>'.
  Type '{ success: boolean; user: { id: string; email: string; username: string; firstName: string; lastName: string; }; tokens: { accessToken: string; refreshToken: string; }; }' is not assignable to type '{ user: AuthenticatedUser; tokens: TokenPair; }'.
    Types of property 'user' are incompatible.
      Type '{ id: string; email: string; username: string; firstName: string; lastName: string; }' is missing the following properties from type 'AuthenticatedUser': role, subscriptionTier, emailVerified, status
tests/api/auth-resolvers.test.ts(144,56): error TS2345: Argument of type '{ success: boolean; error: { code: string; message: string; }; }' is not assignable to parameter of type '{ user: AuthenticatedUser; tokens: TokenPair; } | Promise<{ user: AuthenticatedUser; tokens: TokenPair; }>'.
tests/api/auth-resolvers.test.ts(183,53): error TS2345: Argument of type '{ success: boolean; user: { id: string; email: string; username: string; }; tokens: { accessToken: string; refreshToken: string; }; session: { id: string; expiresAt: Date; }; }' is not assignable to parameter of type '{ user: AuthenticatedUser; tokens: TokenPair; } | Promise<{ user: AuthenticatedUser; tokens: TokenPair; }>'.
  Type '{ success: boolean; user: { id: string; email: string; username: string; }; tokens: { accessToken: string; refreshToken: string; }; session: { id: string; expiresAt: Date; }; }' is not assignable to type '{ user: AuthenticatedUser; tokens: TokenPair; }'.
    Types of property 'user' are incompatible.
      Type '{ id: string; email: string; username: string; }' is missing the following properties from type 'AuthenticatedUser': role, subscriptionTier, emailVerified, status
tests/api/auth-resolvers.test.ts(216,53): error TS2345: Argument of type '{ success: boolean; error: { code: string; message: string; }; }' is not assignable to parameter of type '{ user: AuthenticatedUser; tokens: TokenPair; } | Promise<{ user: AuthenticatedUser; tokens: TokenPair; }>'.
tests/api/auth-resolvers.test.ts(231,54): error TS2345: Argument of type '{ success: boolean; message: string; }' is not assignable to parameter of type 'void | Promise<void>'.
tests/api/auth-resolvers.test.ts(271,60): error TS2345: Argument of type '{ success: boolean; user: any; tokens: { accessToken: string; refreshToken: string; }; }' is not assignable to parameter of type 'TokenPair | Promise<TokenPair>'.
tests/api/auth-resolvers.test.ts(276,11): error TS2554: Expected 2 arguments, but got 3.
tests/api/auth-resolvers.test.ts(298,60): error TS2345: Argument of type '{ success: boolean; error: { code: string; message: string; }; }' is not assignable to parameter of type 'TokenPair | Promise<TokenPair>'.
tests/api/auth-resolvers.test.ts(304,13): error TS2554: Expected 2 arguments, but got 3.
tests/api/auth-resolvers.test.ts(346,68): error TS2345: Argument of type '{ success: boolean; error: { code: string; message: string; }; }' is not assignable to parameter of type '{ success: boolean; message: string; } | Promise<{ success: boolean; message: string; }>'.
  Property 'message' is missing in type '{ success: boolean; error: { code: string; message: string; }; }' but required in type '{ success: boolean; message: string; }'.
tests/api/auth-resolvers.test.ts(370,11): error TS2554: Expected 2 arguments, but got 3.
tests/api/auth-resolvers.test.ts(395,61): error TS2345: Argument of type '{ success: boolean; error: { code: string; message: string; }; }' is not assignable to parameter of type '{ success: boolean; message: string; } | Promise<{ success: boolean; message: string; }>'.
  Property 'message' is missing in type '{ success: boolean; error: { code: string; message: string; }; }' but required in type '{ success: boolean; message: string; }'.
tests/api/auth-resolvers.test.ts(401,13): error TS2554: Expected 2 arguments, but got 3.
tests/api/auth-resolvers.test.ts(414,62): error TS2345: Argument of type '{ success: boolean; message: string; }' is not assignable to parameter of type 'void | Promise<void>'.
tests/api/auth-resolvers.test.ts(455,62): error TS2345: Argument of type '{ success: boolean; error: { code: string; message: string; }; }' is not assignable to parameter of type 'void | Promise<void>'.
tests/api/auth-resolvers.test.ts(478,65): error TS2345: Argument of type '{ success: boolean; user: { id: string; email: string; username: string; }; }' is not assignable to parameter of type 'AuthenticatedUser | Promise<AuthenticatedUser>'.
tests/api/auth-resolvers.test.ts(483,11): error TS2554: Expected 2 arguments, but got 3.
tests/api/auth-resolvers.test.ts(504,65): error TS2345: Argument of type '{ success: boolean; error: { code: string; message: string; }; }' is not assignable to parameter of type 'AuthenticatedUser | Promise<AuthenticatedUser>'.
tests/api/auth-resolvers.test.ts(510,13): error TS2554: Expected 2 arguments, but got 3.
tests/api/graphql-resolvers.test.ts(84,60): error TS2739: Type '{ prisma: any; redis: any; cache: any; authService: any; user: any; requestStartTime: number; operationName: string; }' is missing the following properties from type 'GraphQLContext': translationService, translationAgent, dbOptimizer, cacheStrategy, logger
tests/api/graphql-resolvers.test.ts(178,47): error TS2339: Property 'health' does not exist on type 'IUnionTypeResolver | IScalarTypeResolver | IEnumTypeResolver | IInputObjectTypeResolver | ISchemaLevelResolver<...> | IObjectTypeResolver<...> | IInterfaceTypeResolver<...>'.
  Property 'health' does not exist on type 'IUnionTypeResolver'.
tests/api/graphql-resolvers.test.ts(197,47): error TS2339: Property 'user' does not exist on type 'IUnionTypeResolver | IScalarTypeResolver | IEnumTypeResolver | IInputObjectTypeResolver | ISchemaLevelResolver<...> | IObjectTypeResolver<...> | IInterfaceTypeResolver<...>'.
  Property 'user' does not exist on type 'IUnionTypeResolver'.
tests/api/graphql-resolvers.test.ts(228,47): error TS2339: Property 'users' does not exist on type 'IUnionTypeResolver | IScalarTypeResolver | IEnumTypeResolver | IInputObjectTypeResolver | ISchemaLevelResolver<...> | IObjectTypeResolver<...> | IInterfaceTypeResolver<...>'.
  Property 'users' does not exist on type 'IUnionTypeResolver'.
tests/api/graphql-resolvers.test.ts(275,47): error TS2339: Property 'article' does not exist on type 'IUnionTypeResolver | IScalarTypeResolver | IEnumTypeResolver | IInputObjectTypeResolver | ISchemaLevelResolver<...> | IObjectTypeResolver<...> | IInterfaceTypeResolver<...>'.
  Property 'article' does not exist on type 'IUnionTypeResolver'.
tests/api/graphql-resolvers.test.ts(299,47): error TS2339: Property 'featuredArticles' does not exist on type 'IUnionTypeResolver | IScalarTypeResolver | IEnumTypeResolver | IInputObjectTypeResolver | ISchemaLevelResolver<...> | IObjectTypeResolver<...> | IInterfaceTypeResolver<...>'.
  Property 'featuredArticles' does not exist on type 'IUnionTypeResolver'.
tests/api/graphql-resolvers.test.ts(341,47): error TS2339: Property 'trendingArticles' does not exist on type 'IUnionTypeResolver | IScalarTypeResolver | IEnumTypeResolver | IInputObjectTypeResolver | ISchemaLevelResolver<...> | IObjectTypeResolver<...> | IInterfaceTypeResolver<...>'.
  Property 'trendingArticles' does not exist on type 'IUnionTypeResolver'.
tests/api/graphql-resolvers.test.ts(391,47): error TS2339: Property 'tokens' does not exist on type 'IUnionTypeResolver | IScalarTypeResolver | IEnumTypeResolver | IInputObjectTypeResolver | ISchemaLevelResolver<...> | IObjectTypeResolver<...> | IInterfaceTypeResolver<...>'.
  Property 'tokens' does not exist on type 'IUnionTypeResolver'.
tests/api/graphql-resolvers.test.ts(434,47): error TS2339: Property 'marketData' does not exist on type 'IUnionTypeResolver | IScalarTypeResolver | IEnumTypeResolver | IInputObjectTypeResolver | ISchemaLevelResolver<...> | IObjectTypeResolver<...> | IInterfaceTypeResolver<...>'.
  Property 'marketData' does not exist on type 'IUnionTypeResolver'.
tests/api/graphql-resolvers.test.ts(473,47): error TS2339: Property 'search' does not exist on type 'IUnionTypeResolver | IScalarTypeResolver | IEnumTypeResolver | IInputObjectTypeResolver | ISchemaLevelResolver<...> | IObjectTypeResolver<...> | IInterfaceTypeResolver<...>'.
  Property 'search' does not exist on type 'IUnionTypeResolver'.
tests/api/graphql-resolvers.test.ts(506,47): error TS2339: Property 'searchSuggestions' does not exist on type 'IUnionTypeResolver | IScalarTypeResolver | IEnumTypeResolver | IInputObjectTypeResolver | ISchemaLevelResolver<...> | IObjectTypeResolver<...> | IInterfaceTypeResolver<...>'.
  Property 'searchSuggestions' does not exist on type 'IUnionTypeResolver'.
tests/api/graphql-resolvers.test.ts(538,50): error TS2339: Property 'createArticle' does not exist on type 'IUnionTypeResolver | IScalarTypeResolver | IEnumTypeResolver | IInputObjectTypeResolver | ISchemaLevelResolver<...> | IObjectTypeResolver<...> | IInterfaceTypeResolver<...>'.
  Property 'createArticle' does not exist on type 'IUnionTypeResolver'.
tests/api/graphql-resolvers.test.ts(574,31): error TS2339: Property 'createArticle' does not exist on type 'IUnionTypeResolver | IScalarTypeResolver | IEnumTypeResolver | IInputObjectTypeResolver | ISchemaLevelResolver<...> | IObjectTypeResolver<...> | IInterfaceTypeResolver<...>'.
  Property 'createArticle' does not exist on type 'IUnionTypeResolver'.
tests/api/graphql-resolvers.test.ts(600,50): error TS2339: Property 'publishArticle' does not exist on type 'IUnionTypeResolver | IScalarTypeResolver | IEnumTypeResolver | IInputObjectTypeResolver | ISchemaLevelResolver<...> | IObjectTypeResolver<...> | IInterfaceTypeResolver<...>'.
  Property 'publishArticle' does not exist on type 'IUnionTypeResolver'.
tests/api/graphql-resolvers.test.ts(632,50): error TS2339: Property 'updateProfile' does not exist on type 'IUnionTypeResolver | IScalarTypeResolver | IEnumTypeResolver | IInputObjectTypeResolver | ISchemaLevelResolver<...> | IObjectTypeResolver<...> | IInterfaceTypeResolver<...>'.
  Property 'updateProfile' does not exist on type 'IUnionTypeResolver'.
tests/api/graphql-resolvers.test.ts(661,50): error TS2339: Property 'likeArticle' does not exist on type 'IUnionTypeResolver | IScalarTypeResolver | IEnumTypeResolver | IInputObjectTypeResolver | ISchemaLevelResolver<...> | IObjectTypeResolver<...> | IInterfaceTypeResolver<...>'.
  Property 'likeArticle' does not exist on type 'IUnionTypeResolver'.
tests/api/graphql-resolvers.test.ts(685,50): error TS2339: Property 'shareContent' does not exist on type 'IUnionTypeResolver | IScalarTypeResolver | IEnumTypeResolver | IInputObjectTypeResolver | ISchemaLevelResolver<...> | IObjectTypeResolver<...> | IInterfaceTypeResolver<...>'.
  Property 'shareContent' does not exist on type 'IUnionTypeResolver'.
tests/api/graphql-resolvers.test.ts(724,33): error TS2339: Property 'createArticle' does not exist on type 'IUnionTypeResolver | IScalarTypeResolver | IEnumTypeResolver | IInputObjectTypeResolver | ISchemaLevelResolver<...> | IObjectTypeResolver<...> | IInterfaceTypeResolver<...>'.
  Property 'createArticle' does not exist on type 'IUnionTypeResolver'.
tests/api/graphql-resolvers.test.ts(747,30): error TS2339: Property 'marketData' does not exist on type 'IUnionTypeResolver | IScalarTypeResolver | IEnumTypeResolver | IInputObjectTypeResolver | ISchemaLevelResolver<...> | IObjectTypeResolver<...> | IInterfaceTypeResolver<...>'.
  Property 'marketData' does not exist on type 'IUnionTypeResolver'.
tests/api/graphql-resolvers.test.ts(771,30): error TS2339: Property 'tokens' does not exist on type 'IUnionTypeResolver | IScalarTypeResolver | IEnumTypeResolver | IInputObjectTypeResolver | ISchemaLevelResolver<...> | IObjectTypeResolver<...> | IInterfaceTypeResolver<...>'.
  Property 'tokens' does not exist on type 'IUnionTypeResolver'.
tests/api/graphql-resolvers.test.ts(801,26): error TS2339: Property 'articles' does not exist on type 'IUnionTypeResolver | IScalarTypeResolver | IEnumTypeResolver | IInputObjectTypeResolver | ISchemaLevelResolver<...> | IObjectTypeResolver<...> | IInterfaceTypeResolver<...>'.
  Property 'articles' does not exist on type 'IUnionTypeResolver'.
tests/api/graphql-resolvers.test.ts(809,29): error TS2339: Property 'createArticle' does not exist on type 'IUnionTypeResolver | IScalarTypeResolver | IEnumTypeResolver | IInputObjectTypeResolver | ISchemaLevelResolver<...> | IObjectTypeResolver<...> | IInterfaceTypeResolver<...>'.
  Property 'createArticle' does not exist on type 'IUnionTypeResolver'.
tests/api/graphql-resolvers.test.ts(836,29): error TS2339: Property 'updateArticle' does not exist on type 'IUnionTypeResolver | IScalarTypeResolver | IEnumTypeResolver | IInputObjectTypeResolver | ISchemaLevelResolver<...> | IObjectTypeResolver<...> | IInterfaceTypeResolver<...>'.
  Property 'updateArticle' does not exist on type 'IUnionTypeResolver'.
tests/api/graphql-resolvers.test.ts(852,42): error TS2339: Property 'serialize' does not exist on type 'IUnionTypeResolver | IScalarTypeResolver | IEnumTypeResolver | IInputObjectTypeResolver | ISchemaLevelResolver<...> | IObjectTypeResolver<...> | IInterfaceTypeResolver<...>'.
  Property 'serialize' does not exist on type 'IUnionTypeResolver'.
tests/api/graphql-resolvers.test.ts(858,42): error TS2339: Property 'parseValue' does not exist on type 'IUnionTypeResolver | IScalarTypeResolver | IEnumTypeResolver | IInputObjectTypeResolver | ISchemaLevelResolver<...> | IObjectTypeResolver<...> | IInterfaceTypeResolver<...>'.
  Property 'parseValue' does not exist on type 'IUnionTypeResolver'.
tests/api/graphql-resolvers.test.ts(864,42): error TS2339: Property 'serialize' does not exist on type 'IUnionTypeResolver | IScalarTypeResolver | IEnumTypeResolver | IInputObjectTypeResolver | ISchemaLevelResolver<...> | IObjectTypeResolver<...> | IInterfaceTypeResolver<...>'.
  Property 'serialize' does not exist on type 'IUnionTypeResolver'.
tests/api/graphql-resolvers.test.ts(867,38): error TS2339: Property 'parseValue' does not exist on type 'IUnionTypeResolver | IScalarTypeResolver | IEnumTypeResolver | IInputObjectTypeResolver | ISchemaLevelResolver<...> | IObjectTypeResolver<...> | IInterfaceTypeResolver<...>'.
  Property 'parseValue' does not exist on type 'IUnionTypeResolver'.
tests/api/security.test.ts(7,8): error TS1192: Module '"C:/Users/onech/Desktop/news-platform/backend/src/index"' has no default export.
tests/api/security.test.ts(21,9): error TS2353: Object literal may only specify known properties, and 'password' does not exist in type '(Without<UserCreateInput, UserUncheckedCreateInput> & UserUncheckedCreateInput) | (Without<...> & UserCreateInput)'.
tests/api/security.test.ts(30,9): error TS2353: Object literal may only specify known properties, and 'password' does not exist in type '(Without<UserCreateInput, UserUncheckedCreateInput> & UserUncheckedCreateInput) | (Without<...> & UserCreateInput)'.
tests/api/security.test.ts(35,30): error TS2345: Argument of type '{ sub: string; role: string; }' is not assignable to parameter of type '{ [key: string]: any; sub: string; email: string; username: string; role?: string | undefined; subscriptionTier?: string | undefined; }'.
  Type '{ sub: string; role: string; }' is missing the following properties from type '{ [key: string]: any; sub: string; email: string; username: string; role?: string | undefined; subscriptionTier?: string | undefined; }': email, username
tests/api/security.test.ts(36,35): error TS2345: Argument of type '{ sub: string; role: string; }' is not assignable to parameter of type '{ [key: string]: any; sub: string; email: string; username: string; role?: string | undefined; subscriptionTier?: string | undefined; }'.
  Type '{ sub: string; role: string; }' is missing the following properties from type '{ [key: string]: any; sub: string; email: string; username: string; role?: string | undefined; subscriptionTier?: string | undefined; }': email, username
tests/api/security.test.ts(86,9): error TS2322: Type '{ eventType: string; severity: string; ipAddress: string; userAgent: string; metadata: string; }' is not assignable to type '(Without<SecurityEventCreateInput, SecurityEventUncheckedCreateInput> & SecurityEventUncheckedCreateInput) | (Without<...> & SecurityEventCreateInput)'.
  Type '{ eventType: string; severity: string; ipAddress: string; userAgent: string; metadata: string; }' is not assignable to type 'Without<SecurityEventUncheckedCreateInput, SecurityEventCreateInput> & SecurityEventCreateInput'.
    Property 'id' is missing in type '{ eventType: string; severity: string; ipAddress: string; userAgent: string; metadata: string; }' but required in type 'SecurityEventCreateInput'.
tests/api/security.test.ts(185,11): error TS2353: Object literal may only specify known properties, and 'metadata' does not exist in type 'AuditLogWhereInput'.
tests/api/security.test.ts(200,11): error TS2353: Object literal may only specify known properties, and 'blockedBy' does not exist in type '(Without<BlacklistedIPCreateInput, BlacklistedIPUncheckedCreateInput> & BlacklistedIPUncheckedCreateInput) | (Without<...> & BlacklistedIPCreateInput)'.
tests/api/security.test.ts(304,20): error TS2339: Property 'vulnerability' does not exist on type 'PrismaClient<PrismaClientOptions, never, DefaultArgs>'.
tests/load/financeLoadTests.test.ts(1,61): error TS2307: Cannot find module '@jest/testing-library' or its corresponding type declarations.
tests/load/financeLoadTests.test.ts(25,11): error TS2322: Type 'true' is not assignable to type 'string | FieldRef<"WalletTransaction", "String"> | null | undefined'.
tests/load/financeLoadTests.test.ts(369,14): error TS2532: Object is possibly 'undefined'.
tests/load/financeLoadTests.test.ts(369,53): error TS2532: Object is possibly 'undefined'.
tests/load/financeLoadTests.test.ts(370,14): error TS2532: Object is possibly 'undefined'.
tests/load/financeLoadTests.test.ts(370,53): error TS2532: Object is possibly 'undefined'.
tests/load/financeLoadTests.test.ts(407,59): error TS2345: Argument of type '{ duration: number; concurrentUsers: number; transactionsPerUser: number; rampUpTime: number; testScenarios: ({ name: string; weight: number; operations: { type: "STAKE"; frequency: number; payload: { ...; }; }[]; } | { ...; })[]; }' is not assignable to parameter of type 'LoadTestConfig'.
  Types of property 'testScenarios' are incompatible.
    Type '({ name: string; weight: number; operations: { type: "STAKE"; frequency: number; payload: { amount: number; duration: number; }; }[]; } | { name: string; weight: number; operations: { type: "UNSTAKE"; frequency: number; payload: { ...; }; }[]; })[]' is not assignable to type 'LoadTestScenario[]'.
      Type '{ name: string; weight: number; operations: { type: "STAKE"; frequency: number; payload: { amount: number; duration: number; }; }[]; } | { name: string; weight: number; operations: { type: "UNSTAKE"; frequency: number; payload: { ...; }; }[]; }' is not assignable to type 'LoadTestScenario'.
        Type '{ name: string; weight: number; operations: { type: "UNSTAKE"; frequency: number; payload: { amount: number; }; }[]; }' is not assignable to type 'LoadTestScenario'.
          Types of property 'operations' are incompatible.
            Type '{ type: "UNSTAKE"; frequency: number; payload: { amount: number; }; }[]' is not assignable to type '{ type: "TRANSFER" | "REWARD" | "STAKE" | "CONVERSION"; frequency: number; payload: any; }[]'.
              Type '{ type: "UNSTAKE"; frequency: number; payload: { amount: number; }; }' is not assignable to type '{ type: "TRANSFER" | "REWARD" | "STAKE" | "CONVERSION"; frequency: number; payload: any; }'.
                Types of property 'type' are incompatible.
                  Type '"UNSTAKE"' is not assignable to type '"TRANSFER" | "REWARD" | "STAKE" | "CONVERSION"'. Did you mean '"STAKE"'?
tests/middleware/auth-simple.test.ts(53,67): error TS2345: Argument of type '{ id: string; email: string; username: string; subscriptionTier: string; emailVerified: boolean; status: string; }' is not assignable to parameter of type 'AuthenticatedUser | Promise<AuthenticatedUser>'.
  Property 'role' is missing in type '{ id: string; email: string; username: string; subscriptionTier: string; emailVerified: boolean; status: string; }' but required in type 'AuthenticatedUser'.
tests/middleware/auth.test.ts(55,7): error TS2304: Cannot find name 'mockJwt'.
tests/middleware/auth.test.ts(56,7): error TS2304: Cannot find name 'mockPrisma'.
tests/middleware/auth.test.ts(105,7): error TS2304: Cannot find name 'mockJwt'.
tests/middleware/auth.test.ts(139,7): error TS2304: Cannot find name 'mockJwt'.
tests/middleware/auth.test.ts(140,7): error TS2304: Cannot find name 'mockPrisma'.
tests/middleware/auth.test.ts(163,7): error TS2304: Cannot find name 'mockJwt'.
tests/middleware/auth.test.ts(164,7): error TS2304: Cannot find name 'mockPrisma'.
tests/middleware/auth.test.ts(185,7): error TS2741: Property 'role' is missing in type '{ id: string; email: string; username: string; subscriptionTier: string; status: string; emailVerified: true; }' but required in type '{ id: string; email: string; username: string; role: string; subscriptionTier: string; status: string; emailVerified: boolean; }'.
tests/middleware/auth.test.ts(201,7): error TS2741: Property 'role' is missing in type '{ id: string; email: string; username: string; subscriptionTier: string; status: string; emailVerified: true; }' but required in type '{ id: string; email: string; username: string; role: string; subscriptionTier: string; status: string; emailVerified: boolean; }'.
tests/middleware/auth.test.ts(217,7): error TS2741: Property 'role' is missing in type '{ id: string; email: string; username: string; subscriptionTier: string; status: string; emailVerified: true; }' but required in type '{ id: string; email: string; username: string; role: string; subscriptionTier: string; status: string; emailVerified: boolean; }'.
tests/middleware/auth.test.ts(260,7): error TS2741: Property 'role' is missing in type '{ id: string; email: string; username: string; subscriptionTier: string; status: string; emailVerified: true; }' but required in type '{ id: string; email: string; username: string; role: string; subscriptionTier: string; status: string; emailVerified: boolean; }'.
tests/middleware/auth.test.ts(279,7): error TS2741: Property 'role' is missing in type '{ id: string; email: string; username: string; subscriptionTier: string; status: string; emailVerified: false; }' but required in type '{ id: string; email: string; username: string; role: string; subscriptionTier: string; status: string; emailVerified: boolean; }'.
tests/services/cmsService.test.ts(609,21): error TS2339: Property 'translations' does not exist on type '{ status: string; aiGenerated: boolean | null; tags: string | null; priority: string; id: string; createdAt: Date; updatedAt: Date; metadata: string | null; title: string; excerpt: string; ... 16 more ...; deletedAt: Date | null; } & { ...; }'.
tests/services/cmsService.test.ts(610,21): error TS2339: Property 'translations' does not exist on type '{ status: string; aiGenerated: boolean | null; tags: string | null; priority: string; id: string; createdAt: Date; updatedAt: Date; metadata: string | null; title: string; excerpt: string; ... 16 more ...; deletedAt: Date | null; } & { ...; }'.
tests/services/cmsService.test.ts(610,38): error TS7006: Parameter 't' implicitly has an 'any' type.
tests/services/cmsService.test.ts(611,21): error TS2339: Property 'translations' does not exist on type '{ status: string; aiGenerated: boolean | null; tags: string | null; priority: string; id: string; createdAt: Date; updatedAt: Date; metadata: string | null; title: string; excerpt: string; ... 16 more ...; deletedAt: Date | null; } & { ...; }'.
tests/services/cmsService.test.ts(611,38): error TS7006: Parameter 't' implicitly has an 'any' type.
tests/websocket/message-queue.test.ts(128,14): error TS2532: Object is possibly 'undefined'.
tests/websocket/message-queue.test.ts(129,14): error TS2532: Object is possibly 'undefined'.
tests/websocket/message-queue.test.ts(165,14): error TS2532: Object is possibly 'undefined'.
tests/websocket/message-queue.test.ts(188,14): error TS2532: Object is possibly 'undefined'.
tests/websocket/websocket-server.test.ts(238,14): error TS2532: Object is possibly 'undefined'.
