src/api/ai-moderation.ts(3,31): error TS2614: Module '"../services/aiModerationService"' has no exported member 'ViolationType'. Did you mean to use 'import ViolationType from "../services/aiModerationService"' instead?
src/api/ai-moderation.ts(3,46): error TS2614: Module '"../services/aiModerationService"' has no exported member 'SeverityLevel'. Did you mean to use 'import SeverityLevel from "../services/aiModerationService"' instead?
src/api/ai-moderation.ts(4,10): error TS2305: Module '"../middleware/auth"' has no exported member 'authenticate'.
src/api/ai-moderation.ts(5,33): error TS2307: Cannot find module '../middleware/validation' or its corresponding type declarations.
src/api/ai-moderation.ts(10,27): error TS2554: Expected 3 arguments, but got 1.
src/api/ai-moderation.ts(94,44): error TS2339: Property 'getModerationQueue' does not exist on type 'AIModerationService'.
src/api/ai-moderation.ts(127,43): error TS2551: Property 'getModerationStats' does not exist on type 'AIModerationService'. Did you mean 'getModerationSettings'?
src/api/ai-moderation.ts(156,29): error TS2339: Property 'confirmViolation' does not exist on type 'AIModerationService'.
src/api/ai-moderation.ts(159,18): error TS2339: Property 'adminAction' does not exist on type 'PrismaClient<PrismaClientOptions, never, DefaultArgs>'.
src/api/ai-moderation.ts(196,29): error TS2339: Property 'markFalsePositive' does not exist on type 'AIModerationService'.
src/api/ai-moderation.ts(199,18): error TS2339: Property 'adminAction' does not exist on type 'PrismaClient<PrismaClientOptions, never, DefaultArgs>'.
src/api/ai-moderation.ts(230,115): error TS7030: Not all code paths return a value.
src/api/ai-moderation.ts(237,36): error TS2339: Property 'moderationQueue' does not exist on type 'PrismaClient<PrismaClientOptions, never, DefaultArgs>'.
src/api/ai-moderation.ts(258,11): error TS7053: Element implicitly has an 'any' type because expression of type '"applyPenalty"' can't be used to index type 'AIModerationService'.
  Property 'applyPenalty' does not exist on type 'AIModerationService'.
src/api/ai-moderation.ts(261,18): error TS2339: Property 'moderationQueue' does not exist on type 'PrismaClient<PrismaClientOptions, never, DefaultArgs>'.
src/api/ai-moderation.ts(274,18): error TS2339: Property 'adminAction' does not exist on type 'PrismaClient<PrismaClientOptions, never, DefaultArgs>'.
src/api/ai-moderation.ts(310,44): error TS2339: Property 'getUserViolationHistory' does not exist on type 'AIModerationService'.
src/api/ai-moderation.ts(340,7): error TS2375: Type '{ userId: string | undefined; }' is not assignable to type 'UserPenaltyWhereInput' with 'exactOptionalPropertyTypes: true'. Consider adding 'undefined' to the types of the target's properties.
  Types of property 'userId' are incompatible.
    Type 'string | undefined' is not assignable to type 'string | StringFilter<"UserPenalty">'.
      Type 'undefined' is not assignable to type 'string | StringFilter<"UserPenalty">'.
src/api/ai-moderation.ts(342,9): error TS2353: Object literal may only specify known properties, and 'appliedByUser' does not exist in type 'UserPenaltyInclude<DefaultArgs>'.
src/api/ai-moderation.ts(356,7): error TS2375: Type '{ userId: string | undefined; }' is not assignable to type 'UserPenaltyWhereInput' with 'exactOptionalPropertyTypes: true'. Consider adding 'undefined' to the types of the target's properties.
  Types of property 'userId' are incompatible.
    Type 'string | undefined' is not assignable to type 'string | StringFilter<"UserPenalty">'.
      Type 'undefined' is not assignable to type 'string | StringFilter<"UserPenalty">'.
src/api/ai-moderation.ts(385,65): error TS7030: Not all code paths return a value.
src/api/ai-moderation.ts(401,7): error TS2375: Type '{ id: string | undefined; }' is not assignable to type 'UserWhereUniqueInput' with 'exactOptionalPropertyTypes: true'. Consider adding 'undefined' to the types of the target's properties.
  Type '{ id: string | undefined; }' is not assignable to type '{ id: string; email: string; username: string; } & { id?: string; email?: string; username?: string; AND?: UserWhereInput | UserWhereInput[]; OR?: UserWhereInput[]; ... 55 more ...; WhitelistChanges?: WhitelistChangeListRelationFilter; }'.
    Type '{ id: string | undefined; }' is missing the following properties from type '{ id: string; email: string; username: string; }': email, username
src/api/ai-moderation.ts(421,11): error TS7053: Element implicitly has an 'any' type because expression of type '"applyPenalty"' can't be used to index type 'AIModerationService'.
  Property 'applyPenalty' does not exist on type 'AIModerationService'.
src/api/ai-moderation.ts(424,18): error TS2339: Property 'adminAction' does not exist on type 'PrismaClient<PrismaClientOptions, never, DefaultArgs>'.
src/api/ai-moderation.ts(463,7): error TS2375: Type '{ userId: string | undefined; isActive: true; }' is not assignable to type 'UserPenaltyWhereInput' with 'exactOptionalPropertyTypes: true'. Consider adding 'undefined' to the types of the target's properties.
  Types of property 'userId' are incompatible.
    Type 'string | undefined' is not assignable to type 'string | StringFilter<"UserPenalty">'.
      Type 'undefined' is not assignable to type 'string | StringFilter<"UserPenalty">'.
src/api/ai-moderation.ts(470,9): error TS2353: Object literal may only specify known properties, and 'notes' does not exist in type '(Without<UserPenaltyUpdateManyMutationInput, UserPenaltyUncheckedUpdateManyInput> & UserPenaltyUncheckedUpdateManyInput) | (Without<...> & UserPenaltyUpdateManyMutationInput)'.
src/api/ai-moderation.ts(476,7): error TS2375: Type '{ id: string | undefined; }' is not assignable to type 'UserWhereUniqueInput' with 'exactOptionalPropertyTypes: true'. Consider adding 'undefined' to the types of the target's properties.
  Type '{ id: string | undefined; }' is not assignable to type '{ id: string; email: string; username: string; } & { id?: string; email?: string; username?: string; AND?: UserWhereInput | UserWhereInput[]; OR?: UserWhereInput[]; ... 55 more ...; WhitelistChanges?: WhitelistChangeListRelationFilter; }'.
    Type '{ id: string | undefined; }' is missing the following properties from type '{ id: string; email: string; username: string; }': email, username
src/api/ai-moderation.ts(478,9): error TS2353: Object literal may only specify known properties, and 'isShadowBanned' does not exist in type '(Without<UserUpdateInput, UserUncheckedUpdateInput> & UserUncheckedUpdateInput) | (Without<...> & UserUpdateInput)'.
src/api/ai-moderation.ts(487,18): error TS2339: Property 'adminAction' does not exist on type 'PrismaClient<PrismaClientOptions, never, DefaultArgs>'.
src/api/ai-moderation.ts(518,74): error TS7030: Not all code paths return a value.
src/api/ai-moderation.ts(526,9): error TS2561: Object literal may only specify known properties, but 'subscription' does not exist in type 'UserInclude<DefaultArgs>'. Did you mean to write 'Subscription'?
src/api/ai-moderation.ts(544,30): error TS2551: Property 'subscription' does not exist on type '{ status: string; id: string; email: string; username: string; passwordHash: string; role: UserRole; firstName: string | null; lastName: string | null; avatarUrl: string | null; ... 10 more ...; lastLoginAt: Date | null; }'. Did you mean 'subscriptionTier'?
src/api/ai-moderation.ts(550,60): error TS2345: Argument of type '{ id: any; text: any; type: any; authorId: any; authorRole: any; subscriptionTier: any; accountAge: number; createdAt: Date; }' is not assignable to parameter of type 'ModerationRequest'.
  Type '{ id: any; text: any; type: any; authorId: any; authorRole: any; subscriptionTier: any; accountAge: number; createdAt: Date; }' is missing the following properties from type 'ModerationRequest': userId, contentType, contentId, content
src/api/ai-moderation.ts(555,23): error TS2339: Property 'approved' does not exist on type 'ModerationResult'.
src/api/ai-moderation.ts(588,37): error TS2339: Property 'confirmViolation' does not exist on type 'AIModerationService'.
src/api/ai-moderation.ts(592,37): error TS2339: Property 'markFalsePositive' does not exist on type 'AIModerationService'.
src/api/ai-moderation.ts(596,26): error TS2339: Property 'moderationQueue' does not exist on type 'PrismaClient<PrismaClientOptions, never, DefaultArgs>'.
src/api/ai-moderation.ts(612,18): error TS2339: Property 'adminAction' does not exist on type 'PrismaClient<PrismaClientOptions, never, DefaultArgs>'.
src/api/ai-moderation.ts(658,33): error TS2339: Property 'adminAlert' does not exist on type 'PrismaClient<PrismaClientOptions, never, DefaultArgs>'.
src/api/ai-moderation.ts(675,32): error TS2339: Property 'adminAlert' does not exist on type 'PrismaClient<PrismaClientOptions, never, DefaultArgs>'.
src/api/ai-moderation.ts(707,18): error TS2339: Property 'adminAlert' does not exist on type 'PrismaClient<PrismaClientOptions, never, DefaultArgs>'.
src/api/ai-moderation.ts(743,14): error TS2339: Property 'moderationQueue' does not exist on type 'PrismaClient<PrismaClientOptions, never, DefaultArgs>'.
src/api/ai-moderation.ts(747,14): error TS2339: Property 'adminAlert' does not exist on type 'PrismaClient<PrismaClientOptions, never, DefaultArgs>'.
src/api/aiModerationResolvers.ts(8,27): error TS2554: Expected 3 arguments, but got 1.
src/api/aiModerationResolvers.ts(27,38): error TS2339: Property 'getModerationQueue' does not exist on type 'AIModerationService'.
src/api/aiModerationResolvers.ts(42,33): error TS2339: Property 'moderationQueue' does not exist on type 'PrismaClient<PrismaClientOptions, never, DefaultArgs>'.
src/api/aiModerationResolvers.ts(71,38): error TS2339: Property 'getUserViolationHistory' does not exist on type 'AIModerationService'.
src/api/aiModerationResolvers.ts(83,11): error TS2561: Object literal may only specify known properties, but 'user' does not exist in type 'UserPenaltyInclude<DefaultArgs>'. Did you mean to write 'User'?
src/api/aiModerationResolvers.ts(122,38): error TS2551: Property 'getModerationStats' does not exist on type 'AIModerationService'. Did you mean 'getModerationSettings'?
src/api/aiModerationResolvers.ts(132,16): error TS2339: Property 'moderationQueue' does not exist on type 'PrismaClient<PrismaClientOptions, never, DefaultArgs>'.
src/api/aiModerationResolvers.ts(135,16): error TS2339: Property 'adminAlert' does not exist on type 'PrismaClient<PrismaClientOptions, never, DefaultArgs>'.
src/api/aiModerationResolvers.ts(166,35): error TS2339: Property 'adminAlert' does not exist on type 'PrismaClient<PrismaClientOptions, never, DefaultArgs>'.
src/api/aiModerationResolvers.ts(183,34): error TS2339: Property 'adminAlert' does not exist on type 'PrismaClient<PrismaClientOptions, never, DefaultArgs>'.
src/api/aiModerationResolvers.ts(199,27): error TS2339: Property 'adminAlert' does not exist on type 'PrismaClient<PrismaClientOptions, never, DefaultArgs>'.
src/api/aiModerationResolvers.ts(215,33): error TS2339: Property 'confirmViolation' does not exist on type 'AIModerationService'.
src/api/aiModerationResolvers.ts(218,22): error TS2339: Property 'adminAction' does not exist on type 'PrismaClient<PrismaClientOptions, never, DefaultArgs>'.
src/api/aiModerationResolvers.ts(230,42): error TS2339: Property 'moderationQueue' does not exist on type 'PrismaClient<PrismaClientOptions, never, DefaultArgs>'.
src/api/aiModerationResolvers.ts(257,33): error TS2339: Property 'markFalsePositive' does not exist on type 'AIModerationService'.
src/api/aiModerationResolvers.ts(260,22): error TS2339: Property 'adminAction' does not exist on type 'PrismaClient<PrismaClientOptions, never, DefaultArgs>'.
src/api/aiModerationResolvers.ts(272,42): error TS2339: Property 'moderationQueue' does not exist on type 'PrismaClient<PrismaClientOptions, never, DefaultArgs>'.
src/api/aiModerationResolvers.ts(302,40): error TS2339: Property 'moderationQueue' does not exist on type 'PrismaClient<PrismaClientOptions, never, DefaultArgs>'.
src/api/aiModerationResolvers.ts(320,15): error TS7053: Element implicitly has an 'any' type because expression of type '"applyPenalty"' can't be used to index type 'AIModerationService'.
  Property 'applyPenalty' does not exist on type 'AIModerationService'.
src/api/aiModerationResolvers.ts(323,22): error TS2339: Property 'moderationQueue' does not exist on type 'PrismaClient<PrismaClientOptions, never, DefaultArgs>'.
src/api/aiModerationResolvers.ts(336,22): error TS2339: Property 'adminAction' does not exist on type 'PrismaClient<PrismaClientOptions, never, DefaultArgs>'.
src/api/aiModerationResolvers.ts(348,42): error TS2339: Property 'moderationQueue' does not exist on type 'PrismaClient<PrismaClientOptions, never, DefaultArgs>'.
src/api/aiModerationResolvers.ts(386,39): error TS2339: Property 'confirmViolation' does not exist on type 'AIModerationService'.
src/api/aiModerationResolvers.ts(390,39): error TS2339: Property 'markFalsePositive' does not exist on type 'AIModerationService'.
src/api/aiModerationResolvers.ts(394,28): error TS2339: Property 'moderationQueue' does not exist on type 'PrismaClient<PrismaClientOptions, never, DefaultArgs>'.
src/api/aiModerationResolvers.ts(414,20): error TS2339: Property 'adminAction' does not exist on type 'PrismaClient<PrismaClientOptions, never, DefaultArgs>'.
src/api/aiModerationResolvers.ts(456,15): error TS7053: Element implicitly has an 'any' type because expression of type '"applyPenalty"' can't be used to index type 'AIModerationService'.
  Property 'applyPenalty' does not exist on type 'AIModerationService'.
src/api/aiModerationResolvers.ts(459,22): error TS2339: Property 'adminAction' does not exist on type 'PrismaClient<PrismaClientOptions, never, DefaultArgs>'.
src/api/aiModerationResolvers.ts(495,13): error TS2353: Object literal may only specify known properties, and 'notes' does not exist in type '(Without<UserPenaltyUpdateManyMutationInput, UserPenaltyUncheckedUpdateManyInput> & UserPenaltyUncheckedUpdateManyInput) | (Without<...> & UserPenaltyUpdateManyMutationInput)'.
src/api/aiModerationResolvers.ts(503,13): error TS2353: Object literal may only specify known properties, and 'isShadowBanned' does not exist in type '(Without<UserUpdateInput, UserUncheckedUpdateInput> & UserUncheckedUpdateInput) | (Without<...> & UserUpdateInput)'.
src/api/aiModerationResolvers.ts(512,22): error TS2339: Property 'adminAction' does not exist on type 'PrismaClient<PrismaClientOptions, never, DefaultArgs>'.
src/api/aiModerationResolvers.ts(545,13): error TS2561: Object literal may only specify known properties, but 'subscription' does not exist in type 'UserInclude<DefaultArgs>'. Did you mean to write 'Subscription'?
src/api/aiModerationResolvers.ts(560,40): error TS2551: Property 'subscription' does not exist on type '{ status: string; id: string; email: string; username: string; passwordHash: string; role: UserRole; firstName: string | null; lastName: string | null; avatarUrl: string | null; ... 10 more ...; lastLoginAt: Date | null; }'. Did you mean 'subscriptionTier'?
src/api/aiModerationResolvers.ts(568,64): error TS2345: Argument of type '{ id: any; text: any; type: any; authorId: any; authorRole: any; subscriptionTier: any; accountAge: number; createdAt: Date; }' is not assignable to parameter of type 'ModerationRequest'.
  Type '{ id: any; text: any; type: any; authorId: any; authorRole: any; subscriptionTier: any; accountAge: number; createdAt: Date; }' is missing the following properties from type 'ModerationRequest': userId, contentType, contentId, content
src/api/aiModerationResolvers.ts(586,22): error TS2339: Property 'adminAlert' does not exist on type 'PrismaClient<PrismaClientOptions, never, DefaultArgs>'.
src/api/aiModerationResolvers.ts(611,37): error TS2339: Property 'adminAlert' does not exist on type 'PrismaClient<PrismaClientOptions, never, DefaultArgs>'.
src/api/aiModerationResolvers.ts(638,33): error TS2339: Property 'startBackgroundMonitoring' does not exist on type 'AIModerationService'.
src/api/aiModerationResolvers.ts(641,22): error TS2339: Property 'adminAction' does not exist on type 'PrismaClient<PrismaClientOptions, never, DefaultArgs>'.
src/api/aiModerationResolvers.ts(679,33): error TS2339: Property 'stopBackgroundMonitoring' does not exist on type 'AIModerationService'.
src/api/aiModerationResolvers.ts(682,22): error TS2339: Property 'adminAction' does not exist on type 'PrismaClient<PrismaClientOptions, never, DefaultArgs>'.
src/api/aiModerationResolvers.ts(720,33): error TS2339: Property 'stopBackgroundMonitoring' does not exist on type 'AIModerationService'.
src/api/aiModerationResolvers.ts(722,33): error TS2339: Property 'startBackgroundMonitoring' does not exist on type 'AIModerationService'.
src/api/aiModerationResolvers.ts(725,22): error TS2339: Property 'adminAction' does not exist on type 'PrismaClient<PrismaClientOptions, never, DefaultArgs>'.
src/api/legal-routes.ts(13,11): error TS2430: Interface 'AuthenticatedRequest' incorrectly extends interface 'Request<ParamsDictionary, any, any, ParsedQs, Record<string, any>>'.
  Types of property 'user' are incompatible.
    Property 'role' is missing in type '{ id: string; email: string; username: string; subscriptionTier: string; status: string; emailVerified: boolean; }' but required in type '{ id: string; email: string; username: string; role: string; subscriptionTier: string; status: string; emailVerified: boolean; }'.
src/api/resolvers/aiAgentResolvers.ts(20,8): error TS2307: Cannot find module '../services/aiAgentService' or its corresponding type declarations.
src/api/resolvers/aiAgentResolvers.ts(21,24): error TS2307: Cannot find module '../utils/logger' or its corresponding type declarations.
src/api/routes/ai-agents.ts(26,8): error TS2307: Cannot find module '../services/aiAgentService' or its corresponding type declarations.
src/api/routes/ai-agents.ts(27,24): error TS2307: Cannot find module '../utils/logger' or its corresponding type declarations.
src/api/securityAlert.routes.ts(48,37): error TS7030: Not all code paths return a value.
src/api/securityAlert.routes.ts(65,36): error TS7030: Not all code paths return a value.
src/api/securityAlert.routes.ts(86,34): error TS7030: Not all code paths return a value.
src/api/securityAlert.routes.ts(173,45): error TS7030: Not all code paths return a value.
src/api/securityAlert.routes.ts(229,45): error TS7030: Not all code paths return a value.
src/api/securityAlert.routes.ts(284,43): error TS7030: Not all code paths return a value.
src/api/user-feedback.ts(130,67): error TS2345: Argument of type 'string | undefined' is not assignable to parameter of type 'string'.
  Type 'undefined' is not assignable to type 'string'.
src/api/user-feedback.ts(499,15): error TS2561: Object literal may only specify known properties, but 'article' does not exist in type 'UserFeedbackInclude<DefaultArgs>'. Did you mean to write 'Article'?
src/api/userFeedbackResolvers.ts(171,17): error TS2561: Object literal may only specify known properties, but 'article' does not exist in type 'UserFeedbackInclude<DefaultArgs>'. Did you mean to write 'Article'?
src/api/userFeedbackResolvers.ts(210,15): error TS2561: Object literal may only specify known properties, but 'article' does not exist in type 'UserFeedbackInclude<DefaultArgs>'. Did you mean to write 'Article'?
src/api/userFeedbackResolvers.ts(262,24): error TS2561: Object literal may only specify known properties, but 'article' does not exist in type 'UserFeedbackInclude<DefaultArgs>'. Did you mean to write 'Article'?
src/api/userFeedbackResolvers.ts(302,24): error TS2561: Object literal may only specify known properties, but 'article' does not exist in type 'UserFeedbackInclude<DefaultArgs>'. Did you mean to write 'Article'?
src/api/userFeedbackResolvers.ts(345,24): error TS2561: Object literal may only specify known properties, but 'article' does not exist in type 'UserFeedbackInclude<DefaultArgs>'. Did you mean to write 'Article'?
src/api/userFeedbackResolvers.ts(405,17): error TS2353: Object literal may only specify known properties, and 'resolution' does not exist in type 'NullableStringFieldUpdateOperationsInput'.
src/api/userFeedbackResolvers.ts(410,15): error TS2561: Object literal may only specify known properties, but 'article' does not exist in type 'UserFeedbackInclude<DefaultArgs>'. Did you mean to write 'Article'?
src/graphql/resolvers/moderation.ts(2,33): error TS2307: Cannot find module '../services/aiModerationService' or its corresponding type declarations.
src/graphql/resolvers/moderation.ts(5,24): error TS2307: Cannot find module '../config/pubsub' or its corresponding type declarations.
src/graphql/resolvers/moderation.ts(68,22): error TS2353: Object literal may only specify known properties, and 'status' does not exist in type 'UserPenaltyWhereInput'.
src/graphql/resolvers/moderation.ts(100,31): error TS2339: Property 'User' does not exist on type '{ status: string; id: string; createdAt: Date; updatedAt: Date; userId: string; severity: string; metadata: string | null; content: string; penaltyApplied: string | null; reviewedAt: Date | null; ... 12 more ...; resolutionNotes: string | null; }'.
src/graphql/resolvers/moderation.ts(103,42): error TS2339: Property 'UserPenalty' does not exist on type '{ status: string; id: string; createdAt: Date; updatedAt: Date; userId: string; severity: string; metadata: string | null; content: string; penaltyApplied: string | null; reviewedAt: Date | null; ... 12 more ...; resolutionNotes: string | null; }'.
src/graphql/resolvers/moderation.ts(120,11): error TS2561: Object literal may only specify known properties, but 'falsePositives' does not exist in type 'ViolationReportInclude<DefaultArgs>'. Did you mean to write 'FalsePositive'?
src/graphql/resolvers/moderation.ts(159,48): error TS7006: Parameter 'item' implicitly has an 'any' type.
src/graphql/resolvers/moderation.ts(163,56): error TS7006: Parameter 'item' implicitly has an 'any' type.
src/graphql/resolvers/moderation.ts(184,13): error TS2353: Object literal may only specify known properties, and 'isRead' does not exist in type 'ModerationAlertOrderByWithRelationInput'.
src/graphql/resolvers/moderation.ts(208,11): error TS2353: Object literal may only specify known properties, and 'appliedByUser' does not exist in type 'UserPenaltyInclude<DefaultArgs>'.
src/graphql/resolvers/moderation.ts(246,47): error TS2353: Object literal may only specify known properties, and 'status' does not exist in type 'UserPenaltyWhereInput'.
src/graphql/resolvers/moderation.ts(459,11): error TS2353: Object literal may only specify known properties, and 'isRead' does not exist in type '(Without<ModerationAlertUpdateInput, ModerationAlertUncheckedUpdateInput> & ModerationAlertUncheckedUpdateInput) | (Without<...> & ModerationAlertUpdateInput)'.
src/graphql/resolvers/moderation.ts(473,18): error TS2353: Object literal may only specify known properties, and 'isRead' does not exist in type 'ModerationAlertWhereInput'.
src/graphql/resolvers/moderation.ts(475,11): error TS2353: Object literal may only specify known properties, and 'isRead' does not exist in type '(Without<ModerationAlertUpdateManyMutationInput, ModerationAlertUncheckedUpdateManyInput> & ModerationAlertUncheckedUpdateManyInput) | (Without<...> & ModerationAlertUpdateManyMutationInput)'.
src/graphql/resolvers/moderation.ts(614,18): error TS2353: Object literal may only specify known properties, and 'violationId' does not exist in type 'UserPenaltyWhereInput'.
src/graphql/resolvers/moderation.ts(615,20): error TS2353: Object literal may only specify known properties, and 'appliedByUser' does not exist in type 'UserPenaltyInclude<DefaultArgs>'.
src/graphql/resolvers/moderation.ts(620,18): error TS2353: Object literal may only specify known properties, and 'violationId' does not exist in type 'FalsePositiveWhereInput'.
src/graphql/resolvers/moderation.ts(621,20): error TS2353: Object literal may only specify known properties, and 'reportedByUser' does not exist in type 'FalsePositiveInclude<DefaultArgs>'.
src/integrations/aiModerationIntegration.ts(9,27): error TS2554: Expected 3 arguments, but got 1.
src/integrations/aiModerationIntegration.ts(39,33): error TS2339: Property 'startBackgroundMonitoring' does not exist on type 'AIModerationService'.
src/integrations/aiModerationIntegration.ts(53,33): error TS2339: Property 'stopBackgroundMonitoring' does not exist on type 'AIModerationService'.
src/integrations/aiModerationIntegration.ts(106,38): error TS2339: Property 'moderationQueue' does not exist on type 'PrismaClient<PrismaClientOptions, never, DefaultArgs>'.
src/integrations/aiModerationIntegration.ts(111,42): error TS2339: Property 'moderationQueue' does not exist on type 'PrismaClient<PrismaClientOptions, never, DefaultArgs>'.
src/integrations/aiModerationIntegration.ts(183,16): error TS2339: Property 'moderationQueue' does not exist on type 'PrismaClient<PrismaClientOptions, never, DefaultArgs>'.
src/integrations/aiModerationIntegration.ts(184,16): error TS2339: Property 'moderationQueue' does not exist on type 'PrismaClient<PrismaClientOptions, never, DefaultArgs>'.
src/integrations/aiModerationIntegration.ts(185,16): error TS2339: Property 'moderationQueue' does not exist on type 'PrismaClient<PrismaClientOptions, never, DefaultArgs>'.
src/integrations/aiModerationIntegration.ts(186,16): error TS2339: Property 'moderationQueue' does not exist on type 'PrismaClient<PrismaClientOptions, never, DefaultArgs>'.
src/integrations/aiModerationIntegration.ts(191,16): error TS2339: Property 'userViolation' does not exist on type 'PrismaClient<PrismaClientOptions, never, DefaultArgs>'.
src/integrations/aiModerationIntegration.ts(192,16): error TS2339: Property 'userViolation' does not exist on type 'PrismaClient<PrismaClientOptions, never, DefaultArgs>'.
src/integrations/aiModerationIntegration.ts(193,16): error TS2339: Property 'userViolation' does not exist on type 'PrismaClient<PrismaClientOptions, never, DefaultArgs>'.
src/integrations/aiModerationIntegration.ts(209,45): error TS2339: Property 'moderationQueue' does not exist on type 'PrismaClient<PrismaClientOptions, never, DefaultArgs>'.
src/integrations/aiModerationIntegration.ts(261,20): error TS2561: Object literal may only specify known properties, but 'subscription' does not exist in type 'UserInclude<DefaultArgs>'. Did you mean to write 'Subscription'?
src/integrations/aiModerationIntegration.ts(275,32): error TS2551: Property 'subscription' does not exist on type '{ status: string; id: string; email: string; username: string; passwordHash: string; role: UserRole; firstName: string | null; lastName: string | null; avatarUrl: string | null; ... 10 more ...; lastLoginAt: Date | null; }'. Did you mean 'subscriptionTier'?
src/integrations/aiModerationIntegration.ts(281,54): error TS2345: Argument of type '{ id: string; text: string; type: "article" | "comment" | "post"; authorId: string; authorRole: any; subscriptionTier: any; accountAge: number; createdAt: Date; }' is not assignable to parameter of type 'ModerationRequest'.
  Type '{ id: string; text: string; type: "article" | "comment" | "post"; authorId: string; authorRole: any; subscriptionTier: any; accountAge: number; createdAt: Date; }' is missing the following properties from type 'ModerationRequest': userId, contentType, contentId, content
src/integrations/aiModerationIntegration.ts(306,37): error TS2339: Property 'confirmViolation' does not exist on type 'AIModerationService'.
src/integrations/aiModerationIntegration.ts(310,37): error TS2339: Property 'markFalsePositive' does not exist on type 'AIModerationService'.
src/integrations/aiModerationIntegration.ts(314,26): error TS2339: Property 'moderationQueue' does not exist on type 'PrismaClient<PrismaClientOptions, never, DefaultArgs>'.
src/integrations/aiModerationIntegration.ts(344,16): error TS2339: Property 'userViolation' does not exist on type 'PrismaClient<PrismaClientOptions, never, DefaultArgs>'.
src/integrations/aiModerationIntegration.ts(351,16): error TS2339: Property 'moderationQueue' does not exist on type 'PrismaClient<PrismaClientOptions, never, DefaultArgs>'.
src/integrations/aiModerationIntegration.ts(358,16): error TS2339: Property 'adminAlert' does not exist on type 'PrismaClient<PrismaClientOptions, never, DefaultArgs>'.
src/moderation/index.ts(307,57): error TS2379: Argument of type '{ content: string; contentType: string; contentId: string; userId: string; context?: string; }' is not assignable to parameter of type 'ModerationRequest' with 'exactOptionalPropertyTypes: true'. Consider adding 'undefined' to the types of the target's properties.
  Types of property 'contentType' are incompatible.
    Type 'string' is not assignable to type '"article" | "message" | "comment" | "post"'.
src/moderation/index.ts(329,48): error TS2353: Object literal may only specify known properties, and 'status' does not exist in type 'UserPenaltyWhereInput'.
src/moderation/index.ts(372,11): error TS2322: Type 'number | null' is not assignable to type 'number'.
  Type 'null' is not assignable to type 'number'.
src/moderation/index.ts(393,11): error TS2353: Object literal may only specify known properties, and 'none' does not exist in type '(Without<UserReputationNullableScalarRelationFilter, UserReputationWhereInput> & UserReputationWhereInput) | (Without<...> & UserReputationNullableScalarRelationFilter)'.
src/moderation/index.ts(403,34): error TS2339: Property 'initializeUserReputation' does not exist on type 'AIModerationService'.
src/routes/distribution.routes.ts(39,39): error TS7030: Not all code paths return a value.
src/routes/distribution.routes.ts(52,36): error TS7030: Not all code paths return a value.
src/routes/seoDashboard.routes.ts(81,61): error TS7030: Not all code paths return a value.
src/routes/seoDashboard.routes.ts(122,79): error TS7030: Not all code paths return a value.
src/routes/seoDashboard.routes.ts(141,63): error TS2379: Argument of type '{ position: number; url: any; title: any; snippet: any; clicks: number | undefined; impressions: number | undefined; }' is not assignable to parameter of type '{ position: number; url: string; title?: string; snippet?: string; clicks?: number; impressions?: number; }' with 'exactOptionalPropertyTypes: true'. Consider adding 'undefined' to the types of the target's properties.
  Types of property 'clicks' are incompatible.
    Type 'number | undefined' is not assignable to type 'number'.
      Type 'undefined' is not assignable to type 'number'.
src/routes/seoDashboard.routes.ts(206,66): error TS7030: Not all code paths return a value.
src/routes/seoDashboard.routes.ts(276,72): error TS7030: Not all code paths return a value.
src/routes/seoDashboard.routes.ts(308,75): error TS7030: Not all code paths return a value.
src/routes/seoDashboard.routes.ts(432,62): error TS7030: Not all code paths return a value.
src/routes/seoDashboard.routes.ts(474,43): error TS7030: Not all code paths return a value.
src/services/aiImageService.ts(203,13): error TS2375: Type '{ id: string; imageUrl: string; thumbnailUrl: string | undefined; altText: string; width: number | undefined; height: number | undefined; format: string | undefined; size: number | undefined; metadata: { ...; }; }' is not assignable to type 'ImageGenerationResult' with 'exactOptionalPropertyTypes: true'. Consider adding 'undefined' to the types of the target's properties.
  Types of property 'thumbnailUrl' are incompatible.
    Type 'string | undefined' is not assignable to type 'string'.
      Type 'undefined' is not assignable to type 'string'.
src/services/complianceMonitoringService.ts(114,7): error TS2375: Type '{ title: string; description: string; ruleType: string; regulatoryBody: string; requirement: string; implementationGuide: string; verificationMethod: string; priority: string; impactLevel: string; ... 7 more ...; category: string | undefined; }' is not assignable to type '(Without<ComplianceMonitorRuleCreateInput, ComplianceMonitorRuleUncheckedCreateInput> & ComplianceMonitorRuleUncheckedCreateInput) | (Without<...> & ComplianceMonitorRuleCreateInput)' with 'exactOptionalPropertyTypes: true'. Consider adding 'undefined' to the types of the target's properties.
  Type '{ title: string; description: string; ruleType: string; regulatoryBody: string; requirement: string; implementationGuide: string; verificationMethod: string; priority: string; impactLevel: string; ... 7 more ...; category: string | undefined; }' is not assignable to type 'Without<ComplianceMonitorRuleUncheckedCreateInput, ComplianceMonitorRuleCreateInput> & ComplianceMonitorRuleCreateInput' with 'exactOptionalPropertyTypes: true'. Consider adding 'undefined' to the types of the target's properties.
    Type '{ title: string; description: string; ruleType: string; regulatoryBody: string; requirement: string; implementationGuide: string; verificationMethod: string; priority: string; impactLevel: string; ... 7 more ...; category: string | undefined; }' is not assignable to type 'ComplianceMonitorRuleCreateInput' with 'exactOptionalPropertyTypes: true'. Consider adding 'undefined' to the types of the target's properties.
      Types of property 'verificationScript' are incompatible.
        Type 'string | undefined' is not assignable to type 'string | null'.
          Type 'undefined' is not assignable to type 'string | null'.
src/services/complianceMonitoringService.ts(199,7): error TS2375: Type '{ ruleId: string; checkMethod: string; checkedBy: string | undefined; status: string; complianceScore: number; issues: string | null; recommendations: string | null; evidenceUrls: string | null; ... 7 more ...; notes: string | undefined; }' is not assignable to type '(Without<ComplianceMonitorCheckCreateInput, ComplianceMonitorCheckUncheckedCreateInput> & ComplianceMonitorCheckUncheckedCreateInput) | (Without<...> & ComplianceMonitorCheckCreateInput)' with 'exactOptionalPropertyTypes: true'. Consider adding 'undefined' to the types of the target's properties.
  Type '{ ruleId: string; checkMethod: string; checkedBy: string | undefined; status: string; complianceScore: number; issues: string | null; recommendations: string | null; evidenceUrls: string | null; ... 7 more ...; notes: string | undefined; }' is not assignable to type 'Without<ComplianceMonitorCheckCreateInput, ComplianceMonitorCheckUncheckedCreateInput> & ComplianceMonitorCheckUncheckedCreateInput' with 'exactOptionalPropertyTypes: true'. Consider adding 'undefined' to the types of the target's properties.
    Type '{ ruleId: string; checkMethod: string; checkedBy: string | undefined; status: string; complianceScore: number; issues: string | null; recommendations: string | null; evidenceUrls: string | null; ... 7 more ...; notes: string | undefined; }' is not assignable to type 'ComplianceMonitorCheckUncheckedCreateInput' with 'exactOptionalPropertyTypes: true'. Consider adding 'undefined' to the types of the target's properties.
      Types of property 'checkedBy' are incompatible.
        Type 'string | undefined' is not assignable to type 'string | null'.
          Type 'undefined' is not assignable to type 'string | null'.
src/services/complianceMonitoringService.ts(273,7): error TS2375: Type '{ isResolved: true; resolvedAt: Date; resolvedBy: string; notes: string | undefined; }' is not assignable to type '(Without<ComplianceMonitorCheckUpdateInput, ComplianceMonitorCheckUncheckedUpdateInput> & ComplianceMonitorCheckUncheckedUpdateInput) | (Without<...> & ComplianceMonitorCheckUpdateInput)' with 'exactOptionalPropertyTypes: true'. Consider adding 'undefined' to the types of the target's properties.
  Type '{ isResolved: true; resolvedAt: Date; resolvedBy: string; notes: string | undefined; }' is not assignable to type 'Without<ComplianceMonitorCheckUncheckedUpdateInput, ComplianceMonitorCheckUpdateInput> & ComplianceMonitorCheckUpdateInput' with 'exactOptionalPropertyTypes: true'. Consider adding 'undefined' to the types of the target's properties.
    Type '{ isResolved: true; resolvedAt: Date; resolvedBy: string; notes: string | undefined; }' is not assignable to type 'ComplianceMonitorCheckUpdateInput' with 'exactOptionalPropertyTypes: true'. Consider adding 'undefined' to the types of the target's properties.
      Types of property 'notes' are incompatible.
        Type 'string | undefined' is not assignable to type 'string | NullableStringFieldUpdateOperationsInput | null'.
          Type 'undefined' is not assignable to type 'string | NullableStringFieldUpdateOperationsInput | null'.
src/services/complianceMonitoringService.ts(295,7): error TS2375: Type '{ title: string; description: string; guidelineType: string; source: string; eeatComponent: string | undefined; requirement: string; bestPractices: string; commonMistakes: string | null; ... 13 more ...; tutorialUrl: string | undefined; }' is not assignable to type '(Without<SEOComplianceMonitorRuleCreateInput, SEOComplianceMonitorRuleUncheckedCreateInput> & SEOComplianceMonitorRuleUncheckedCreateInput) | (Without<...> & SEOComplianceMonitorRuleCreateInput)' with 'exactOptionalPropertyTypes: true'. Consider adding 'undefined' to the types of the target's properties.
  Type '{ title: string; description: string; guidelineType: string; source: string; eeatComponent: string | undefined; requirement: string; bestPractices: string; commonMistakes: string | null; ... 13 more ...; tutorialUrl: string | undefined; }' is not assignable to type 'Without<SEOComplianceMonitorRuleUncheckedCreateInput, SEOComplianceMonitorRuleCreateInput> & SEOComplianceMonitorRuleCreateInput' with 'exactOptionalPropertyTypes: true'. Consider adding 'undefined' to the types of the target's properties.
    Type '{ title: string; description: string; guidelineType: string; source: string; eeatComponent: string | undefined; requirement: string; bestPractices: string; commonMistakes: string | null; ... 13 more ...; tutorialUrl: string | undefined; }' is not assignable to type 'SEOComplianceMonitorRuleCreateInput' with 'exactOptionalPropertyTypes: true'. Consider adding 'undefined' to the types of the target's properties.
      Types of property 'eeatComponent' are incompatible.
        Type 'string | undefined' is not assignable to type 'string | null'.
          Type 'undefined' is not assignable to type 'string | null'.
src/services/complianceMonitoringService.ts(389,7): error TS2375: Type '{ ruleId: string; contentId: string | undefined; checkMethod: string; checkedBy: string | undefined; status: string; complianceScore: number; eeatScore: number | undefined; passedChecks: string | null; ... 13 more ...; notes: string | undefined; }' is not assignable to type '(Without<SEOComplianceMonitorCheckCreateInput, SEOComplianceMonitorCheckUncheckedCreateInput> & SEOComplianceMonitorCheckUncheckedCreateInput) | (Without<...> & SEOComplianceMonitorCheckCreateInput)' with 'exactOptionalPropertyTypes: true'. Consider adding 'undefined' to the types of the target's properties.
  Type '{ ruleId: string; contentId: string | undefined; checkMethod: string; checkedBy: string | undefined; status: string; complianceScore: number; eeatScore: number | undefined; passedChecks: string | null; ... 13 more ...; notes: string | undefined; }' is not assignable to type 'Without<SEOComplianceMonitorCheckCreateInput, SEOComplianceMonitorCheckUncheckedCreateInput> & SEOComplianceMonitorCheckUncheckedCreateInput' with 'exactOptionalPropertyTypes: true'. Consider adding 'undefined' to the types of the target's properties.
    Type '{ ruleId: string; contentId: string | undefined; checkMethod: string; checkedBy: string | undefined; status: string; complianceScore: number; eeatScore: number | undefined; passedChecks: string | null; ... 13 more ...; notes: string | undefined; }' is not assignable to type 'SEOComplianceMonitorCheckUncheckedCreateInput' with 'exactOptionalPropertyTypes: true'. Consider adding 'undefined' to the types of the target's properties.
      Types of property 'contentId' are incompatible.
        Type 'string | undefined' is not assignable to type 'string | null'.
          Type 'undefined' is not assignable to type 'string | null'.
src/services/complianceMonitoringService.ts(471,7): error TS2375: Type '{ isResolved: true; resolvedAt: Date; notes: string | undefined; }' is not assignable to type '(Without<SEOComplianceMonitorCheckUpdateInput, SEOComplianceMonitorCheckUncheckedUpdateInput> & SEOComplianceMonitorCheckUncheckedUpdateInput) | (Without<...> & SEOComplianceMonitorCheckUpdateInput)' with 'exactOptionalPropertyTypes: true'. Consider adding 'undefined' to the types of the target's properties.
  Type '{ isResolved: true; resolvedAt: Date; notes: string | undefined; }' is not assignable to type 'Without<SEOComplianceMonitorCheckUncheckedUpdateInput, SEOComplianceMonitorCheckUpdateInput> & SEOComplianceMonitorCheckUpdateInput' with 'exactOptionalPropertyTypes: true'. Consider adding 'undefined' to the types of the target's properties.
    Type '{ isResolved: true; resolvedAt: Date; notes: string | undefined; }' is not assignable to type 'SEOComplianceMonitorCheckUpdateInput' with 'exactOptionalPropertyTypes: true'. Consider adding 'undefined' to the types of the target's properties.
      Types of property 'notes' are incompatible.
        Type 'string | undefined' is not assignable to type 'string | NullableStringFieldUpdateOperationsInput | null'.
          Type 'undefined' is not assignable to type 'string | NullableStringFieldUpdateOperationsInput | null'.
src/services/complianceMonitoringService.ts(772,7): error TS2375: Type '{ type: string; title: string; message: string; priority: string; ruleId: string | undefined; checkId: string | undefined; updateId: string | undefined; recipientRole: string | undefined; ... 4 more ...; metadata: string | null; }' is not assignable to type '(Without<ComplianceMonitorNotificationCreateInput, ComplianceMonitorNotificationUncheckedCreateInput> & ComplianceMonitorNotificationUncheckedCreateInput) | (Without<...> & ComplianceMonitorNotificationCreateInput)' with 'exactOptionalPropertyTypes: true'. Consider adding 'undefined' to the types of the target's properties.
  Type '{ type: string; title: string; message: string; priority: string; ruleId: string | undefined; checkId: string | undefined; updateId: string | undefined; recipientRole: string | undefined; ... 4 more ...; metadata: string | null; }' is not assignable to type 'Without<ComplianceMonitorNotificationUncheckedCreateInput, ComplianceMonitorNotificationCreateInput> & ComplianceMonitorNotificationCreateInput' with 'exactOptionalPropertyTypes: true'. Consider adding 'undefined' to the types of the target's properties.
    Type '{ type: string; title: string; message: string; priority: string; ruleId: string | undefined; checkId: string | undefined; updateId: string | undefined; recipientRole: string | undefined; ... 4 more ...; metadata: string | null; }' is not assignable to type 'ComplianceMonitorNotificationCreateInput' with 'exactOptionalPropertyTypes: true'. Consider adding 'undefined' to the types of the target's properties.
      Types of property 'ruleId' are incompatible.
        Type 'string | undefined' is not assignable to type 'string | null'.
          Type 'undefined' is not assignable to type 'string | null'.
src/services/contentStrategyService.ts(427,48): error TS18048: 'keyword' is possibly 'undefined'.
src/services/contentStrategyService.ts(437,29): error TS18048: 'keyword' is possibly 'undefined'.
src/services/contentStrategyService.ts(442,21): error TS18048: 'keyword' is possibly 'undefined'.
src/services/contentStrategyService.ts(446,37): error TS18048: 'keyword' is possibly 'undefined'.
src/services/distributionService.ts(39,5): error TS2375: Type '{ name: string; description: string | undefined; type: "AUTO_SHARE" | "EMAIL_NEWSLETTER" | "PARTNER_SYNDICATION"; targetPlatforms: string | null; contentFilter: string | null; schedule: string | undefined; startDate: Date | undefined; endDate: Date | undefined; status: string; }' is not assignable to type '(Without<DistributionCampaignCreateInput, DistributionCampaignUncheckedCreateInput> & DistributionCampaignUncheckedCreateInput) | (Without<...> & DistributionCampaignCreateInput)' with 'exactOptionalPropertyTypes: true'. Consider adding 'undefined' to the types of the target's properties.
  Type '{ name: string; description: string | undefined; type: "AUTO_SHARE" | "EMAIL_NEWSLETTER" | "PARTNER_SYNDICATION"; targetPlatforms: string | null; contentFilter: string | null; schedule: string | undefined; startDate: Date | undefined; endDate: Date | undefined; status: string; }' is not assignable to type 'Without<DistributionCampaignUncheckedCreateInput, DistributionCampaignCreateInput> & DistributionCampaignCreateInput' with 'exactOptionalPropertyTypes: true'. Consider adding 'undefined' to the types of the target's properties.
    Type '{ name: string; description: string | undefined; type: "AUTO_SHARE" | "EMAIL_NEWSLETTER" | "PARTNER_SYNDICATION"; targetPlatforms: string | null; contentFilter: string | null; schedule: string | undefined; startDate: Date | undefined; endDate: Date | undefined; status: string; }' is not assignable to type 'DistributionCampaignCreateInput' with 'exactOptionalPropertyTypes: true'. Consider adding 'undefined' to the types of the target's properties.
      Types of property 'description' are incompatible.
        Type 'string | undefined' is not assignable to type 'string | null'.
          Type 'undefined' is not assignable to type 'string | null'.
src/services/distributionService.ts(150,9): error TS2375: Type '{ campaignId: string | undefined; articleId: string; platform: "EMAIL" | "TWITTER" | "LINKEDIN" | "TELEGRAM" | "WHATSAPP"; status: string; scheduledAt: Date | undefined; metadata: string; }' is not assignable to type '(Without<ContentDistributionCreateInput, ContentDistributionUncheckedCreateInput> & ContentDistributionUncheckedCreateInput) | (Without<...> & ContentDistributionCreateInput)' with 'exactOptionalPropertyTypes: true'. Consider adding 'undefined' to the types of the target's properties.
  Type '{ campaignId: string | undefined; articleId: string; platform: "EMAIL" | "TWITTER" | "LINKEDIN" | "TELEGRAM" | "WHATSAPP"; status: string; scheduledAt: Date | undefined; metadata: string; }' is not assignable to type 'Without<ContentDistributionUncheckedCreateInput, ContentDistributionCreateInput> & ContentDistributionCreateInput' with 'exactOptionalPropertyTypes: true'. Consider adding 'undefined' to the types of the target's properties.
    Type '{ campaignId: string | undefined; articleId: string; platform: "EMAIL" | "TWITTER" | "LINKEDIN" | "TELEGRAM" | "WHATSAPP"; status: string; scheduledAt: Date | undefined; metadata: string; }' is not assignable to type 'Without<ContentDistributionUncheckedCreateInput, ContentDistributionCreateInput>' with 'exactOptionalPropertyTypes: true'. Consider adding 'undefined' to the types of the target's properties.
      Types of property 'campaignId' are incompatible.
        Type 'string | undefined' is not assignable to type 'never'.
          Type 'undefined' is not assignable to type 'never'.
src/services/distributionService.ts(342,5): error TS2375: Type '{ name: string; description: string | undefined; referrerReward: number; refereeReward: number; minimumShares: number; validFrom: Date; validUntil: Date | undefined; status: string; }' is not assignable to type '(Without<ReferralProgramCreateInput, ReferralProgramUncheckedCreateInput> & ReferralProgramUncheckedCreateInput) | (Without<...> & ReferralProgramCreateInput)' with 'exactOptionalPropertyTypes: true'. Consider adding 'undefined' to the types of the target's properties.
  Type '{ name: string; description: string | undefined; referrerReward: number; refereeReward: number; minimumShares: number; validFrom: Date; validUntil: Date | undefined; status: string; }' is not assignable to type 'Without<ReferralProgramUncheckedCreateInput, ReferralProgramCreateInput> & ReferralProgramCreateInput' with 'exactOptionalPropertyTypes: true'. Consider adding 'undefined' to the types of the target's properties.
    Type '{ name: string; description: string | undefined; referrerReward: number; refereeReward: number; minimumShares: number; validFrom: Date; validUntil: Date | undefined; status: string; }' is not assignable to type 'ReferralProgramCreateInput' with 'exactOptionalPropertyTypes: true'. Consider adding 'undefined' to the types of the target's properties.
      Types of property 'description' are incompatible.
        Type 'string | undefined' is not assignable to type 'string | null'.
          Type 'undefined' is not assignable to type 'string | null'.
src/services/distributionService.ts(372,5): error TS2375: Type '{ programId: string; referrerId: string; referralCode: string; contentShared: string | undefined; status: string; referrerReward: number; refereeReward: number; expiresAt: Date; }' is not assignable to type '(Without<ReferralCreateInput, ReferralUncheckedCreateInput> & ReferralUncheckedCreateInput) | (Without<...> & ReferralCreateInput)' with 'exactOptionalPropertyTypes: true'. Consider adding 'undefined' to the types of the target's properties.
  Type '{ programId: string; referrerId: string; referralCode: string; contentShared: string | undefined; status: string; referrerReward: number; refereeReward: number; expiresAt: Date; }' is not assignable to type 'Without<ReferralCreateInput, ReferralUncheckedCreateInput> & ReferralUncheckedCreateInput' with 'exactOptionalPropertyTypes: true'. Consider adding 'undefined' to the types of the target's properties.
    Type '{ programId: string; referrerId: string; referralCode: string; contentShared: string | undefined; status: string; referrerReward: number; refereeReward: number; expiresAt: Date; }' is not assignable to type 'ReferralUncheckedCreateInput' with 'exactOptionalPropertyTypes: true'. Consider adding 'undefined' to the types of the target's properties.
      Types of property 'contentShared' are incompatible.
        Type 'string | undefined' is not assignable to type 'string | null'.
          Type 'undefined' is not assignable to type 'string | null'.
src/services/distributionService.ts(517,5): error TS2375: Type '{ userId: string; rewardType: "READ" | "LIKE" | "SHARE" | "COMMENT" | "REFERRAL" | "LEADERBOARD" | "BONUS"; points: number; source: string; sourceType: "MANUAL" | "REFERRAL" | "ARTICLE" | "CAMPAIGN"; ... 4 more ...; processedAt: Date; }' is not assignable to type '(Without<UserRewardCreateInput, UserRewardUncheckedCreateInput> & UserRewardUncheckedCreateInput) | (Without<...> & UserRewardCreateInput)' with 'exactOptionalPropertyTypes: true'. Consider adding 'undefined' to the types of the target's properties.
  Type '{ userId: string; rewardType: "READ" | "LIKE" | "SHARE" | "COMMENT" | "REFERRAL" | "LEADERBOARD" | "BONUS"; points: number; source: string; sourceType: "MANUAL" | "REFERRAL" | "ARTICLE" | "CAMPAIGN"; ... 4 more ...; processedAt: Date; }' is not assignable to type 'Without<UserRewardUncheckedCreateInput, UserRewardCreateInput> & UserRewardCreateInput' with 'exactOptionalPropertyTypes: true'. Consider adding 'undefined' to the types of the target's properties.
    Type '{ userId: string; rewardType: "READ" | "LIKE" | "SHARE" | "COMMENT" | "REFERRAL" | "LEADERBOARD" | "BONUS"; points: number; source: string; sourceType: "MANUAL" | "REFERRAL" | "ARTICLE" | "CAMPAIGN"; ... 4 more ...; processedAt: Date; }' is not assignable to type 'UserRewardCreateInput' with 'exactOptionalPropertyTypes: true'. Consider adding 'undefined' to the types of the target's properties.
      Types of property 'description' are incompatible.
        Type 'string | undefined' is not assignable to type 'string | null'.
          Type 'undefined' is not assignable to type 'string | null'.
src/services/distributionService.ts(620,9): error TS2353: Object literal may only specify known properties, and 'timestamp' does not exist in type 'UserEngagementWhereInput'.
src/services/distributionService.ts(644,7): error TS2322: Type 'number | true | { id?: number; userId?: number; articleId?: number; postId?: number; actionType?: number; durationSeconds?: number; scrollPercentage?: number; deviceType?: number; userAgent?: number; ipAddress?: number; referrerUrl?: number; createdAt?: number; _all?: number; }' is not assignable to type 'number | IntFieldUpdateOperationsInput'.
  Type 'boolean' is not assignable to type 'number | IntFieldUpdateOperationsInput'.
src/services/distributionService.ts(656,7): error TS2322: Type 'number | true | { id?: number; userId?: number; articleId?: number; postId?: number; actionType?: number; durationSeconds?: number; scrollPercentage?: number; deviceType?: number; userAgent?: number; ipAddress?: number; referrerUrl?: number; createdAt?: number; _all?: number; }' is not assignable to type 'number'.
  Type 'boolean' is not assignable to type 'number'.
src/services/distributionService.ts(781,5): error TS2375: Type '{ partnerName: string; partnerDomain: string; contactEmail: string; apiKey: string; tier: "ENTERPRISE" | "PREMIUM" | "BASIC"; accessLevel: "PUBLIC" | "PREMIUM" | "ALL"; rateLimitPerHour: number; webhookUrl: string | undefined; status: string; widgetCode: string; }' is not assignable to type '(Without<PartnerSyndicationCreateInput, PartnerSyndicationUncheckedCreateInput> & PartnerSyndicationUncheckedCreateInput) | (Without<...> & PartnerSyndicationCreateInput)' with 'exactOptionalPropertyTypes: true'. Consider adding 'undefined' to the types of the target's properties.
  Type '{ partnerName: string; partnerDomain: string; contactEmail: string; apiKey: string; tier: "ENTERPRISE" | "PREMIUM" | "BASIC"; accessLevel: "PUBLIC" | "PREMIUM" | "ALL"; rateLimitPerHour: number; webhookUrl: string | undefined; status: string; widgetCode: string; }' is not assignable to type 'Without<PartnerSyndicationUncheckedCreateInput, PartnerSyndicationCreateInput> & PartnerSyndicationCreateInput' with 'exactOptionalPropertyTypes: true'. Consider adding 'undefined' to the types of the target's properties.
    Type '{ partnerName: string; partnerDomain: string; contactEmail: string; apiKey: string; tier: "ENTERPRISE" | "PREMIUM" | "BASIC"; accessLevel: "PUBLIC" | "PREMIUM" | "ALL"; rateLimitPerHour: number; webhookUrl: string | undefined; status: string; widgetCode: string; }' is not assignable to type 'PartnerSyndicationCreateInput' with 'exactOptionalPropertyTypes: true'. Consider adding 'undefined' to the types of the target's properties.
      Types of property 'webhookUrl' are incompatible.
        Type 'string | undefined' is not assignable to type 'string | null'.
          Type 'undefined' is not assignable to type 'string | null'.
src/services/distributionService.ts(830,5): error TS2375: Type '{ partnerId: string; articleId: string | undefined; requestType: string; requestPath: string; responseStatus: number; responseTime: number; bytesServed: number; ipAddress: string | undefined; userAgent: string | undefined; metadata: string | null; }' is not assignable to type '(Without<SyndicationRequestCreateInput, SyndicationRequestUncheckedCreateInput> & SyndicationRequestUncheckedCreateInput) | (Without<...> & SyndicationRequestCreateInput)' with 'exactOptionalPropertyTypes: true'. Consider adding 'undefined' to the types of the target's properties.
  Type '{ partnerId: string; articleId: string | undefined; requestType: string; requestPath: string; responseStatus: number; responseTime: number; bytesServed: number; ipAddress: string | undefined; userAgent: string | undefined; metadata: string | null; }' is not assignable to type 'Without<SyndicationRequestCreateInput, SyndicationRequestUncheckedCreateInput> & SyndicationRequestUncheckedCreateInput' with 'exactOptionalPropertyTypes: true'. Consider adding 'undefined' to the types of the target's properties.
    Type '{ partnerId: string; articleId: string | undefined; requestType: string; requestPath: string; responseStatus: number; responseTime: number; bytesServed: number; ipAddress: string | undefined; userAgent: string | undefined; metadata: string | null; }' is not assignable to type 'SyndicationRequestUncheckedCreateInput' with 'exactOptionalPropertyTypes: true'. Consider adding 'undefined' to the types of the target's properties.
      Types of property 'articleId' are incompatible.
        Type 'string | undefined' is not assignable to type 'string | null'.
          Type 'undefined' is not assignable to type 'string | null'.
src/services/distributionService.ts(877,7): error TS2532: Object is possibly 'undefined'.
src/services/distributionService.ts(913,5): error TS2375: Type '{ name: string; subject: string; content: string; recipientFilter: string | null; scheduledAt: Date | undefined; status: string; }' is not assignable to type '(Without<NewsletterCampaignCreateInput, NewsletterCampaignUncheckedCreateInput> & NewsletterCampaignUncheckedCreateInput) | (Without<...> & NewsletterCampaignCreateInput)' with 'exactOptionalPropertyTypes: true'. Consider adding 'undefined' to the types of the target's properties.
  Type '{ name: string; subject: string; content: string; recipientFilter: string | null; scheduledAt: Date | undefined; status: string; }' is not assignable to type 'Without<NewsletterCampaignUncheckedCreateInput, NewsletterCampaignCreateInput> & NewsletterCampaignCreateInput' with 'exactOptionalPropertyTypes: true'. Consider adding 'undefined' to the types of the target's properties.
    Type '{ name: string; subject: string; content: string; recipientFilter: string | null; scheduledAt: Date | undefined; status: string; }' is not assignable to type 'NewsletterCampaignCreateInput' with 'exactOptionalPropertyTypes: true'. Consider adding 'undefined' to the types of the target's properties.
      Types of property 'scheduledAt' are incompatible.
        Type 'Date | undefined' is not assignable to type 'string | Date | null'.
          Type 'undefined' is not assignable to type 'string | Date | null'.
src/services/engagementService.ts(328,15): error TS2375: Type '{ userId: string; type: string; threshold: number; currentValue: number; achieved: true; achievedAt: Date; rewardPoints: number | undefined; rewardBadge: string; }' is not assignable to type '(Without<EngagementMilestoneCreateInput, EngagementMilestoneUncheckedCreateInput> & EngagementMilestoneUncheckedCreateInput) | (Without<...> & EngagementMilestoneCreateInput)' with 'exactOptionalPropertyTypes: true'. Consider adding 'undefined' to the types of the target's properties.
  Type '{ userId: string; type: string; threshold: number; currentValue: number; achieved: true; achievedAt: Date; rewardPoints: number | undefined; rewardBadge: string; }' is not assignable to type 'Without<EngagementMilestoneUncheckedCreateInput, EngagementMilestoneCreateInput> & EngagementMilestoneCreateInput' with 'exactOptionalPropertyTypes: true'. Consider adding 'undefined' to the types of the target's properties.
    Type '{ userId: string; type: string; threshold: number; currentValue: number; achieved: true; achievedAt: Date; rewardPoints: number | undefined; rewardBadge: string; }' is not assignable to type 'EngagementMilestoneCreateInput' with 'exactOptionalPropertyTypes: true'. Consider adding 'undefined' to the types of the target's properties.
      Types of property 'rewardPoints' are incompatible.
        Type 'number | undefined' is not assignable to type 'number'.
          Type 'undefined' is not assignable to type 'number'.
src/services/engagementService.ts(464,25): error TS2532: Object is possibly 'undefined'.
src/services/engagementService.ts(690,7): error TS2375: Type '{ userId: string | undefined; title: string; body: string; icon: string | undefined; image: string | undefined; actionUrl: string | undefined; segment: string | undefined; status: string; }' is not assignable to type '(Without<PushNotificationCreateInput, PushNotificationUncheckedCreateInput> & PushNotificationUncheckedCreateInput) | (Without<...> & PushNotificationCreateInput)' with 'exactOptionalPropertyTypes: true'. Consider adding 'undefined' to the types of the target's properties.
  Type '{ userId: string | undefined; title: string; body: string; icon: string | undefined; image: string | undefined; actionUrl: string | undefined; segment: string | undefined; status: string; }' is not assignable to type 'Without<PushNotificationUncheckedCreateInput, PushNotificationCreateInput> & PushNotificationCreateInput' with 'exactOptionalPropertyTypes: true'. Consider adding 'undefined' to the types of the target's properties.
    Type '{ userId: string | undefined; title: string; body: string; icon: string | undefined; image: string | undefined; actionUrl: string | undefined; segment: string | undefined; status: string; }' is not assignable to type 'PushNotificationCreateInput' with 'exactOptionalPropertyTypes: true'. Consider adding 'undefined' to the types of the target's properties.
      Types of property 'userId' are incompatible.
        Type 'string | undefined' is not assignable to type 'string | null'.
          Type 'undefined' is not assignable to type 'string | null'.
src/services/engagementService.ts(882,9): error TS2322: Type '{ createdAt: { gte: Date; lte: Date; }; } | { createdAt?: never; }' is not assignable to type 'ReadingRewardWhereInput'.
  Type '{ createdAt: { gte: Date; lte: Date; }; }' has no properties in common with type 'ReadingRewardWhereInput'.
src/services/engagementService.ts(895,7): error TS2322: Type '{ User: { select: { id: true; username: true; email: true; avatarUrl: true; }; }; }' is not assignable to type 'never'.
src/services/engagementService.ts(912,7): error TS2322: Type '{ User: { select: { username: true; avatarUrl: true; }; }; }' is not assignable to type 'never'.
src/services/engagementService.ts(932,16): error TS18048: 'totalRewards._sum' is possibly 'undefined'.
src/services/imageOptimizationService.ts(138,9): error TS2322: Type 'Buffer<ArrayBufferLike>' is not assignable to type 'NonSharedBuffer'.
  Type 'ArrayBufferLike' is not assignable to type 'ArrayBuffer'.
    Type 'SharedArrayBuffer' is not assignable to type 'ArrayBuffer'.
      Types of property '[Symbol.toStringTag]' are incompatible.
        Type '"SharedArrayBuffer"' is not assignable to type '"ArrayBuffer"'.
src/services/imageOptimizationService.ts(159,9): error TS2375: Type '{ status: string; processingTime: number; webpPath: string | undefined; webpSize: number | undefined; avifPath: string | undefined; avifSize: number | undefined; smallPath: string | undefined; ... 9 more ...; compressionRatio: number; }' is not assignable to type '(Without<OptimizedImageUpdateInput, OptimizedImageUncheckedUpdateInput> & OptimizedImageUncheckedUpdateInput) | (Without<...> & OptimizedImageUpdateInput)' with 'exactOptionalPropertyTypes: true'. Consider adding 'undefined' to the types of the target's properties.
  Type '{ status: string; processingTime: number; webpPath: string | undefined; webpSize: number | undefined; avifPath: string | undefined; avifSize: number | undefined; smallPath: string | undefined; ... 9 more ...; compressionRatio: number; }' is not assignable to type 'Without<OptimizedImageUncheckedUpdateInput, OptimizedImageUpdateInput> & OptimizedImageUpdateInput' with 'exactOptionalPropertyTypes: true'. Consider adding 'undefined' to the types of the target's properties.
    Type '{ status: string; processingTime: number; webpPath: string | undefined; webpSize: number | undefined; avifPath: string | undefined; avifSize: number | undefined; smallPath: string | undefined; ... 9 more ...; compressionRatio: number; }' is not assignable to type 'OptimizedImageUpdateInput' with 'exactOptionalPropertyTypes: true'. Consider adding 'undefined' to the types of the target's properties.
      Types of property 'webpPath' are incompatible.
        Type 'string | undefined' is not assignable to type 'string | NullableStringFieldUpdateOperationsInput | null'.
          Type 'undefined' is not assignable to type 'string | NullableStringFieldUpdateOperationsInput | null'.
src/services/imageOptimizationService.ts(192,9): error TS2375: Type '{ small: string | undefined; medium: string | undefined; large: string | undefined; }' is not assignable to type '{ small?: string; medium?: string; large?: string; }' with 'exactOptionalPropertyTypes: true'. Consider adding 'undefined' to the types of the target's properties.
  Types of property 'small' are incompatible.
    Type 'string | undefined' is not assignable to type 'string'.
      Type 'undefined' is not assignable to type 'string'.
src/services/imageOptimizationService.ts(476,9): error TS2375: Type '{ name: string; description: string | undefined; status: string; totalImages: number; config: string; }' is not assignable to type '(Without<ImageBatchCreateInput, ImageBatchUncheckedCreateInput> & ImageBatchUncheckedCreateInput) | (Without<...> & ImageBatchCreateInput)' with 'exactOptionalPropertyTypes: true'. Consider adding 'undefined' to the types of the target's properties.
  Type '{ name: string; description: string | undefined; status: string; totalImages: number; config: string; }' is not assignable to type 'Without<ImageBatchUncheckedCreateInput, ImageBatchCreateInput> & ImageBatchCreateInput' with 'exactOptionalPropertyTypes: true'. Consider adding 'undefined' to the types of the target's properties.
    Type '{ name: string; description: string | undefined; status: string; totalImages: number; config: string; }' is not assignable to type 'ImageBatchCreateInput' with 'exactOptionalPropertyTypes: true'. Consider adding 'undefined' to the types of the target's properties.
      Types of property 'description' are incompatible.
        Type 'string | undefined' is not assignable to type 'string | null'.
          Type 'undefined' is not assignable to type 'string | null'.
src/services/imageOptimizationService.ts(594,7): error TS2375: Type '{ batchId: string; status: string; progressPercent: number; processedImages: number; totalImages: number; estimatedTimeLeft: number | undefined; }' is not assignable to type 'BatchProgressUpdate' with 'exactOptionalPropertyTypes: true'. Consider adding 'undefined' to the types of the target's properties.
  Types of property 'estimatedTimeLeft' are incompatible.
    Type 'number | undefined' is not assignable to type 'number'.
      Type 'undefined' is not assignable to type 'number'.
src/services/JYTokenService.ts(8,30): error TS2307: Cannot find module '../contracts/abis/JoyToken' or its corresponding type declarations.
src/services/JYTokenService.ts(83,20): error TS2561: Object literal may only specify known properties, but 'wallet' does not exist in type 'UserInclude<DefaultArgs>'. Did you mean to write 'Wallets'?
src/services/JYTokenService.ts(90,17): error TS2339: Property 'wallet' does not exist on type '{ status: string; id: string; email: string; username: string; passwordHash: string; role: UserRole; firstName: string | null; lastName: string | null; avatarUrl: string | null; ... 10 more ...; lastLoginAt: Date | null; }'.
src/services/JYTokenService.ts(94,16): error TS2339: Property 'cePoints' does not exist on type '{ status: string; id: string; email: string; username: string; passwordHash: string; role: UserRole; firstName: string | null; lastName: string | null; avatarUrl: string | null; ... 10 more ...; lastLoginAt: Date | null; }'.
src/services/JYTokenService.ts(95,63): error TS2339: Property 'cePoints' does not exist on type '{ status: string; id: string; email: string; username: string; passwordHash: string; role: UserRole; firstName: string | null; lastName: string | null; avatarUrl: string | null; ... 10 more ...; lastLoginAt: Date | null; }'.
src/services/JYTokenService.ts(111,14): error TS2339: Property 'wallet' does not exist on type '{ status: string; id: string; email: string; username: string; passwordHash: string; role: UserRole; firstName: string | null; lastName: string | null; avatarUrl: string | null; ... 10 more ...; lastLoginAt: Date | null; }'.
src/services/JYTokenService.ts(124,13): error TS2353: Object literal may only specify known properties, and 'cePoints' does not exist in type '(Without<UserUpdateInput, UserUncheckedUpdateInput> & UserUncheckedUpdateInput) | (Without<...> & UserUpdateInput)'.
src/services/JYTokenService.ts(131,29): error TS2339: Property 'wallet' does not exist on type '{ status: string; id: string; email: string; username: string; passwordHash: string; role: UserRole; firstName: string | null; lastName: string | null; avatarUrl: string | null; ... 10 more ...; lastLoginAt: Date | null; }'.
src/services/JYTokenService.ts(147,30): error TS2339: Property 'wallet' does not exist on type '{ status: string; id: string; email: string; username: string; passwordHash: string; role: UserRole; firstName: string | null; lastName: string | null; avatarUrl: string | null; ... 10 more ...; lastLoginAt: Date | null; }'.
src/services/JYTokenService.ts(151,13): error TS2353: Object literal may only specify known properties, and 'blockchainNetwork' does not exist in type 'Without<WalletTransactionCreateInput, WalletTransactionUncheckedCreateInput> & WalletTransactionUncheckedCreateInput'.
src/services/JYTokenService.ts(246,40): error TS2339: Property 'privateKey' does not exist on type '{ status: string; id: string; email: string; username: string; passwordHash: string; role: UserRole; firstName: string | null; lastName: string | null; avatarUrl: string | null; ... 10 more ...; lastLoginAt: Date | null; }'.
src/services/JYTokenService.ts(278,13): error TS2353: Object literal may only specify known properties, and 'blockchainNetwork' does not exist in type 'Without<WalletTransactionCreateInput, WalletTransactionUncheckedCreateInput> & WalletTransactionUncheckedCreateInput'.
src/services/JYTokenService.ts(309,40): error TS2339: Property 'privateKey' does not exist on type '{ status: string; id: string; email: string; username: string; passwordHash: string; role: UserRole; firstName: string | null; lastName: string | null; avatarUrl: string | null; ... 10 more ...; lastLoginAt: Date | null; }'.
src/services/JYTokenService.ts(353,40): error TS2339: Property 'privateKey' does not exist on type '{ status: string; id: string; email: string; username: string; passwordHash: string; role: UserRole; firstName: string | null; lastName: string | null; avatarUrl: string | null; ... 10 more ...; lastLoginAt: Date | null; }'.
src/services/JYTokenService.ts(385,13): error TS2353: Object literal may only specify known properties, and 'blockchainNetwork' does not exist in type 'Without<WalletTransactionCreateInput, WalletTransactionUncheckedCreateInput> & WalletTransactionUncheckedCreateInput'.
src/services/JYTokenService.ts(425,40): error TS2339: Property 'privateKey' does not exist on type '{ status: string; id: string; email: string; username: string; passwordHash: string; role: UserRole; firstName: string | null; lastName: string | null; avatarUrl: string | null; ... 10 more ...; lastLoginAt: Date | null; }'.
src/services/JYTokenService.ts(460,13): error TS2353: Object literal may only specify known properties, and 'blockchainNetwork' does not exist in type 'Without<WalletTransactionCreateInput, WalletTransactionUncheckedCreateInput> & WalletTransactionUncheckedCreateInput'.
src/services/linkBuildingService.ts(198,7): error TS2375: Type '{ status: string; lastCheckedAt: Date; removedAt: Date | undefined; }' is not assignable to type '(Without<BacklinkUpdateInput, BacklinkUncheckedUpdateInput> & BacklinkUncheckedUpdateInput) | (Without<...> & BacklinkUpdateInput)' with 'exactOptionalPropertyTypes: true'. Consider adding 'undefined' to the types of the target's properties.
  Type '{ status: string; lastCheckedAt: Date; removedAt: Date | undefined; }' is not assignable to type 'Without<BacklinkUncheckedUpdateInput, BacklinkUpdateInput> & BacklinkUpdateInput' with 'exactOptionalPropertyTypes: true'. Consider adding 'undefined' to the types of the target's properties.
    Type '{ status: string; lastCheckedAt: Date; removedAt: Date | undefined; }' is not assignable to type 'BacklinkUpdateInput' with 'exactOptionalPropertyTypes: true'. Consider adding 'undefined' to the types of the target's properties.
      Types of property 'removedAt' are incompatible.
        Type 'Date | undefined' is not assignable to type 'string | Date | NullableDateTimeFieldUpdateOperationsInput | null'.
          Type 'undefined' is not assignable to type 'string | Date | NullableDateTimeFieldUpdateOperationsInput | null'.
src/services/linkBuildingService.ts(236,7): error TS2375: Type '{ goals: string | undefined; strategy: string | undefined; targetBacklinks: number; targetDomainAuth: number; region: string; priority: string; status: string; backlinksAcquired: number; ... 11 more ...; assignedTo?: string; }' is not assignable to type '(Without<LinkBuildingCampaignCreateInput, LinkBuildingCampaignUncheckedCreateInput> & LinkBuildingCampaignUncheckedCreateInput) | (Without<...> & LinkBuildingCampaignCreateInput)' with 'exactOptionalPropertyTypes: true'. Consider adding 'undefined' to the types of the target's properties.
  Type '{ goals: string | undefined; strategy: string | undefined; targetBacklinks: number; targetDomainAuth: number; region: string; priority: string; status: string; backlinksAcquired: number; ... 11 more ...; assignedTo?: string; }' is not assignable to type 'Without<LinkBuildingCampaignUncheckedCreateInput, LinkBuildingCampaignCreateInput> & LinkBuildingCampaignCreateInput' with 'exactOptionalPropertyTypes: true'. Consider adding 'undefined' to the types of the target's properties.
    Type '{ goals: string | undefined; strategy: string | undefined; targetBacklinks: number; targetDomainAuth: number; region: string; priority: string; status: string; backlinksAcquired: number; ... 11 more ...; assignedTo?: string; }' is not assignable to type 'LinkBuildingCampaignCreateInput' with 'exactOptionalPropertyTypes: true'. Consider adding 'undefined' to the types of the target's properties.
      Types of property 'goals' are incompatible.
        Type 'string | undefined' is not assignable to type 'string | null'.
          Type 'undefined' is not assignable to type 'string | null'.
src/services/linkBuildingService.ts(463,7): error TS2375: Type '{ status: string; relationshipStrength: string | undefined; }' is not assignable to type '(Without<LinkProspectUpdateInput, LinkProspectUncheckedUpdateInput> & LinkProspectUncheckedUpdateInput) | (Without<...> & LinkProspectUpdateInput)' with 'exactOptionalPropertyTypes: true'. Consider adding 'undefined' to the types of the target's properties.
  Type '{ status: string; relationshipStrength: string | undefined; }' is not assignable to type 'Without<LinkProspectUncheckedUpdateInput, LinkProspectUpdateInput> & LinkProspectUpdateInput' with 'exactOptionalPropertyTypes: true'. Consider adding 'undefined' to the types of the target's properties.
    Type '{ status: string; relationshipStrength: string | undefined; }' is not assignable to type 'LinkProspectUpdateInput' with 'exactOptionalPropertyTypes: true'. Consider adding 'undefined' to the types of the target's properties.
      Types of property 'relationshipStrength' are incompatible.
        Type 'string | undefined' is not assignable to type 'string | StringFieldUpdateOperationsInput'.
          Type 'undefined' is not assignable to type 'string | StringFieldUpdateOperationsInput'.
src/services/localSeoService.ts(149,5): error TS2375: Type 'Partial<{ categories: string | undefined; businessHours: string | undefined; completionScore: number; profileStatus: string; updatedAt: Date; businessName?: string; businessDescription?: string; ... 12 more ...; coverImageUrl?: string; }>' is not assignable to type '(Without<GoogleMyBusinessUpdateInput, GoogleMyBusinessUncheckedUpdateInput> & GoogleMyBusinessUncheckedUpdateInput) | (Without<...> & GoogleMyBusinessUpdateInput)' with 'exactOptionalPropertyTypes: true'. Consider adding 'undefined' to the types of the target's properties.
  Type 'Partial<{ categories: string | undefined; businessHours: string | undefined; completionScore: number; profileStatus: string; updatedAt: Date; businessName?: string; businessDescription?: string; ... 12 more ...; coverImageUrl?: string; }>' is not assignable to type 'Without<GoogleMyBusinessUncheckedUpdateInput, GoogleMyBusinessUpdateInput> & GoogleMyBusinessUpdateInput' with 'exactOptionalPropertyTypes: true'. Consider adding 'undefined' to the types of the target's properties.
    Type 'Partial<{ categories: string | undefined; businessHours: string | undefined; completionScore: number; profileStatus: string; updatedAt: Date; businessName?: string; businessDescription?: string; ... 12 more ...; coverImageUrl?: string; }>' is not assignable to type 'GoogleMyBusinessUpdateInput' with 'exactOptionalPropertyTypes: true'. Consider adding 'undefined' to the types of the target's properties.
      Types of property 'categories' are incompatible.
        Type 'string | undefined' is not assignable to type 'string | StringFieldUpdateOperationsInput'.
          Type 'undefined' is not assignable to type 'string | StringFieldUpdateOperationsInput'.
src/services/localSeoService.ts(229,5): error TS2375: Type 'Partial<{ country: string | undefined; city: string | undefined; isVerified: boolean | undefined; profileStatus: string | undefined; }>' is not assignable to type 'GoogleMyBusinessWhereInput' with 'exactOptionalPropertyTypes: true'. Consider adding 'undefined' to the types of the target's properties.
  Types of property 'country' are incompatible.
    Type 'string | undefined' is not assignable to type 'string | StringFilter<"GoogleMyBusiness">'.
      Type 'undefined' is not assignable to type 'string | StringFilter<"GoogleMyBusiness">'.
src/services/localSeoService.ts(282,5): error TS2375: Type 'Partial<{ gmbId: string; keyword: string; keywordType: "PRODUCT" | "SERVICE" | "CITY" | "REGION" | "BRANDED"; targetCity: string; targetRegion: string | undefined; targetCountry: string; searchVolume: number; difficulty: number; competition: "LOW" | ... 1 more ... | "MEDIUM"; optimizationScore: number; }>' is not assignable to type '(Without<LocalKeywordCreateInput, LocalKeywordUncheckedCreateInput> & LocalKeywordUncheckedCreateInput) | (Without<...> & LocalKeywordCreateInput)' with 'exactOptionalPropertyTypes: true'. Consider adding 'undefined' to the types of the target's properties.
  Type 'Partial<{ gmbId: string; keyword: string; keywordType: "PRODUCT" | "SERVICE" | "CITY" | "REGION" | "BRANDED"; targetCity: string; targetRegion: string | undefined; targetCountry: string; searchVolume: number; difficulty: number; competition: "LOW" | ... 1 more ... | "MEDIUM"; optimizationScore: number; }>' is not assignable to type 'Without<LocalKeywordUncheckedCreateInput, LocalKeywordCreateInput> & LocalKeywordCreateInput' with 'exactOptionalPropertyTypes: true'. Consider adding 'undefined' to the types of the target's properties.
    Type 'Partial<{ gmbId: string; keyword: string; keywordType: "PRODUCT" | "SERVICE" | "CITY" | "REGION" | "BRANDED"; targetCity: string; targetRegion: string | undefined; targetCountry: string; searchVolume: number; difficulty: number; competition: "LOW" | ... 1 more ... | "MEDIUM"; optimizationScore: number; }>' is not assignable to type 'Without<LocalKeywordUncheckedCreateInput, LocalKeywordCreateInput>' with 'exactOptionalPropertyTypes: true'. Consider adding 'undefined' to the types of the target's properties.
      Types of property 'gmbId' are incompatible.
        Type 'string' is not assignable to type 'never'.
src/services/localSeoService.ts(389,5): error TS2375: Type 'Partial<{ gmbId: string; directoryName: string; directoryUrl: string; directoryType: "SOCIAL" | "LOCAL" | "NATIONAL" | "INDUSTRY"; businessName: string; businessAddress: string | undefined; ... 5 more ...; citationStatus: string; }>' is not assignable to type '(Without<LocalCitationCreateInput, LocalCitationUncheckedCreateInput> & LocalCitationUncheckedCreateInput) | (Without<...> & LocalCitationCreateInput)' with 'exactOptionalPropertyTypes: true'. Consider adding 'undefined' to the types of the target's properties.
  Type 'Partial<{ gmbId: string; directoryName: string; directoryUrl: string; directoryType: "SOCIAL" | "LOCAL" | "NATIONAL" | "INDUSTRY"; businessName: string; businessAddress: string | undefined; ... 5 more ...; citationStatus: string; }>' is not assignable to type 'Without<LocalCitationUncheckedCreateInput, LocalCitationCreateInput> & LocalCitationCreateInput' with 'exactOptionalPropertyTypes: true'. Consider adding 'undefined' to the types of the target's properties.
    Type 'Partial<{ gmbId: string; directoryName: string; directoryUrl: string; directoryType: "SOCIAL" | "LOCAL" | "NATIONAL" | "INDUSTRY"; businessName: string; businessAddress: string | undefined; ... 5 more ...; citationStatus: string; }>' is not assignable to type 'Without<LocalCitationUncheckedCreateInput, LocalCitationCreateInput>' with 'exactOptionalPropertyTypes: true'. Consider adding 'undefined' to the types of the target's properties.
      Types of property 'gmbId' are incompatible.
        Type 'string' is not assignable to type 'never'.
src/services/localSeoService.ts(436,5): error TS2375: Type 'Partial<{ gmbId: string; directoryType: string | undefined; citationStatus: string | undefined; napConsistent: boolean | undefined; }>' is not assignable to type 'LocalCitationWhereInput' with 'exactOptionalPropertyTypes: true'. Consider adding 'undefined' to the types of the target's properties.
  Types of property 'directoryType' are incompatible.
    Type 'string | undefined' is not assignable to type 'string | StringFilter<"LocalCitation">'.
      Type 'undefined' is not assignable to type 'string | StringFilter<"LocalCitation">'.
src/services/localSeoService.ts(586,5): error TS2375: Type 'Partial<{ articleId: string | undefined; title: string; slug: string; targetCity: string; targetRegion: string | undefined; targetCountry: string; contentType: "ARTICLE" | "DIRECTORY" | "GUIDE" | "NEWS" | "EVENT"; ... 4 more ...; publishedAt: Date; }>' is not assignable to type '(Without<LocalContentCreateInput, LocalContentUncheckedCreateInput> & LocalContentUncheckedCreateInput) | (Without<...> & LocalContentCreateInput)' with 'exactOptionalPropertyTypes: true'. Consider adding 'undefined' to the types of the target's properties.
  Type 'Partial<{ articleId: string | undefined; title: string; slug: string; targetCity: string; targetRegion: string | undefined; targetCountry: string; contentType: "ARTICLE" | "DIRECTORY" | "GUIDE" | "NEWS" | "EVENT"; ... 4 more ...; publishedAt: Date; }>' is not assignable to type 'Without<LocalContentUncheckedCreateInput, LocalContentCreateInput> & LocalContentCreateInput' with 'exactOptionalPropertyTypes: true'. Consider adding 'undefined' to the types of the target's properties.
    Type 'Partial<{ articleId: string | undefined; title: string; slug: string; targetCity: string; targetRegion: string | undefined; targetCountry: string; contentType: "ARTICLE" | "DIRECTORY" | "GUIDE" | "NEWS" | "EVENT"; ... 4 more ...; publishedAt: Date; }>' is not assignable to type 'LocalContentCreateInput' with 'exactOptionalPropertyTypes: true'. Consider adding 'undefined' to the types of the target's properties.
      Property 'title' is optional in type 'Partial<{ articleId: string | undefined; title: string; slug: string; targetCity: string; targetRegion: string | undefined; targetCountry: string; contentType: "ARTICLE" | "DIRECTORY" | "GUIDE" | "NEWS" | "EVENT"; ... 4 more ...; publishedAt: Date; }>' but required in type 'LocalContentCreateInput'.
src/services/localSeoService.ts(623,5): error TS2375: Type '{ targetCity: string | undefined; targetCountry: string | undefined; contentType: string | undefined; }' is not assignable to type 'LocalContentWhereInput' with 'exactOptionalPropertyTypes: true'. Consider adding 'undefined' to the types of the target's properties.
  Types of property 'targetCity' are incompatible.
    Type 'string | undefined' is not assignable to type 'string | StringFilter<"LocalContent">'.
      Type 'undefined' is not assignable to type 'string | StringFilter<"LocalContent">'.
src/services/localSeoService.ts(918,3): error TS2375: Type '{ label: "POSITIVE" | "NEUTRAL" | "NEGATIVE"; score: number; topics: string[] | undefined; }' is not assignable to type '{ label: "POSITIVE" | "NEUTRAL" | "NEGATIVE"; score: number; topics?: string[]; }' with 'exactOptionalPropertyTypes: true'. Consider adding 'undefined' to the types of the target's properties.
  Types of property 'topics' are incompatible.
    Type 'string[] | undefined' is not assignable to type 'string[]'.
      Type 'undefined' is not assignable to type 'string[]'.
src/services/localSeoService.ts(932,5): error TS2375: Type '{ avgRating: number | undefined; reviewCount: number; updatedAt: Date; }' is not assignable to type '(Without<GoogleMyBusinessUpdateInput, GoogleMyBusinessUncheckedUpdateInput> & GoogleMyBusinessUncheckedUpdateInput) | (Without<...> & GoogleMyBusinessUpdateInput)' with 'exactOptionalPropertyTypes: true'. Consider adding 'undefined' to the types of the target's properties.
  Type '{ avgRating: number | undefined; reviewCount: number; updatedAt: Date; }' is not assignable to type 'Without<GoogleMyBusinessUncheckedUpdateInput, GoogleMyBusinessUpdateInput> & GoogleMyBusinessUpdateInput' with 'exactOptionalPropertyTypes: true'. Consider adding 'undefined' to the types of the target's properties.
    Type '{ avgRating: number | undefined; reviewCount: number; updatedAt: Date; }' is not assignable to type 'GoogleMyBusinessUpdateInput' with 'exactOptionalPropertyTypes: true'. Consider adding 'undefined' to the types of the target's properties.
      Types of property 'avgRating' are incompatible.
        Type 'number | undefined' is not assignable to type 'number | NullableFloatFieldUpdateOperationsInput | null'.
          Type 'undefined' is not assignable to type 'number | NullableFloatFieldUpdateOperationsInput | null'.
src/services/PermissionService.ts(26,7): error TS2741: Property 'ADMIN' is missing in type '{ SUPER_ADMIN: number; TECH_ADMIN: number; MARKETING_ADMIN: number; CONTENT_ADMIN: number; USER: number; }' but required in type 'Record<UserRole, number>'.
src/services/predictiveSeoService.ts(498,7): error TS2322: Type '{ competitorId: string; domain: string; contentStrategy: string; keywordStrategy: string; backlinkStrategy: string; technicalStrategy: string; strengths: string; weaknesses: string; opportunities: string; ... 5 more ...; estimatedImpact: number; }' is not assignable to type '(Without<CompetitorIntelligenceCreateInput, CompetitorIntelligenceUncheckedCreateInput> & CompetitorIntelligenceUncheckedCreateInput) | (Without<...> & CompetitorIntelligenceCreateInput)'.
  Type '{ competitorId: string; domain: string; contentStrategy: string; keywordStrategy: string; backlinkStrategy: string; technicalStrategy: string; strengths: string; weaknesses: string; opportunities: string; ... 5 more ...; estimatedImpact: number; }' is not assignable to type 'Without<CompetitorIntelligenceUncheckedCreateInput, CompetitorIntelligenceCreateInput> & CompetitorIntelligenceCreateInput'.
    Type '{ competitorId: string; domain: string; contentStrategy: string; keywordStrategy: string; backlinkStrategy: string; technicalStrategy: string; strengths: string; weaknesses: string; opportunities: string; ... 5 more ...; estimatedImpact: number; }' is missing the following properties from type 'CompetitorIntelligenceCreateInput': topKeywords, priorityActions
src/services/predictiveSeoService.ts(679,7): error TS2322: Type '{ id: string; keywordId: string; keyword: string; forecast30Days: string; forecast60Days: string; forecast90Days: string; trendDirection: string; trendStrength: number; volatility: number; currentVolume: any; ... 11 more ...; confidence: number; }' is not assignable to type '(Without<SearchForecastCreateInput, SearchForecastUncheckedCreateInput> & SearchForecastUncheckedCreateInput) | (Without<...> & SearchForecastCreateInput)'.
  Type '{ id: string; keywordId: string; keyword: string; forecast30Days: string; forecast60Days: string; forecast90Days: string; trendDirection: string; trendStrength: number; volatility: number; currentVolume: any; ... 11 more ...; confidence: number; }' is not assignable to type 'Without<SearchForecastUncheckedCreateInput, SearchForecastCreateInput> & SearchForecastCreateInput'.
    Type '{ id: string; keywordId: string; keyword: string; forecast30Days: string; forecast60Days: string; forecast90Days: string; trendDirection: string; trendStrength: number; volatility: number; currentVolume: any; ... 11 more ...; confidence: number; }' is missing the following properties from type 'SearchForecastCreateInput': seasonality, factors, opportunities, risks
src/services/predictiveSeoService.ts(884,7): error TS2322: Type '{ contentId: string; url: string; keyword: string; currentRanking: number; currentScore: number; currentTraffic: number; predicted7Days: string; predicted14Days: string; predicted30Days: string; ... 9 more ...; confidence: number; }' is not assignable to type '(Without<RankingPredictionCreateInput, RankingPredictionUncheckedCreateInput> & RankingPredictionUncheckedCreateInput) | (Without<...> & RankingPredictionCreateInput)'.
  Type '{ contentId: string; url: string; keyword: string; currentRanking: number; currentScore: number; currentTraffic: number; predicted7Days: string; predicted14Days: string; predicted30Days: string; ... 9 more ...; confidence: number; }' is not assignable to type 'Without<RankingPredictionUncheckedCreateInput, RankingPredictionCreateInput> & RankingPredictionCreateInput'.
    Type '{ contentId: string; url: string; keyword: string; currentRanking: number; currentScore: number; currentTraffic: number; predicted7Days: string; predicted14Days: string; predicted30Days: string; ... 9 more ...; confidence: number; }' is missing the following properties from type 'RankingPredictionCreateInput': featureImportance, requiredResources
src/services/securityAlertService.ts(127,7): error TS2375: Type '{ title: string; message: string; severity: "low" | "high" | "medium" | "critical"; category: "recommendation" | "threat" | "compliance" | "seo_security"; threatType: string | undefined; ... 14 more ...; metadata: string | null; }' is not assignable to type '(Without<SecurityAlertCreateInput, SecurityAlertUncheckedCreateInput> & SecurityAlertUncheckedCreateInput) | (Without<...> & SecurityAlertCreateInput)' with 'exactOptionalPropertyTypes: true'. Consider adding 'undefined' to the types of the target's properties.
  Type '{ title: string; message: string; severity: "low" | "high" | "medium" | "critical"; category: "recommendation" | "threat" | "compliance" | "seo_security"; threatType: string | undefined; ... 14 more ...; metadata: string | null; }' is not assignable to type 'Without<SecurityAlertUncheckedCreateInput, SecurityAlertCreateInput> & SecurityAlertCreateInput' with 'exactOptionalPropertyTypes: true'. Consider adding 'undefined' to the types of the target's properties.
    Type '{ title: string; message: string; severity: "low" | "high" | "medium" | "critical"; category: "recommendation" | "threat" | "compliance" | "seo_security"; threatType: string | undefined; ... 14 more ...; metadata: string | null; }' is not assignable to type 'SecurityAlertCreateInput' with 'exactOptionalPropertyTypes: true'. Consider adding 'undefined' to the types of the target's properties.
      Types of property 'threatType' are incompatible.
        Type 'string | undefined' is not assignable to type 'string | null'.
          Type 'undefined' is not assignable to type 'string | null'.
src/services/securityAlertService.ts(284,7): error TS2375: Type '{ threatType: string; threatSource: string; threatVector: string; requestUrl: string | undefined; requestMethod: string | undefined; requestHeaders: string | null; requestBody: string | null; ... 12 more ...; blockedAt: Date | null; }' is not assignable to type '(Without<ThreatLogCreateInput, ThreatLogUncheckedCreateInput> & ThreatLogUncheckedCreateInput) | (Without<...> & ThreatLogCreateInput)' with 'exactOptionalPropertyTypes: true'. Consider adding 'undefined' to the types of the target's properties.
  Type '{ threatType: string; threatSource: string; threatVector: string; requestUrl: string | undefined; requestMethod: string | undefined; requestHeaders: string | null; requestBody: string | null; ... 12 more ...; blockedAt: Date | null; }' is not assignable to type 'Without<ThreatLogUncheckedCreateInput, ThreatLogCreateInput> & ThreatLogCreateInput' with 'exactOptionalPropertyTypes: true'. Consider adding 'undefined' to the types of the target's properties.
    Type '{ threatType: string; threatSource: string; threatVector: string; requestUrl: string | undefined; requestMethod: string | undefined; requestHeaders: string | null; requestBody: string | null; ... 12 more ...; blockedAt: Date | null; }' is not assignable to type 'ThreatLogCreateInput' with 'exactOptionalPropertyTypes: true'. Consider adding 'undefined' to the types of the target's properties.
      Types of property 'requestUrl' are incompatible.
        Type 'string | undefined' is not assignable to type 'string | null'.
          Type 'undefined' is not assignable to type 'string | null'.
src/services/securityAlertService.ts(387,7): error TS2375: Type '{ title: string; description: string; category: string; priority: string; currentState: string | undefined; recommendedState: string | undefined; impactDescription: string | undefined; ... 8 more ...; autoImplementScript: string | undefined; }' is not assignable to type '(Without<SecurityRecommendationCreateInput, SecurityRecommendationUncheckedCreateInput> & SecurityRecommendationUncheckedCreateInput) | (Without<...> & SecurityRecommendationCreateInput)' with 'exactOptionalPropertyTypes: true'. Consider adding 'undefined' to the types of the target's properties.
  Type '{ title: string; description: string; category: string; priority: string; currentState: string | undefined; recommendedState: string | undefined; impactDescription: string | undefined; ... 8 more ...; autoImplementScript: string | undefined; }' is not assignable to type 'Without<SecurityRecommendationUncheckedCreateInput, SecurityRecommendationCreateInput> & SecurityRecommendationCreateInput' with 'exactOptionalPropertyTypes: true'. Consider adding 'undefined' to the types of the target's properties.
    Type '{ title: string; description: string; category: string; priority: string; currentState: string | undefined; recommendedState: string | undefined; impactDescription: string | undefined; ... 8 more ...; autoImplementScript: string | undefined; }' is not assignable to type 'SecurityRecommendationCreateInput' with 'exactOptionalPropertyTypes: true'. Consider adding 'undefined' to the types of the target's properties.
      Types of property 'currentState' are incompatible.
        Type 'string | undefined' is not assignable to type 'string | null'.
          Type 'undefined' is not assignable to type 'string | null'.
src/services/securityAlertService.ts(503,7): error TS2375: Type '{ title: string; description: string; complianceType: string; regulatoryBody: string; changeType: string; effectiveDate: Date; deadline: Date | undefined; impactLevel: string; ... 6 more ...; internalGuideUrl: string | undefined; }' is not assignable to type '(Without<ComplianceUpdateCreateInput, ComplianceUpdateUncheckedCreateInput> & ComplianceUpdateUncheckedCreateInput) | (Without<...> & ComplianceUpdateCreateInput)' with 'exactOptionalPropertyTypes: true'. Consider adding 'undefined' to the types of the target's properties.
  Type '{ title: string; description: string; complianceType: string; regulatoryBody: string; changeType: string; effectiveDate: Date; deadline: Date | undefined; impactLevel: string; ... 6 more ...; internalGuideUrl: string | undefined; }' is not assignable to type 'Without<ComplianceUpdateUncheckedCreateInput, ComplianceUpdateCreateInput> & ComplianceUpdateCreateInput' with 'exactOptionalPropertyTypes: true'. Consider adding 'undefined' to the types of the target's properties.
    Type '{ title: string; description: string; complianceType: string; regulatoryBody: string; changeType: string; effectiveDate: Date; deadline: Date | undefined; impactLevel: string; ... 6 more ...; internalGuideUrl: string | undefined; }' is not assignable to type 'ComplianceUpdateCreateInput' with 'exactOptionalPropertyTypes: true'. Consider adding 'undefined' to the types of the target's properties.
      Types of property 'deadline' are incompatible.
        Type 'Date | undefined' is not assignable to type 'string | Date | null'.
          Type 'undefined' is not assignable to type 'string | Date | null'.
src/services/securityAlertService.ts(607,7): error TS2375: Type '{ incidentType: string; title: string; description: string; severity: "low" | "high" | "medium" | "critical"; detectionMethod: string; detectedBy: string | undefined; confidenceScore: number; ... 8 more ...; scraperDomains: string | null; }' is not assignable to type '(Without<SEOSecurityIncidentCreateInput, SEOSecurityIncidentUncheckedCreateInput> & SEOSecurityIncidentUncheckedCreateInput) | (Without<...> & SEOSecurityIncidentCreateInput)' with 'exactOptionalPropertyTypes: true'. Consider adding 'undefined' to the types of the target's properties.
  Type '{ incidentType: string; title: string; description: string; severity: "low" | "high" | "medium" | "critical"; detectionMethod: string; detectedBy: string | undefined; confidenceScore: number; ... 8 more ...; scraperDomains: string | null; }' is not assignable to type 'Without<SEOSecurityIncidentUncheckedCreateInput, SEOSecurityIncidentCreateInput> & SEOSecurityIncidentCreateInput' with 'exactOptionalPropertyTypes: true'. Consider adding 'undefined' to the types of the target's properties.
    Type '{ incidentType: string; title: string; description: string; severity: "low" | "high" | "medium" | "critical"; detectionMethod: string; detectedBy: string | undefined; confidenceScore: number; ... 8 more ...; scraperDomains: string | null; }' is not assignable to type 'SEOSecurityIncidentCreateInput' with 'exactOptionalPropertyTypes: true'. Consider adding 'undefined' to the types of the target's properties.
      Types of property 'detectedBy' are incompatible.
        Type 'string | undefined' is not assignable to type 'string | null'.
          Type 'undefined' is not assignable to type 'string | null'.
src/services/seoDashboardService.ts(174,11): error TS2722: Cannot invoke an object which is possibly 'undefined'.
src/services/seoDashboardService.ts(417,11): error TS2722: Cannot invoke an object which is possibly 'undefined'.
src/services/seoDashboardService.ts(433,7): error TS2375: Type '{ keyword: string; searchVolume: number; difficulty: number; contentId: string | undefined; contentType: string | undefined; country: string; language: string; }' is not assignable to type '(Without<SEOKeywordCreateInput, SEOKeywordUncheckedCreateInput> & SEOKeywordUncheckedCreateInput) | (Without<...> & SEOKeywordCreateInput)' with 'exactOptionalPropertyTypes: true'. Consider adding 'undefined' to the types of the target's properties.
  Type '{ keyword: string; searchVolume: number; difficulty: number; contentId: string | undefined; contentType: string | undefined; country: string; language: string; }' is not assignable to type 'Without<SEOKeywordUncheckedCreateInput, SEOKeywordCreateInput> & SEOKeywordCreateInput' with 'exactOptionalPropertyTypes: true'. Consider adding 'undefined' to the types of the target's properties.
    Type '{ keyword: string; searchVolume: number; difficulty: number; contentId: string | undefined; contentType: string | undefined; country: string; language: string; }' is not assignable to type 'SEOKeywordCreateInput' with 'exactOptionalPropertyTypes: true'. Consider adding 'undefined' to the types of the target's properties.
      Types of property 'contentId' are incompatible.
        Type 'string | undefined' is not assignable to type 'string | null'.
          Type 'undefined' is not assignable to type 'string | null'.
src/services/seoDashboardService.ts(495,7): error TS2375: Type '{ keywordId: string; position: number; url: string; title: string | undefined; snippet: string | undefined; clicks: number; impressions: number; ctr: number; avgPosition: number; previousPosition: number | null; positionChange: number | null; }' is not assignable to type '(Without<SEORankingCreateInput, SEORankingUncheckedCreateInput> & SEORankingUncheckedCreateInput) | (Without<...> & SEORankingCreateInput)' with 'exactOptionalPropertyTypes: true'. Consider adding 'undefined' to the types of the target's properties.
  Type '{ keywordId: string; position: number; url: string; title: string | undefined; snippet: string | undefined; clicks: number; impressions: number; ctr: number; avgPosition: number; previousPosition: number | null; positionChange: number | null; }' is not assignable to type 'Without<SEORankingCreateInput, SEORankingUncheckedCreateInput> & SEORankingUncheckedCreateInput' with 'exactOptionalPropertyTypes: true'. Consider adding 'undefined' to the types of the target's properties.
    Type '{ keywordId: string; position: number; url: string; title: string | undefined; snippet: string | undefined; clicks: number; impressions: number; ctr: number; avgPosition: number; previousPosition: number | null; positionChange: number | null; }' is not assignable to type 'SEORankingUncheckedCreateInput' with 'exactOptionalPropertyTypes: true'. Consider adding 'undefined' to the types of the target's properties.
      Types of property 'title' are incompatible.
        Type 'string | undefined' is not assignable to type 'string | null'.
          Type 'undefined' is not assignable to type 'string | null'.
src/services/seoDashboardService.ts(605,11): error TS2722: Cannot invoke an object which is possibly 'undefined'.
src/services/seoDashboardService.ts(654,7): error TS2322: Type '{ url: string; id: string; createdAt: Date; updatedAt: Date; readabilityScore: number; contentType: string | null; contentId: string | null; overallScore: number; technicalScore: number; ... 23 more ...; lastAnalyzed: Date; }' is not assignable to type '{ issues: { type: string; category: string; id: string; createdAt: Date; message: string; severity: string; metadata: string | null; recommendation: string; isResolved: boolean; resolvedAt: Date | null; resolvedBy: string | null; pageId: string; affectedUrl: string | null; detectedAt: Date; }[]; } & { ...; }'.
  Property 'issues' is missing in type '{ url: string; id: string; createdAt: Date; updatedAt: Date; readabilityScore: number; contentType: string | null; contentId: string | null; overallScore: number; technicalScore: number; ... 23 more ...; lastAnalyzed: Date; }' but required in type '{ issues: { type: string; category: string; id: string; createdAt: Date; message: string; severity: string; metadata: string | null; recommendation: string; isResolved: boolean; resolvedAt: Date | null; resolvedBy: string | null; pageId: string; affectedUrl: string | null; detectedAt: Date; }[]; }'.
src/services/seoDashboardService.ts(656,9): error TS2375: Type '{ url: string; contentId: string | undefined; overallScore: number; technicalScore: number; contentScore: number; mobileScore: number; performanceScore: number; raoScore: number; hasH1: boolean; ... 20 more ...; updatedAt: Date; }' is not assignable to type '(Without<SEOPageAnalysisUpdateInput, SEOPageAnalysisUncheckedUpdateInput> & SEOPageAnalysisUncheckedUpdateInput) | (Without<...> & SEOPageAnalysisUpdateInput)' with 'exactOptionalPropertyTypes: true'. Consider adding 'undefined' to the types of the target's properties.
  Type '{ url: string; contentId: string | undefined; overallScore: number; technicalScore: number; contentScore: number; mobileScore: number; performanceScore: number; raoScore: number; hasH1: boolean; ... 20 more ...; updatedAt: Date; }' is not assignable to type 'Without<SEOPageAnalysisUncheckedUpdateInput, SEOPageAnalysisUpdateInput> & SEOPageAnalysisUpdateInput' with 'exactOptionalPropertyTypes: true'. Consider adding 'undefined' to the types of the target's properties.
    Type '{ url: string; contentId: string | undefined; overallScore: number; technicalScore: number; contentScore: number; mobileScore: number; performanceScore: number; raoScore: number; hasH1: boolean; ... 20 more ...; updatedAt: Date; }' is not assignable to type 'SEOPageAnalysisUpdateInput' with 'exactOptionalPropertyTypes: true'. Consider adding 'undefined' to the types of the target's properties.
      Types of property 'contentId' are incompatible.
        Type 'string | undefined' is not assignable to type 'string | NullableStringFieldUpdateOperationsInput | null'.
          Type 'undefined' is not assignable to type 'string | NullableStringFieldUpdateOperationsInput | null'.
src/services/seoDashboardService.ts(660,7): error TS2322: Type '{ url: string; id: string; createdAt: Date; updatedAt: Date; readabilityScore: number; contentType: string | null; contentId: string | null; overallScore: number; technicalScore: number; ... 23 more ...; lastAnalyzed: Date; }' is not assignable to type '{ issues: { type: string; category: string; id: string; createdAt: Date; message: string; severity: string; metadata: string | null; recommendation: string; isResolved: boolean; resolvedAt: Date | null; resolvedBy: string | null; pageId: string; affectedUrl: string | null; detectedAt: Date; }[]; } & { ...; }'.
  Property 'issues' is missing in type '{ url: string; id: string; createdAt: Date; updatedAt: Date; readabilityScore: number; contentType: string | null; contentId: string | null; overallScore: number; technicalScore: number; ... 23 more ...; lastAnalyzed: Date; }' but required in type '{ issues: { type: string; category: string; id: string; createdAt: Date; message: string; severity: string; metadata: string | null; recommendation: string; isResolved: boolean; resolvedAt: Date | null; resolvedBy: string | null; pageId: string; affectedUrl: string | null; detectedAt: Date; }[]; }'.
src/services/seoDashboardService.ts(661,9): error TS2375: Type '{ url: string; contentId: string | undefined; overallScore: number; technicalScore: number; contentScore: number; mobileScore: number; performanceScore: number; raoScore: number; hasH1: boolean; ... 20 more ...; updatedAt: Date; }' is not assignable to type '(Without<SEOPageAnalysisCreateInput, SEOPageAnalysisUncheckedCreateInput> & SEOPageAnalysisUncheckedCreateInput) | (Without<...> & SEOPageAnalysisCreateInput)' with 'exactOptionalPropertyTypes: true'. Consider adding 'undefined' to the types of the target's properties.
  Type '{ url: string; contentId: string | undefined; overallScore: number; technicalScore: number; contentScore: number; mobileScore: number; performanceScore: number; raoScore: number; hasH1: boolean; ... 20 more ...; updatedAt: Date; }' is not assignable to type 'Without<SEOPageAnalysisUncheckedCreateInput, SEOPageAnalysisCreateInput> & SEOPageAnalysisCreateInput' with 'exactOptionalPropertyTypes: true'. Consider adding 'undefined' to the types of the target's properties.
    Type '{ url: string; contentId: string | undefined; overallScore: number; technicalScore: number; contentScore: number; mobileScore: number; performanceScore: number; raoScore: number; hasH1: boolean; ... 20 more ...; updatedAt: Date; }' is not assignable to type 'SEOPageAnalysisCreateInput' with 'exactOptionalPropertyTypes: true'. Consider adding 'undefined' to the types of the target's properties.
      Types of property 'contentId' are incompatible.
        Type 'string | undefined' is not assignable to type 'string | null'.
          Type 'undefined' is not assignable to type 'string | null'.
src/services/seoDashboardService.ts(669,11): error TS18047: 'page' is possibly 'null'.
src/services/seoDashboardService.ts(670,12): error TS18047: 'page' is possibly 'null'.
src/services/seoDashboardService.ts(671,18): error TS18047: 'page' is possibly 'null'.
src/services/seoDashboardService.ts(672,21): error TS18047: 'page' is possibly 'null'.
src/services/seoDashboardService.ts(673,23): error TS18047: 'page' is possibly 'null'.
src/services/seoDashboardService.ts(674,21): error TS18047: 'page' is possibly 'null'.
src/services/seoDashboardService.ts(675,20): error TS18047: 'page' is possibly 'null'.
src/services/seoDashboardService.ts(676,25): error TS18047: 'page' is possibly 'null'.
src/services/seoDashboardService.ts(677,17): error TS18047: 'page' is possibly 'null'.
src/services/seoDashboardService.ts(678,15): error TS18047: 'page' is possibly 'null'.
src/services/seoDashboardService.ts(688,20): error TS18047: 'page' is possibly 'null'.
src/services/seoDashboardService.ts(689,27): error TS18047: 'page' is possibly 'null'.
src/services/seoDashboardService.ts(690,19): error TS18047: 'page' is possibly 'null'.
src/services/seoDashboardService.ts(691,23): error TS18047: 'page' is possibly 'null'.
src/services/seoDashboardService.ts(692,22): error TS18047: 'page' is possibly 'null'.
src/services/seoDashboardService.ts(694,21): error TS18047: 'page' is possibly 'null'.
src/services/seoDashboardService.ts(706,51): error TS2379: Argument of type '{ where: { isRead?: boolean; isResolved?: boolean; severity?: string; } | undefined; orderBy: ({ severity: "desc"; } | { createdAt: "desc"; })[]; take: number; }' is not assignable to parameter of type '{ select?: SEOAlertSelect<DefaultArgs> | null; omit?: SEOAlertOmit<DefaultArgs> | null; where?: SEOAlertWhereInput; ... 4 more ...; distinct?: SEOAlertScalarFieldEnum | SEOAlertScalarFieldEnum[]; }' with 'exactOptionalPropertyTypes: true'. Consider adding 'undefined' to the types of the target's properties.
  Types of property 'where' are incompatible.
    Type '{ isRead?: boolean; isResolved?: boolean; severity?: string; } | undefined' is not assignable to type 'SEOAlertWhereInput'.
      Type 'undefined' is not assignable to type 'SEOAlertWhereInput'.
src/services/seoDashboardService.ts(821,68): error TS2379: Argument of type '{ where: { keywordId: string; } | undefined; orderBy: { confidence: "desc"; }; take: number; }' is not assignable to parameter of type '{ select?: SEORankingPredictionSelect<DefaultArgs> | null; omit?: SEORankingPredictionOmit<DefaultArgs> | null; ... 5 more ...; distinct?: SEORankingPredictionScalarFieldEnum | SEORankingPredictionScalarFieldEnum[]; }' with 'exactOptionalPropertyTypes: true'. Consider adding 'undefined' to the types of the target's properties.
  Types of property 'where' are incompatible.
    Type '{ keywordId: string; } | undefined' is not assignable to type 'SEORankingPredictionWhereInput'.
      Type 'undefined' is not assignable to type 'SEORankingPredictionWhereInput'.
src/services/userFeedbackService.ts(158,11): error TS2375: Type '{ rating: number; feedbackCategory: "helpful" | "not_helpful" | "inaccurate" | "well_written" | "poor_quality"; comment: string | undefined; updatedAt: Date; }' is not assignable to type '(Without<UserFeedbackUpdateInput, UserFeedbackUncheckedUpdateInput> & UserFeedbackUncheckedUpdateInput) | (Without<...> & UserFeedbackUpdateInput)' with 'exactOptionalPropertyTypes: true'. Consider adding 'undefined' to the types of the target's properties.
  Type '{ rating: number; feedbackCategory: "helpful" | "not_helpful" | "inaccurate" | "well_written" | "poor_quality"; comment: string | undefined; updatedAt: Date; }' is not assignable to type 'Without<UserFeedbackUncheckedUpdateInput, UserFeedbackUpdateInput> & UserFeedbackUpdateInput' with 'exactOptionalPropertyTypes: true'. Consider adding 'undefined' to the types of the target's properties.
    Type '{ rating: number; feedbackCategory: "helpful" | "not_helpful" | "inaccurate" | "well_written" | "poor_quality"; comment: string | undefined; updatedAt: Date; }' is not assignable to type 'UserFeedbackUpdateInput' with 'exactOptionalPropertyTypes: true'. Consider adding 'undefined' to the types of the target's properties.
      Types of property 'comment' are incompatible.
        Type 'string | undefined' is not assignable to type 'string | NullableStringFieldUpdateOperationsInput | null'.
          Type 'undefined' is not assignable to type 'string | NullableStringFieldUpdateOperationsInput | null'.
src/services/userFeedbackService.ts(175,13): error TS2322: Type '{ aiGenerated: boolean; timestamp: string; }' is not assignable to type 'string'.
src/services/userFeedbackService.ts(302,11): error TS2322: Type '{ language: string; originalText: string; suggestedText: string | undefined; severity: "low" | "high" | "medium" | "critical"; timestamp: string; }' is not assignable to type 'string'.
src/services/userFeedbackService.ts(464,11): error TS2322: Type '{ timestamp: string; }' is not assignable to type 'string'.
src/services/userFeedbackService.ts(835,13): error TS2353: Object literal may only specify known properties, and 'averageRating' does not exist in type 'NullableStringFieldUpdateOperationsInput'.
src/services/userFeedbackService.ts(930,9): error TS2322: Type '{ feedbackId: string; reviewType: string; }' is not assignable to type 'string'.
src/services/userFeedbackService.ts(951,9): error TS2322: Type '{ feedbackId: string; feedbackType: "translation" | "content" | "recommendation"; learningPurpose: string; }' is not assignable to type 'string'.
src/services/workflowOrchestrationService.ts(83,5): error TS2375: Type '{ name: string; description: string | undefined; workflowType: "custom" | "n8n" | "zapier" | "git" | "api"; trigger: "schedule" | "publish" | "webhook" | "manual" | "event"; triggerConfig: string; ... 8 more ...; nextRunAt: Date | undefined; }' is not assignable to type '(Without<AutomationWorkflowCreateInput, AutomationWorkflowUncheckedCreateInput> & AutomationWorkflowUncheckedCreateInput) | (Without<...> & AutomationWorkflowCreateInput)' with 'exactOptionalPropertyTypes: true'. Consider adding 'undefined' to the types of the target's properties.
  Type '{ name: string; description: string | undefined; workflowType: "custom" | "n8n" | "zapier" | "git" | "api"; trigger: "schedule" | "publish" | "webhook" | "manual" | "event"; triggerConfig: string; ... 8 more ...; nextRunAt: Date | undefined; }' is not assignable to type 'Without<AutomationWorkflowUncheckedCreateInput, AutomationWorkflowCreateInput> & AutomationWorkflowCreateInput' with 'exactOptionalPropertyTypes: true'. Consider adding 'undefined' to the types of the target's properties.
    Type '{ name: string; description: string | undefined; workflowType: "custom" | "n8n" | "zapier" | "git" | "api"; trigger: "schedule" | "publish" | "webhook" | "manual" | "event"; triggerConfig: string; ... 8 more ...; nextRunAt: Date | undefined; }' is not assignable to type 'AutomationWorkflowCreateInput' with 'exactOptionalPropertyTypes: true'. Consider adding 'undefined' to the types of the target's properties.
      Types of property 'description' are incompatible.
        Type 'string | undefined' is not assignable to type 'string | null'.
          Type 'undefined' is not assignable to type 'string | null'.
src/services/workflowOrchestrationService.ts(207,5): error TS2375: Type '{ workflowId: string; status: string; triggerType: "webhook" | "manual" | "event" | "scheduled"; triggerData: string | undefined; stepsTotal: number; }' is not assignable to type '(Without<AutomationExecutionCreateInput, AutomationExecutionUncheckedCreateInput> & AutomationExecutionUncheckedCreateInput) | (Without<...> & AutomationExecutionCreateInput)' with 'exactOptionalPropertyTypes: true'. Consider adding 'undefined' to the types of the target's properties.
  Type '{ workflowId: string; status: string; triggerType: "webhook" | "manual" | "event" | "scheduled"; triggerData: string | undefined; stepsTotal: number; }' is not assignable to type 'Without<AutomationExecutionCreateInput, AutomationExecutionUncheckedCreateInput> & AutomationExecutionUncheckedCreateInput' with 'exactOptionalPropertyTypes: true'. Consider adding 'undefined' to the types of the target's properties.
    Type '{ workflowId: string; status: string; triggerType: "webhook" | "manual" | "event" | "scheduled"; triggerData: string | undefined; stepsTotal: number; }' is not assignable to type 'AutomationExecutionUncheckedCreateInput' with 'exactOptionalPropertyTypes: true'. Consider adding 'undefined' to the types of the target's properties.
      Types of property 'triggerData' are incompatible.
        Type 'string | undefined' is not assignable to type 'string | null'.
          Type 'undefined' is not assignable to type 'string | null'.
src/services/workflowOrchestrationService.ts(510,5): error TS2375: Type '{ workflowId: string | undefined; alertType: "email" | "telegram" | "slack" | "webhook" | "in_app"; channel: string; config: string | undefined; events: string; severity: string; createdBy: string; metadata: string | undefined; }' is not assignable to type '(Without<AutomationAlertCreateInput, AutomationAlertUncheckedCreateInput> & AutomationAlertUncheckedCreateInput) | (Without<...> & AutomationAlertCreateInput)' with 'exactOptionalPropertyTypes: true'. Consider adding 'undefined' to the types of the target's properties.
  Type '{ workflowId: string | undefined; alertType: "email" | "telegram" | "slack" | "webhook" | "in_app"; channel: string; config: string | undefined; events: string; severity: string; createdBy: string; metadata: string | undefined; }' is not assignable to type 'Without<AutomationAlertUncheckedCreateInput, AutomationAlertCreateInput> & AutomationAlertCreateInput' with 'exactOptionalPropertyTypes: true'. Consider adding 'undefined' to the types of the target's properties.
    Type '{ workflowId: string | undefined; alertType: "email" | "telegram" | "slack" | "webhook" | "in_app"; channel: string; config: string | undefined; events: string; severity: string; createdBy: string; metadata: string | undefined; }' is not assignable to type 'Without<AutomationAlertUncheckedCreateInput, AutomationAlertCreateInput>' with 'exactOptionalPropertyTypes: true'. Consider adding 'undefined' to the types of the target's properties.
      Types of property 'workflowId' are incompatible.
        Type 'string | undefined' is not assignable to type 'never'.
          Type 'undefined' is not assignable to type 'never'.
src/services/workflowOrchestrationService.ts(666,5): error TS2375: Type '{ articleId: string; versionNumber: number; contentSnapshot: string; changeDescription: string | undefined; changedBy: string; changeType: "created" | "published" | "edited" | "reverted"; gitCommitHash: string; diffData: string | undefined; metadata: string | undefined; }' is not assignable to type '(Without<ContentVersionCreateInput, ContentVersionUncheckedCreateInput> & ContentVersionUncheckedCreateInput) | (Without<...> & ContentVersionCreateInput)' with 'exactOptionalPropertyTypes: true'. Consider adding 'undefined' to the types of the target's properties.
  Type '{ articleId: string; versionNumber: number; contentSnapshot: string; changeDescription: string | undefined; changedBy: string; changeType: "created" | "published" | "edited" | "reverted"; gitCommitHash: string; diffData: string | undefined; metadata: string | undefined; }' is not assignable to type 'Without<ContentVersionCreateInput, ContentVersionUncheckedCreateInput> & ContentVersionUncheckedCreateInput' with 'exactOptionalPropertyTypes: true'. Consider adding 'undefined' to the types of the target's properties.
    Type '{ articleId: string; versionNumber: number; contentSnapshot: string; changeDescription: string | undefined; changedBy: string; changeType: "created" | "published" | "edited" | "reverted"; gitCommitHash: string; diffData: string | undefined; metadata: string | undefined; }' is not assignable to type 'ContentVersionUncheckedCreateInput' with 'exactOptionalPropertyTypes: true'. Consider adding 'undefined' to the types of the target's properties.
      Types of property 'changeDescription' are incompatible.
        Type 'string | undefined' is not assignable to type 'string | null'.
          Type 'undefined' is not assignable to type 'string | null'.
src/services/workflowOrchestrationService.ts(705,7): error TS2353: Object literal may only specify known properties, and 'summary' does not exist in type '(Without<ArticleUpdateInput, ArticleUncheckedUpdateInput> & ArticleUncheckedUpdateInput) | (Without<...> & ArticleUpdateInput)'.
src/services/workflowOrchestrationService.ts(738,5): error TS2375: Type '{ name: string; description: string | undefined; orchestrationType: "pipeline" | "sequential" | "parallel" | "conditional"; apiCalls: string; dependencies: string | undefined; retryStrategy: string | undefined; createdBy: string; tags: string | undefined; metadata: string | undefined; }' is not assignable to type '(Without<APIOrchestrationCreateInput, APIOrchestrationUncheckedCreateInput> & APIOrchestrationUncheckedCreateInput) | (Without<...> & APIOrchestrationCreateInput)' with 'exactOptionalPropertyTypes: true'. Consider adding 'undefined' to the types of the target's properties.
  Type '{ name: string; description: string | undefined; orchestrationType: "pipeline" | "sequential" | "parallel" | "conditional"; apiCalls: string; dependencies: string | undefined; retryStrategy: string | undefined; createdBy: string; tags: string | undefined; metadata: string | undefined; }' is not assignable to type 'Without<APIOrchestrationUncheckedCreateInput, APIOrchestrationCreateInput> & APIOrchestrationCreateInput' with 'exactOptionalPropertyTypes: true'. Consider adding 'undefined' to the types of the target's properties.
    Type '{ name: string; description: string | undefined; orchestrationType: "pipeline" | "sequential" | "parallel" | "conditional"; apiCalls: string; dependencies: string | undefined; retryStrategy: string | undefined; createdBy: string; tags: string | undefined; metadata: string | undefined; }' is not assignable to type 'APIOrchestrationCreateInput' with 'exactOptionalPropertyTypes: true'. Consider adding 'undefined' to the types of the target's properties.
      Types of property 'description' are incompatible.
        Type 'string | undefined' is not assignable to type 'string | null'.
          Type 'undefined' is not assignable to type 'string | null'.
src/services/workflowOrchestrationService.ts(874,5): error TS2375: Type '{ name: string; platform: "telegram" | "slack" | "n8n" | "zapier" | "github"; connectionType: "webhook" | "api_key" | "oauth"; credentials: string; webhookUrl: string | undefined; createdBy: string; metadata: string | undefined; }' is not assignable to type '(Without<IntegrationConnectionCreateInput, IntegrationConnectionUncheckedCreateInput> & IntegrationConnectionUncheckedCreateInput) | (Without<...> & IntegrationConnectionCreateInput)' with 'exactOptionalPropertyTypes: true'. Consider adding 'undefined' to the types of the target's properties.
  Type '{ name: string; platform: "telegram" | "slack" | "n8n" | "zapier" | "github"; connectionType: "webhook" | "api_key" | "oauth"; credentials: string; webhookUrl: string | undefined; createdBy: string; metadata: string | undefined; }' is not assignable to type 'Without<IntegrationConnectionUncheckedCreateInput, IntegrationConnectionCreateInput> & IntegrationConnectionCreateInput' with 'exactOptionalPropertyTypes: true'. Consider adding 'undefined' to the types of the target's properties.
    Type '{ name: string; platform: "telegram" | "slack" | "n8n" | "zapier" | "github"; connectionType: "webhook" | "api_key" | "oauth"; credentials: string; webhookUrl: string | undefined; createdBy: string; metadata: string | undefined; }' is not assignable to type 'IntegrationConnectionCreateInput' with 'exactOptionalPropertyTypes: true'. Consider adding 'undefined' to the types of the target's properties.
      Types of property 'webhookUrl' are incompatible.
        Type 'string | undefined' is not assignable to type 'string | null'.
          Type 'undefined' is not assignable to type 'string | null'.
src/services/workflowOrchestrationService.ts(1009,5): error TS2375: Type '{ lastRunAt: Date; runCount: { increment: number; }; successCount: { increment: number; } | undefined; failureCount: { increment: number; } | undefined; avgExecutionTimeMs: number; }' is not assignable to type '(Without<AutomationWorkflowUpdateInput, AutomationWorkflowUncheckedUpdateInput> & AutomationWorkflowUncheckedUpdateInput) | (Without<...> & AutomationWorkflowUpdateInput)' with 'exactOptionalPropertyTypes: true'. Consider adding 'undefined' to the types of the target's properties.
  Type '{ lastRunAt: Date; runCount: { increment: number; }; successCount: { increment: number; } | undefined; failureCount: { increment: number; } | undefined; avgExecutionTimeMs: number; }' is not assignable to type 'Without<AutomationWorkflowUncheckedUpdateInput, AutomationWorkflowUpdateInput> & AutomationWorkflowUpdateInput' with 'exactOptionalPropertyTypes: true'. Consider adding 'undefined' to the types of the target's properties.
    Type '{ lastRunAt: Date; runCount: { increment: number; }; successCount: { increment: number; } | undefined; failureCount: { increment: number; } | undefined; avgExecutionTimeMs: number; }' is not assignable to type 'AutomationWorkflowUpdateInput' with 'exactOptionalPropertyTypes: true'. Consider adding 'undefined' to the types of the target's properties.
      Types of property 'successCount' are incompatible.
        Type '{ increment: number; } | undefined' is not assignable to type 'number | IntFieldUpdateOperationsInput'.
          Type 'undefined' is not assignable to type 'number | IntFieldUpdateOperationsInput'.
src/tests/aiAgentCrud.integration.test.ts(8,8): error TS1192: Module '"C:/Users/onech/Desktop/news-platform/backend/src/index"' has no default export.
src/types/index.ts(14,3): error TS2305: Module '"@prisma/client"' has no exported member 'Comment'.
src/types/index.ts(115,1): error TS2308: Module './ai-system' has already exported a member named 'AfricanMarketContext'. Consider explicitly re-exporting to resolve the ambiguity.
src/types/index.ts(116,1): error TS2308: Module './ai-system' has already exported a member named 'RetryPolicy'. Consider explicitly re-exporting to resolve the ambiguity.
src/types/index.ts(117,1): error TS2308: Module './market-data' has already exported a member named 'MobileMoneyProvider'. Consider explicitly re-exporting to resolve the ambiguity.
src/websocket/moderationWebSocket.ts(188,19): error TS2353: Object literal may only specify known properties, and 'isRead' does not exist in type '(Without<ModerationAlertUpdateInput, ModerationAlertUncheckedUpdateInput> & ModerationAlertUncheckedUpdateInput) | (Without<...> & ModerationAlertUpdateInput)'.
src/websocket/moderationWebSocket.ts(349,50): error TS2353: Object literal may only specify known properties, and 'status' does not exist in type 'UserPenaltyWhereInput'.
src/websocket/moderationWebSocket.ts(353,13): error TS2353: Object literal may only specify known properties, and 'isRead' does not exist in type 'ModerationAlertWhereInput'.
src/websocket/moderationWebSocket.ts(465,11): error TS2353: Object literal may only specify known properties, and 'type' does not exist in type '(Without<ModerationAlertCreateInput, ModerationAlertUncheckedCreateInput> & ModerationAlertUncheckedCreateInput) | (Without<...> & ModerationAlertCreateInput)'.
src/workers/walletFraudWorker.ts(107,19): error TS2503: Cannot find namespace 'cron'.
src/workers/walletFraudWorker.ts(306,60): error TS2345: Argument of type 'string | null' is not assignable to parameter of type 'string'.
  Type 'null' is not assignable to type 'string'.
src/workers/walletFraudWorker.ts(662,7): error TS2353: Object literal may only specify known properties, and 'createdAt' does not exist in type 'FinanceOperationLogWhereInput'.
src/workers/walletFraudWorker.ts(667,7): error TS2353: Object literal may only specify known properties, and 'createdAt' does not exist in type 'FinanceOperationLogOrderByWithRelationInput | FinanceOperationLogOrderByWithRelationInput[]'.
src/workers/walletFraudWorker.ts(680,20): error TS18048: 'lastWhitelistChange' is possibly 'undefined'.
src/workers/walletFraudWorker.ts(680,40): error TS2339: Property 'createdAt' does not exist on type '{ timestamp: Date; status: string; id: string; userId: string | null; ipAddress: string; userAgent: string; inputData: string; outputData: string | null; errorMessage: string | null; ... 5 more ...; performedBy: string; }'.
src/workers/walletFraudWorker.ts(684,74): error TS18048: 'lastWhitelistChange' is possibly 'undefined'.
src/workers/walletFraudWorker.ts(684,94): error TS2339: Property 'createdAt' does not exist on type '{ timestamp: Date; status: string; id: string; userId: string | null; ipAddress: string; userAgent: string; inputData: string; outputData: string | null; errorMessage: string | null; ... 5 more ...; performedBy: string; }'.
src/workers/walletFraudWorker.ts(698,24): error TS18048: 'lastWhitelistChange' is possibly 'undefined'.
src/workers/walletFraudWorker.ts(698,44): error TS2339: Property 'createdAt' does not exist on type '{ timestamp: Date; status: string; id: string; userId: string | null; ipAddress: string; userAgent: string; inputData: string; outputData: string | null; errorMessage: string | null; ... 5 more ...; performedBy: string; }'.
src/workers/walletFraudWorker.ts(700,34): error TS18048: 'lastWhitelistChange' is possibly 'undefined'.
src/workers/walletFraudWorker.ts(700,54): error TS2339: Property 'createdAt' does not exist on type '{ timestamp: Date; status: string; id: string; userId: string | null; ipAddress: string; userAgent: string; inputData: string; outputData: string | null; errorMessage: string | null; ... 5 more ...; performedBy: string; }'.
src/workers/walletFraudWorker.ts(818,9): error TS2532: Object is possibly 'undefined'.
src/workers/walletFraudWorker.ts(905,11): error TS2322: Type 'InputJsonValue' is not assignable to type 'string'.
  Type 'number' is not assignable to type 'string'.
src/workers/walletFraudWorker.ts(993,11): error TS2783: 'type' is specified more than once, so this usage will be overwritten.
tests/api/auth-resolvers.test.ts(112,56): error TS2345: Argument of type '{ success: boolean; user: { id: string; email: string; username: string; firstName: string; lastName: string; }; tokens: { accessToken: string; refreshToken: string; }; }' is not assignable to parameter of type '{ user: AuthenticatedUser; tokens: TokenPair; } | Promise<{ user: AuthenticatedUser; tokens: TokenPair; }>'.
  Type '{ success: boolean; user: { id: string; email: string; username: string; firstName: string; lastName: string; }; tokens: { accessToken: string; refreshToken: string; }; }' is not assignable to type '{ user: AuthenticatedUser; tokens: TokenPair; }'.
    Types of property 'user' are incompatible.
      Type '{ id: string; email: string; username: string; firstName: string; lastName: string; }' is missing the following properties from type 'AuthenticatedUser': role, subscriptionTier, emailVerified, status
tests/api/auth-resolvers.test.ts(144,56): error TS2345: Argument of type '{ success: boolean; error: { code: string; message: string; }; }' is not assignable to parameter of type '{ user: AuthenticatedUser; tokens: TokenPair; } | Promise<{ user: AuthenticatedUser; tokens: TokenPair; }>'.
tests/api/auth-resolvers.test.ts(183,53): error TS2345: Argument of type '{ success: boolean; user: { id: string; email: string; username: string; }; tokens: { accessToken: string; refreshToken: string; }; session: { id: string; expiresAt: Date; }; }' is not assignable to parameter of type '{ user: AuthenticatedUser; tokens: TokenPair; } | Promise<{ user: AuthenticatedUser; tokens: TokenPair; }>'.
  Type '{ success: boolean; user: { id: string; email: string; username: string; }; tokens: { accessToken: string; refreshToken: string; }; session: { id: string; expiresAt: Date; }; }' is not assignable to type '{ user: AuthenticatedUser; tokens: TokenPair; }'.
    Types of property 'user' are incompatible.
      Type '{ id: string; email: string; username: string; }' is missing the following properties from type 'AuthenticatedUser': role, subscriptionTier, emailVerified, status
tests/api/auth-resolvers.test.ts(216,53): error TS2345: Argument of type '{ success: boolean; error: { code: string; message: string; }; }' is not assignable to parameter of type '{ user: AuthenticatedUser; tokens: TokenPair; } | Promise<{ user: AuthenticatedUser; tokens: TokenPair; }>'.
tests/api/auth-resolvers.test.ts(231,54): error TS2345: Argument of type '{ success: boolean; message: string; }' is not assignable to parameter of type 'void | Promise<void>'.
tests/api/auth-resolvers.test.ts(271,60): error TS2345: Argument of type '{ success: boolean; user: any; tokens: { accessToken: string; refreshToken: string; }; }' is not assignable to parameter of type 'TokenPair | Promise<TokenPair>'.
tests/api/auth-resolvers.test.ts(276,11): error TS2554: Expected 2 arguments, but got 3.
tests/api/auth-resolvers.test.ts(298,60): error TS2345: Argument of type '{ success: boolean; error: { code: string; message: string; }; }' is not assignable to parameter of type 'TokenPair | Promise<TokenPair>'.
tests/api/auth-resolvers.test.ts(304,13): error TS2554: Expected 2 arguments, but got 3.
tests/api/auth-resolvers.test.ts(346,68): error TS2345: Argument of type '{ success: boolean; error: { code: string; message: string; }; }' is not assignable to parameter of type '{ success: boolean; message: string; } | Promise<{ success: boolean; message: string; }>'.
  Property 'message' is missing in type '{ success: boolean; error: { code: string; message: string; }; }' but required in type '{ success: boolean; message: string; }'.
tests/api/auth-resolvers.test.ts(370,11): error TS2554: Expected 2 arguments, but got 3.
tests/api/auth-resolvers.test.ts(395,61): error TS2345: Argument of type '{ success: boolean; error: { code: string; message: string; }; }' is not assignable to parameter of type '{ success: boolean; message: string; } | Promise<{ success: boolean; message: string; }>'.
  Property 'message' is missing in type '{ success: boolean; error: { code: string; message: string; }; }' but required in type '{ success: boolean; message: string; }'.
tests/api/auth-resolvers.test.ts(401,13): error TS2554: Expected 2 arguments, but got 3.
tests/api/auth-resolvers.test.ts(414,62): error TS2345: Argument of type '{ success: boolean; message: string; }' is not assignable to parameter of type 'void | Promise<void>'.
tests/api/auth-resolvers.test.ts(455,62): error TS2345: Argument of type '{ success: boolean; error: { code: string; message: string; }; }' is not assignable to parameter of type 'void | Promise<void>'.
tests/api/auth-resolvers.test.ts(478,65): error TS2345: Argument of type '{ success: boolean; user: { id: string; email: string; username: string; }; }' is not assignable to parameter of type 'AuthenticatedUser | Promise<AuthenticatedUser>'.
tests/api/auth-resolvers.test.ts(483,11): error TS2554: Expected 2 arguments, but got 3.
tests/api/auth-resolvers.test.ts(504,65): error TS2345: Argument of type '{ success: boolean; error: { code: string; message: string; }; }' is not assignable to parameter of type 'AuthenticatedUser | Promise<AuthenticatedUser>'.
tests/api/auth-resolvers.test.ts(510,13): error TS2554: Expected 2 arguments, but got 3.
tests/api/graphql-resolvers.test.ts(84,60): error TS2739: Type '{ prisma: any; redis: any; cache: any; authService: any; user: any; requestStartTime: number; operationName: string; }' is missing the following properties from type 'GraphQLContext': translationService, translationAgent, dbOptimizer, cacheStrategy, logger
tests/api/graphql-resolvers.test.ts(178,47): error TS2339: Property 'health' does not exist on type 'IUnionTypeResolver | IScalarTypeResolver | IEnumTypeResolver | IInputObjectTypeResolver | ISchemaLevelResolver<...> | IObjectTypeResolver<...> | IInterfaceTypeResolver<...>'.
  Property 'health' does not exist on type 'IUnionTypeResolver'.
tests/api/graphql-resolvers.test.ts(197,47): error TS2339: Property 'user' does not exist on type 'IUnionTypeResolver | IScalarTypeResolver | IEnumTypeResolver | IInputObjectTypeResolver | ISchemaLevelResolver<...> | IObjectTypeResolver<...> | IInterfaceTypeResolver<...>'.
  Property 'user' does not exist on type 'IUnionTypeResolver'.
tests/api/graphql-resolvers.test.ts(228,47): error TS2339: Property 'users' does not exist on type 'IUnionTypeResolver | IScalarTypeResolver | IEnumTypeResolver | IInputObjectTypeResolver | ISchemaLevelResolver<...> | IObjectTypeResolver<...> | IInterfaceTypeResolver<...>'.
  Property 'users' does not exist on type 'IUnionTypeResolver'.
tests/api/graphql-resolvers.test.ts(275,47): error TS2339: Property 'article' does not exist on type 'IUnionTypeResolver | IScalarTypeResolver | IEnumTypeResolver | IInputObjectTypeResolver | ISchemaLevelResolver<...> | IObjectTypeResolver<...> | IInterfaceTypeResolver<...>'.
  Property 'article' does not exist on type 'IUnionTypeResolver'.
tests/api/graphql-resolvers.test.ts(299,47): error TS2339: Property 'featuredArticles' does not exist on type 'IUnionTypeResolver | IScalarTypeResolver | IEnumTypeResolver | IInputObjectTypeResolver | ISchemaLevelResolver<...> | IObjectTypeResolver<...> | IInterfaceTypeResolver<...>'.
  Property 'featuredArticles' does not exist on type 'IUnionTypeResolver'.
tests/api/graphql-resolvers.test.ts(341,47): error TS2339: Property 'trendingArticles' does not exist on type 'IUnionTypeResolver | IScalarTypeResolver | IEnumTypeResolver | IInputObjectTypeResolver | ISchemaLevelResolver<...> | IObjectTypeResolver<...> | IInterfaceTypeResolver<...>'.
  Property 'trendingArticles' does not exist on type 'IUnionTypeResolver'.
tests/api/graphql-resolvers.test.ts(391,47): error TS2339: Property 'tokens' does not exist on type 'IUnionTypeResolver | IScalarTypeResolver | IEnumTypeResolver | IInputObjectTypeResolver | ISchemaLevelResolver<...> | IObjectTypeResolver<...> | IInterfaceTypeResolver<...>'.
  Property 'tokens' does not exist on type 'IUnionTypeResolver'.
tests/api/graphql-resolvers.test.ts(434,47): error TS2339: Property 'marketData' does not exist on type 'IUnionTypeResolver | IScalarTypeResolver | IEnumTypeResolver | IInputObjectTypeResolver | ISchemaLevelResolver<...> | IObjectTypeResolver<...> | IInterfaceTypeResolver<...>'.
  Property 'marketData' does not exist on type 'IUnionTypeResolver'.
tests/api/graphql-resolvers.test.ts(473,47): error TS2339: Property 'search' does not exist on type 'IUnionTypeResolver | IScalarTypeResolver | IEnumTypeResolver | IInputObjectTypeResolver | ISchemaLevelResolver<...> | IObjectTypeResolver<...> | IInterfaceTypeResolver<...>'.
  Property 'search' does not exist on type 'IUnionTypeResolver'.
tests/api/graphql-resolvers.test.ts(506,47): error TS2339: Property 'searchSuggestions' does not exist on type 'IUnionTypeResolver | IScalarTypeResolver | IEnumTypeResolver | IInputObjectTypeResolver | ISchemaLevelResolver<...> | IObjectTypeResolver<...> | IInterfaceTypeResolver<...>'.
  Property 'searchSuggestions' does not exist on type 'IUnionTypeResolver'.
tests/api/graphql-resolvers.test.ts(538,50): error TS2339: Property 'createArticle' does not exist on type 'IUnionTypeResolver | IScalarTypeResolver | IEnumTypeResolver | IInputObjectTypeResolver | ISchemaLevelResolver<...> | IObjectTypeResolver<...> | IInterfaceTypeResolver<...>'.
  Property 'createArticle' does not exist on type 'IUnionTypeResolver'.
tests/api/graphql-resolvers.test.ts(574,31): error TS2339: Property 'createArticle' does not exist on type 'IUnionTypeResolver | IScalarTypeResolver | IEnumTypeResolver | IInputObjectTypeResolver | ISchemaLevelResolver<...> | IObjectTypeResolver<...> | IInterfaceTypeResolver<...>'.
  Property 'createArticle' does not exist on type 'IUnionTypeResolver'.
tests/api/graphql-resolvers.test.ts(600,50): error TS2339: Property 'publishArticle' does not exist on type 'IUnionTypeResolver | IScalarTypeResolver | IEnumTypeResolver | IInputObjectTypeResolver | ISchemaLevelResolver<...> | IObjectTypeResolver<...> | IInterfaceTypeResolver<...>'.
  Property 'publishArticle' does not exist on type 'IUnionTypeResolver'.
tests/api/graphql-resolvers.test.ts(632,50): error TS2339: Property 'updateProfile' does not exist on type 'IUnionTypeResolver | IScalarTypeResolver | IEnumTypeResolver | IInputObjectTypeResolver | ISchemaLevelResolver<...> | IObjectTypeResolver<...> | IInterfaceTypeResolver<...>'.
  Property 'updateProfile' does not exist on type 'IUnionTypeResolver'.
tests/api/graphql-resolvers.test.ts(661,50): error TS2339: Property 'likeArticle' does not exist on type 'IUnionTypeResolver | IScalarTypeResolver | IEnumTypeResolver | IInputObjectTypeResolver | ISchemaLevelResolver<...> | IObjectTypeResolver<...> | IInterfaceTypeResolver<...>'.
  Property 'likeArticle' does not exist on type 'IUnionTypeResolver'.
tests/api/graphql-resolvers.test.ts(685,50): error TS2339: Property 'shareContent' does not exist on type 'IUnionTypeResolver | IScalarTypeResolver | IEnumTypeResolver | IInputObjectTypeResolver | ISchemaLevelResolver<...> | IObjectTypeResolver<...> | IInterfaceTypeResolver<...>'.
  Property 'shareContent' does not exist on type 'IUnionTypeResolver'.
tests/api/graphql-resolvers.test.ts(724,33): error TS2339: Property 'createArticle' does not exist on type 'IUnionTypeResolver | IScalarTypeResolver | IEnumTypeResolver | IInputObjectTypeResolver | ISchemaLevelResolver<...> | IObjectTypeResolver<...> | IInterfaceTypeResolver<...>'.
  Property 'createArticle' does not exist on type 'IUnionTypeResolver'.
tests/api/graphql-resolvers.test.ts(747,30): error TS2339: Property 'marketData' does not exist on type 'IUnionTypeResolver | IScalarTypeResolver | IEnumTypeResolver | IInputObjectTypeResolver | ISchemaLevelResolver<...> | IObjectTypeResolver<...> | IInterfaceTypeResolver<...>'.
  Property 'marketData' does not exist on type 'IUnionTypeResolver'.
tests/api/graphql-resolvers.test.ts(771,30): error TS2339: Property 'tokens' does not exist on type 'IUnionTypeResolver | IScalarTypeResolver | IEnumTypeResolver | IInputObjectTypeResolver | ISchemaLevelResolver<...> | IObjectTypeResolver<...> | IInterfaceTypeResolver<...>'.
  Property 'tokens' does not exist on type 'IUnionTypeResolver'.
tests/api/graphql-resolvers.test.ts(801,26): error TS2339: Property 'articles' does not exist on type 'IUnionTypeResolver | IScalarTypeResolver | IEnumTypeResolver | IInputObjectTypeResolver | ISchemaLevelResolver<...> | IObjectTypeResolver<...> | IInterfaceTypeResolver<...>'.
  Property 'articles' does not exist on type 'IUnionTypeResolver'.
tests/api/graphql-resolvers.test.ts(809,29): error TS2339: Property 'createArticle' does not exist on type 'IUnionTypeResolver | IScalarTypeResolver | IEnumTypeResolver | IInputObjectTypeResolver | ISchemaLevelResolver<...> | IObjectTypeResolver<...> | IInterfaceTypeResolver<...>'.
  Property 'createArticle' does not exist on type 'IUnionTypeResolver'.
tests/api/graphql-resolvers.test.ts(836,29): error TS2339: Property 'updateArticle' does not exist on type 'IUnionTypeResolver | IScalarTypeResolver | IEnumTypeResolver | IInputObjectTypeResolver | ISchemaLevelResolver<...> | IObjectTypeResolver<...> | IInterfaceTypeResolver<...>'.
  Property 'updateArticle' does not exist on type 'IUnionTypeResolver'.
tests/api/graphql-resolvers.test.ts(852,42): error TS2339: Property 'serialize' does not exist on type 'IUnionTypeResolver | IScalarTypeResolver | IEnumTypeResolver | IInputObjectTypeResolver | ISchemaLevelResolver<...> | IObjectTypeResolver<...> | IInterfaceTypeResolver<...>'.
  Property 'serialize' does not exist on type 'IUnionTypeResolver'.
tests/api/graphql-resolvers.test.ts(858,42): error TS2339: Property 'parseValue' does not exist on type 'IUnionTypeResolver | IScalarTypeResolver | IEnumTypeResolver | IInputObjectTypeResolver | ISchemaLevelResolver<...> | IObjectTypeResolver<...> | IInterfaceTypeResolver<...>'.
  Property 'parseValue' does not exist on type 'IUnionTypeResolver'.
tests/api/graphql-resolvers.test.ts(864,42): error TS2339: Property 'serialize' does not exist on type 'IUnionTypeResolver | IScalarTypeResolver | IEnumTypeResolver | IInputObjectTypeResolver | ISchemaLevelResolver<...> | IObjectTypeResolver<...> | IInterfaceTypeResolver<...>'.
  Property 'serialize' does not exist on type 'IUnionTypeResolver'.
tests/api/graphql-resolvers.test.ts(867,38): error TS2339: Property 'parseValue' does not exist on type 'IUnionTypeResolver | IScalarTypeResolver | IEnumTypeResolver | IInputObjectTypeResolver | ISchemaLevelResolver<...> | IObjectTypeResolver<...> | IInterfaceTypeResolver<...>'.
  Property 'parseValue' does not exist on type 'IUnionTypeResolver'.
tests/api/security.test.ts(7,8): error TS1192: Module '"C:/Users/onech/Desktop/news-platform/backend/src/index"' has no default export.
tests/api/security.test.ts(21,9): error TS2353: Object literal may only specify known properties, and 'password' does not exist in type '(Without<UserCreateInput, UserUncheckedCreateInput> & UserUncheckedCreateInput) | (Without<...> & UserCreateInput)'.
tests/api/security.test.ts(30,9): error TS2353: Object literal may only specify known properties, and 'password' does not exist in type '(Without<UserCreateInput, UserUncheckedCreateInput> & UserUncheckedCreateInput) | (Without<...> & UserCreateInput)'.
tests/api/security.test.ts(35,30): error TS2345: Argument of type '{ sub: string; role: string; }' is not assignable to parameter of type '{ [key: string]: any; sub: string; email: string; username: string; role?: string; subscriptionTier?: string; }'.
  Type '{ sub: string; role: string; }' is missing the following properties from type '{ [key: string]: any; sub: string; email: string; username: string; role?: string; subscriptionTier?: string; }': email, username
tests/api/security.test.ts(36,35): error TS2345: Argument of type '{ sub: string; role: string; }' is not assignable to parameter of type '{ [key: string]: any; sub: string; email: string; username: string; role?: string; subscriptionTier?: string; }'.
  Type '{ sub: string; role: string; }' is missing the following properties from type '{ [key: string]: any; sub: string; email: string; username: string; role?: string; subscriptionTier?: string; }': email, username
tests/api/security.test.ts(91,11): error TS2322: Type '{ username: string; }' is not assignable to type 'string'.
tests/api/security.test.ts(185,11): error TS2353: Object literal may only specify known properties, and 'metadata' does not exist in type 'AuditLogWhereInput'.
tests/api/security.test.ts(200,11): error TS2353: Object literal may only specify known properties, and 'blockedBy' does not exist in type '(Without<BlacklistedIPCreateInput, BlacklistedIPUncheckedCreateInput> & BlacklistedIPUncheckedCreateInput) | (Without<...> & BlacklistedIPCreateInput)'.
tests/api/security.test.ts(304,20): error TS2339: Property 'vulnerability' does not exist on type 'PrismaClient<PrismaClientOptions, never, DefaultArgs>'.
tests/load/financeLoadTests.test.ts(1,61): error TS2307: Cannot find module '@jest/testing-library' or its corresponding type declarations.
tests/load/financeLoadTests.test.ts(12,9): error TS2375: Type '{ url: string | undefined; }' is not assignable to type 'Datasource' with 'exactOptionalPropertyTypes: true'. Consider adding 'undefined' to the types of the target's properties.
  Types of property 'url' are incompatible.
    Type 'string | undefined' is not assignable to type 'string'.
      Type 'undefined' is not assignable to type 'string'.
tests/load/financeLoadTests.test.ts(25,11): error TS2322: Type 'true' is not assignable to type 'string | FieldRef<"WalletTransaction", "String"> | null | undefined'.
tests/load/financeLoadTests.test.ts(369,14): error TS2532: Object is possibly 'undefined'.
tests/load/financeLoadTests.test.ts(369,53): error TS2532: Object is possibly 'undefined'.
tests/load/financeLoadTests.test.ts(370,14): error TS2532: Object is possibly 'undefined'.
tests/load/financeLoadTests.test.ts(370,53): error TS2532: Object is possibly 'undefined'.
tests/load/financeLoadTests.test.ts(407,59): error TS2345: Argument of type '{ duration: number; concurrentUsers: number; transactionsPerUser: number; rampUpTime: number; testScenarios: ({ name: string; weight: number; operations: { type: "STAKE"; frequency: number; payload: { ...; }; }[]; } | { ...; })[]; }' is not assignable to parameter of type 'LoadTestConfig'.
  Types of property 'testScenarios' are incompatible.
    Type '({ name: string; weight: number; operations: { type: "STAKE"; frequency: number; payload: { amount: number; duration: number; }; }[]; } | { name: string; weight: number; operations: { type: "UNSTAKE"; frequency: number; payload: { ...; }; }[]; })[]' is not assignable to type 'LoadTestScenario[]'.
      Type '{ name: string; weight: number; operations: { type: "STAKE"; frequency: number; payload: { amount: number; duration: number; }; }[]; } | { name: string; weight: number; operations: { type: "UNSTAKE"; frequency: number; payload: { ...; }; }[]; }' is not assignable to type 'LoadTestScenario'.
        Type '{ name: string; weight: number; operations: { type: "UNSTAKE"; frequency: number; payload: { amount: number; }; }[]; }' is not assignable to type 'LoadTestScenario'.
          Types of property 'operations' are incompatible.
            Type '{ type: "UNSTAKE"; frequency: number; payload: { amount: number; }; }[]' is not assignable to type '{ type: "TRANSFER" | "REWARD" | "STAKE" | "CONVERSION"; frequency: number; payload: any; }[]'.
              Type '{ type: "UNSTAKE"; frequency: number; payload: { amount: number; }; }' is not assignable to type '{ type: "TRANSFER" | "REWARD" | "STAKE" | "CONVERSION"; frequency: number; payload: any; }'.
                Types of property 'type' are incompatible.
                  Type '"UNSTAKE"' is not assignable to type '"TRANSFER" | "REWARD" | "STAKE" | "CONVERSION"'. Did you mean '"STAKE"'?
tests/middleware/auth-simple.test.ts(20,5): error TS2375: Type '{ headers: {}; user: undefined; }' is not assignable to type 'Partial<Request<ParamsDictionary, any, any, ParsedQs, Record<string, any>>>' with 'exactOptionalPropertyTypes: true'. Consider adding 'undefined' to the types of the target's properties.
  Types of property 'user' are incompatible.
    Type 'undefined' is not assignable to type '{ id: string; email: string; username: string; role: string; subscriptionTier: string; status: string; emailVerified: boolean; }'.
tests/middleware/auth-simple.test.ts(53,67): error TS2345: Argument of type '{ id: string; email: string; username: string; subscriptionTier: string; emailVerified: boolean; status: string; }' is not assignable to parameter of type 'AuthenticatedUser | Promise<AuthenticatedUser>'.
  Property 'role' is missing in type '{ id: string; email: string; username: string; subscriptionTier: string; emailVerified: boolean; status: string; }' but required in type 'AuthenticatedUser'.
tests/middleware/auth-simple.test.ts(141,7): error TS2412: Type 'undefined' is not assignable to type '{ id: string; email: string; username: string; role: string; subscriptionTier: string; status: string; emailVerified: boolean; }' with 'exactOptionalPropertyTypes: true'. Consider adding 'undefined' to the type of the target.
tests/middleware/auth.test.ts(55,7): error TS2304: Cannot find name 'mockJwt'.
tests/middleware/auth.test.ts(56,7): error TS2304: Cannot find name 'mockPrisma'.
tests/middleware/auth.test.ts(105,7): error TS2304: Cannot find name 'mockJwt'.
tests/middleware/auth.test.ts(139,7): error TS2304: Cannot find name 'mockJwt'.
tests/middleware/auth.test.ts(140,7): error TS2304: Cannot find name 'mockPrisma'.
tests/middleware/auth.test.ts(163,7): error TS2304: Cannot find name 'mockJwt'.
tests/middleware/auth.test.ts(164,7): error TS2304: Cannot find name 'mockPrisma'.
tests/middleware/auth.test.ts(185,7): error TS2741: Property 'role' is missing in type '{ id: string; email: string; username: string; subscriptionTier: string; status: string; emailVerified: true; }' but required in type '{ id: string; email: string; username: string; role: string; subscriptionTier: string; status: string; emailVerified: boolean; }'.
tests/middleware/auth.test.ts(201,7): error TS2741: Property 'role' is missing in type '{ id: string; email: string; username: string; subscriptionTier: string; status: string; emailVerified: true; }' but required in type '{ id: string; email: string; username: string; role: string; subscriptionTier: string; status: string; emailVerified: boolean; }'.
tests/middleware/auth.test.ts(217,7): error TS2741: Property 'role' is missing in type '{ id: string; email: string; username: string; subscriptionTier: string; status: string; emailVerified: true; }' but required in type '{ id: string; email: string; username: string; role: string; subscriptionTier: string; status: string; emailVerified: boolean; }'.
tests/middleware/auth.test.ts(260,7): error TS2741: Property 'role' is missing in type '{ id: string; email: string; username: string; subscriptionTier: string; status: string; emailVerified: true; }' but required in type '{ id: string; email: string; username: string; role: string; subscriptionTier: string; status: string; emailVerified: boolean; }'.
tests/middleware/auth.test.ts(279,7): error TS2741: Property 'role' is missing in type '{ id: string; email: string; username: string; subscriptionTier: string; status: string; emailVerified: false; }' but required in type '{ id: string; email: string; username: string; role: string; subscriptionTier: string; status: string; emailVerified: boolean; }'.
tests/services/cmsService.test.ts(609,21): error TS2339: Property 'translations' does not exist on type '{ status: string; aiGenerated: boolean | null; tags: string | null; priority: string; id: string; createdAt: Date; updatedAt: Date; metadata: string | null; title: string; excerpt: string; ... 16 more ...; deletedAt: Date | null; } & { ...; }'.
tests/services/cmsService.test.ts(610,21): error TS2339: Property 'translations' does not exist on type '{ status: string; aiGenerated: boolean | null; tags: string | null; priority: string; id: string; createdAt: Date; updatedAt: Date; metadata: string | null; title: string; excerpt: string; ... 16 more ...; deletedAt: Date | null; } & { ...; }'.
tests/services/cmsService.test.ts(610,38): error TS7006: Parameter 't' implicitly has an 'any' type.
tests/services/cmsService.test.ts(611,21): error TS2339: Property 'translations' does not exist on type '{ status: string; aiGenerated: boolean | null; tags: string | null; priority: string; id: string; createdAt: Date; updatedAt: Date; metadata: string | null; title: string; excerpt: string; ... 16 more ...; deletedAt: Date | null; } & { ...; }'.
tests/services/cmsService.test.ts(611,38): error TS7006: Parameter 't' implicitly has an 'any' type.
tests/websocket/message-queue.test.ts(128,14): error TS2532: Object is possibly 'undefined'.
tests/websocket/message-queue.test.ts(129,14): error TS2532: Object is possibly 'undefined'.
tests/websocket/message-queue.test.ts(165,14): error TS2532: Object is possibly 'undefined'.
tests/websocket/message-queue.test.ts(188,14): error TS2532: Object is possibly 'undefined'.
tests/websocket/websocket-server.test.ts(219,28): error TS2554: Expected 1 arguments, but got 0.
tests/websocket/websocket-server.test.ts(237,14): error TS2532: Object is possibly 'undefined'.
tests/websocket/websocket-server.test.ts(345,19): error TS2554: Expected 3 arguments, but got 2.
